The target system is: Android - 16 - armv7-a
The host system is: Darwin - 16.7.0 - x86_64
Compiling the C compiler identification source file "CMakeCCompilerId.c" succeeded.
Compiler: /Users/ceinfo/Library/Android/sdk/ndk-bundle/toolchains/llvm/prebuilt/darwin-x86_64/bin/clang 
Build flags: 
Id flags: 

The output was:
0


Compilation of the C compiler identification source "CMakeCCompilerId.c" produced "a.out"

The C compiler identification is Clang, found in "/Users/ceinfo/LinPhoneAndroidProject/linphone-android/WORK/android-armv7/Build/bzrtp/CMakeFiles/3.7.0-rc1/CompilerIdC/a.out"

Compiling the CXX compiler identification source file "CMakeCXXCompilerId.cpp" succeeded.
Compiler: /Users/ceinfo/Library/Android/sdk/ndk-bundle/toolchains/llvm/prebuilt/darwin-x86_64/bin/clang++ 
Build flags: 
Id flags: 

The output was:
0


Compilation of the CXX compiler identification source "CMakeCXXCompilerId.cpp" produced "a.out"

The CXX compiler identification is Clang, found in "/Users/ceinfo/LinPhoneAndroidProject/linphone-android/WORK/android-armv7/Build/bzrtp/CMakeFiles/3.7.0-rc1/CompilerIdCXX/a.out"

Determining if the C compiler works passed with the following output:
Change Dir: /Users/ceinfo/LinPhoneAndroidProject/linphone-android/WORK/android-armv7/Build/bzrtp/CMakeFiles/CMakeTmp

Run Build Command:"/usr/bin/make" "cmTC_81260/fast"
/Applications/Xcode.app/Contents/Developer/usr/bin/make -f CMakeFiles/cmTC_81260.dir/build.make CMakeFiles/cmTC_81260.dir/build
Building C object CMakeFiles/cmTC_81260.dir/testCCompiler.c.o
/Users/ceinfo/Library/Android/sdk/ndk-bundle/toolchains/llvm/prebuilt/darwin-x86_64/bin/clang  --target=armv7-none-linux-androideabi --gcc-toolchain=/Users/ceinfo/Library/Android/sdk/ndk-bundle/toolchains/arm-linux-androideabi-4.9/prebuilt/darwin-x86_64 --sysroot=/Users/ceinfo/Library/Android/sdk/ndk-bundle/platforms/android-16/arch-arm   -march=armv7-a -mthumb -mfpu=neon -mfloat-abi=softfp -fpic -funwind-tables -no-canonical-prefixes -fexceptions  -g   -o CMakeFiles/cmTC_81260.dir/testCCompiler.c.o   -c /Users/ceinfo/LinPhoneAndroidProject/linphone-android/WORK/android-armv7/Build/bzrtp/CMakeFiles/CMakeTmp/testCCompiler.c
Linking C executable cmTC_81260
/Applications/CMake.app/Contents/bin/cmake -E cmake_link_script CMakeFiles/cmTC_81260.dir/link.txt --verbose=1
/Users/ceinfo/Library/Android/sdk/ndk-bundle/toolchains/llvm/prebuilt/darwin-x86_64/bin/clang  --target=armv7-none-linux-androideabi --gcc-toolchain=/Users/ceinfo/Library/Android/sdk/ndk-bundle/toolchains/arm-linux-androideabi-4.9/prebuilt/darwin-x86_64 --sysroot=/Users/ceinfo/Library/Android/sdk/ndk-bundle/platforms/android-16/arch-arm -march=armv7-a -mthumb -mfpu=neon -mfloat-abi=softfp -fpic -funwind-tables -no-canonical-prefixes -fexceptions  -g  -Wl,--fix-cortex-a8  CMakeFiles/cmTC_81260.dir/testCCompiler.c.o  -o cmTC_81260  


Detecting C compiler ABI info compiled with the following output:
Change Dir: /Users/ceinfo/LinPhoneAndroidProject/linphone-android/WORK/android-armv7/Build/bzrtp/CMakeFiles/CMakeTmp

Run Build Command:"/usr/bin/make" "cmTC_f2b27/fast"
/Applications/Xcode.app/Contents/Developer/usr/bin/make -f CMakeFiles/cmTC_f2b27.dir/build.make CMakeFiles/cmTC_f2b27.dir/build
Building C object CMakeFiles/cmTC_f2b27.dir/CMakeCCompilerABI.c.o
/Users/ceinfo/Library/Android/sdk/ndk-bundle/toolchains/llvm/prebuilt/darwin-x86_64/bin/clang  --target=armv7-none-linux-androideabi --gcc-toolchain=/Users/ceinfo/Library/Android/sdk/ndk-bundle/toolchains/arm-linux-androideabi-4.9/prebuilt/darwin-x86_64 --sysroot=/Users/ceinfo/Library/Android/sdk/ndk-bundle/platforms/android-16/arch-arm   -march=armv7-a -mthumb -mfpu=neon -mfloat-abi=softfp -fpic -funwind-tables -no-canonical-prefixes -fexceptions  -g   -o CMakeFiles/cmTC_f2b27.dir/CMakeCCompilerABI.c.o   -c /Applications/CMake.app/Contents/share/cmake-3.7/Modules/CMakeCCompilerABI.c
Linking C executable cmTC_f2b27
/Applications/CMake.app/Contents/bin/cmake -E cmake_link_script CMakeFiles/cmTC_f2b27.dir/link.txt --verbose=1
/Users/ceinfo/Library/Android/sdk/ndk-bundle/toolchains/llvm/prebuilt/darwin-x86_64/bin/clang  --target=armv7-none-linux-androideabi --gcc-toolchain=/Users/ceinfo/Library/Android/sdk/ndk-bundle/toolchains/arm-linux-androideabi-4.9/prebuilt/darwin-x86_64 --sysroot=/Users/ceinfo/Library/Android/sdk/ndk-bundle/platforms/android-16/arch-arm -march=armv7-a -mthumb -mfpu=neon -mfloat-abi=softfp -fpic -funwind-tables -no-canonical-prefixes -fexceptions  -g  -Wl,--fix-cortex-a8 -v CMakeFiles/cmTC_f2b27.dir/CMakeCCompilerABI.c.o  -o cmTC_f2b27   
Android clang version 5.0.300080  (based on LLVM 5.0.300080)
Target: armv7-none-linux-android
Thread model: posix
InstalledDir: /Users/ceinfo/Library/Android/sdk/ndk-bundle/toolchains/llvm/prebuilt/darwin-x86_64/bin
Found candidate GCC installation: /Users/ceinfo/Library/Android/sdk/ndk-bundle/toolchains/arm-linux-androideabi-4.9/prebuilt/darwin-x86_64/lib/gcc/arm-linux-androideabi/4.9.x
Selected GCC installation: /Users/ceinfo/Library/Android/sdk/ndk-bundle/toolchains/arm-linux-androideabi-4.9/prebuilt/darwin-x86_64/lib/gcc/arm-linux-androideabi/4.9.x
Candidate multilib: thumb;@thumb
Candidate multilib: armv7-a;@armv7
Candidate multilib: armv7-a/thumb;@armv7@thumb
Candidate multilib: .;
Selected multilib: armv7-a/thumb;@armv7@thumb
 "/Users/ceinfo/Library/Android/sdk/ndk-bundle/toolchains/arm-linux-androideabi-4.9/prebuilt/darwin-x86_64/lib/gcc/arm-linux-androideabi/4.9.x/../../../../arm-linux-androideabi/bin/ld" --sysroot=/Users/ceinfo/Library/Android/sdk/ndk-bundle/platforms/android-16/arch-arm -X --eh-frame-hdr -m armelf_linux_eabi -dynamic-linker /system/bin/linker -o cmTC_f2b27 /Users/ceinfo/Library/Android/sdk/ndk-bundle/platforms/android-16/arch-arm/usr/lib/../lib/crtbegin_dynamic.o -L/Users/ceinfo/Library/Android/sdk/ndk-bundle/toolchains/llvm/prebuilt/darwin-x86_64/lib64/clang/5.0.300080/lib/linux/arm -L/Users/ceinfo/Library/Android/sdk/ndk-bundle/toolchains/arm-linux-androideabi-4.9/prebuilt/darwin-x86_64/lib/gcc/arm-linux-androideabi/4.9.x/armv7-a/thumb -L/Users/ceinfo/Library/Android/sdk/ndk-bundle/toolchains/arm-linux-androideabi-4.9/prebuilt/darwin-x86_64/lib/gcc/arm-linux-androideabi/4.9.x/../../../../arm-linux-androideabi/lib/../lib/armv7-a/thumb -L/Users/ceinfo/Library/Android/sdk/ndk-bundle/platforms/android-16/arch-arm/usr/lib/../lib -L/Users/ceinfo/Library/Android/sdk/ndk-bundle/toolchains/arm-linux-androideabi-4.9/prebuilt/darwin-x86_64/lib/gcc/arm-linux-androideabi/4.9.x/../../../../arm-linux-androideabi/lib/armv7-a/thumb -L/Users/ceinfo/Library/Android/sdk/ndk-bundle/platforms/android-16/arch-arm/usr/lib --fix-cortex-a8 CMakeFiles/cmTC_f2b27.dir/CMakeCCompilerABI.c.o -lgcc -ldl -lc -lgcc -ldl /Users/ceinfo/Library/Android/sdk/ndk-bundle/platforms/android-16/arch-arm/usr/lib/../lib/crtend_android.o


Parsed C implicit link information from above output:
  link line regex: [^( *|.*[/\])(arm-linux-androideabi-ld|([^/\]+-)?ld|collect2)[^/\]*( |$)]
  ignore line: [Change Dir: /Users/ceinfo/LinPhoneAndroidProject/linphone-android/WORK/android-armv7/Build/bzrtp/CMakeFiles/CMakeTmp]
  ignore line: []
  ignore line: [Run Build Command:"/usr/bin/make" "cmTC_f2b27/fast"]
  ignore line: [/Applications/Xcode.app/Contents/Developer/usr/bin/make -f CMakeFiles/cmTC_f2b27.dir/build.make CMakeFiles/cmTC_f2b27.dir/build]
  ignore line: [Building C object CMakeFiles/cmTC_f2b27.dir/CMakeCCompilerABI.c.o]
  ignore line: [/Users/ceinfo/Library/Android/sdk/ndk-bundle/toolchains/llvm/prebuilt/darwin-x86_64/bin/clang  --target=armv7-none-linux-androideabi --gcc-toolchain=/Users/ceinfo/Library/Android/sdk/ndk-bundle/toolchains/arm-linux-androideabi-4.9/prebuilt/darwin-x86_64 --sysroot=/Users/ceinfo/Library/Android/sdk/ndk-bundle/platforms/android-16/arch-arm   -march=armv7-a -mthumb -mfpu=neon -mfloat-abi=softfp -fpic -funwind-tables -no-canonical-prefixes -fexceptions  -g   -o CMakeFiles/cmTC_f2b27.dir/CMakeCCompilerABI.c.o   -c /Applications/CMake.app/Contents/share/cmake-3.7/Modules/CMakeCCompilerABI.c]
  ignore line: [Linking C executable cmTC_f2b27]
  ignore line: [/Applications/CMake.app/Contents/bin/cmake -E cmake_link_script CMakeFiles/cmTC_f2b27.dir/link.txt --verbose=1]
  ignore line: [/Users/ceinfo/Library/Android/sdk/ndk-bundle/toolchains/llvm/prebuilt/darwin-x86_64/bin/clang  --target=armv7-none-linux-androideabi --gcc-toolchain=/Users/ceinfo/Library/Android/sdk/ndk-bundle/toolchains/arm-linux-androideabi-4.9/prebuilt/darwin-x86_64 --sysroot=/Users/ceinfo/Library/Android/sdk/ndk-bundle/platforms/android-16/arch-arm -march=armv7-a -mthumb -mfpu=neon -mfloat-abi=softfp -fpic -funwind-tables -no-canonical-prefixes -fexceptions  -g  -Wl,--fix-cortex-a8 -v CMakeFiles/cmTC_f2b27.dir/CMakeCCompilerABI.c.o  -o cmTC_f2b27   ]
  ignore line: [Android clang version 5.0.300080  (based on LLVM 5.0.300080)]
  ignore line: [Target: armv7-none-linux-android]
  ignore line: [Thread model: posix]
  ignore line: [InstalledDir: /Users/ceinfo/Library/Android/sdk/ndk-bundle/toolchains/llvm/prebuilt/darwin-x86_64/bin]
  ignore line: [Found candidate GCC installation: /Users/ceinfo/Library/Android/sdk/ndk-bundle/toolchains/arm-linux-androideabi-4.9/prebuilt/darwin-x86_64/lib/gcc/arm-linux-androideabi/4.9.x]
  ignore line: [Selected GCC installation: /Users/ceinfo/Library/Android/sdk/ndk-bundle/toolchains/arm-linux-androideabi-4.9/prebuilt/darwin-x86_64/lib/gcc/arm-linux-androideabi/4.9.x]
  ignore line: [Candidate multilib: thumb]
  ignore line: [@thumb]
  ignore line: [Candidate multilib: armv7-a]
  ignore line: [@armv7]
  ignore line: [Candidate multilib: armv7-a/thumb]
  ignore line: [@armv7@thumb]
  ignore line: [Candidate multilib: .]
  ignore line: []
  ignore line: [Selected multilib: armv7-a/thumb]
  ignore line: [@armv7@thumb]
  link line: [ "/Users/ceinfo/Library/Android/sdk/ndk-bundle/toolchains/arm-linux-androideabi-4.9/prebuilt/darwin-x86_64/lib/gcc/arm-linux-androideabi/4.9.x/../../../../arm-linux-androideabi/bin/ld" --sysroot=/Users/ceinfo/Library/Android/sdk/ndk-bundle/platforms/android-16/arch-arm -X --eh-frame-hdr -m armelf_linux_eabi -dynamic-linker /system/bin/linker -o cmTC_f2b27 /Users/ceinfo/Library/Android/sdk/ndk-bundle/platforms/android-16/arch-arm/usr/lib/../lib/crtbegin_dynamic.o -L/Users/ceinfo/Library/Android/sdk/ndk-bundle/toolchains/llvm/prebuilt/darwin-x86_64/lib64/clang/5.0.300080/lib/linux/arm -L/Users/ceinfo/Library/Android/sdk/ndk-bundle/toolchains/arm-linux-androideabi-4.9/prebuilt/darwin-x86_64/lib/gcc/arm-linux-androideabi/4.9.x/armv7-a/thumb -L/Users/ceinfo/Library/Android/sdk/ndk-bundle/toolchains/arm-linux-androideabi-4.9/prebuilt/darwin-x86_64/lib/gcc/arm-linux-androideabi/4.9.x/../../../../arm-linux-androideabi/lib/../lib/armv7-a/thumb -L/Users/ceinfo/Library/Android/sdk/ndk-bundle/platforms/android-16/arch-arm/usr/lib/../lib -L/Users/ceinfo/Library/Android/sdk/ndk-bundle/toolchains/arm-linux-androideabi-4.9/prebuilt/darwin-x86_64/lib/gcc/arm-linux-androideabi/4.9.x/../../../../arm-linux-androideabi/lib/armv7-a/thumb -L/Users/ceinfo/Library/Android/sdk/ndk-bundle/platforms/android-16/arch-arm/usr/lib --fix-cortex-a8 CMakeFiles/cmTC_f2b27.dir/CMakeCCompilerABI.c.o -lgcc -ldl -lc -lgcc -ldl /Users/ceinfo/Library/Android/sdk/ndk-bundle/platforms/android-16/arch-arm/usr/lib/../lib/crtend_android.o]
    arg [/Users/ceinfo/Library/Android/sdk/ndk-bundle/toolchains/arm-linux-androideabi-4.9/prebuilt/darwin-x86_64/lib/gcc/arm-linux-androideabi/4.9.x/../../../../arm-linux-androideabi/bin/ld] ==> ignore
    arg [--sysroot=/Users/ceinfo/Library/Android/sdk/ndk-bundle/platforms/android-16/arch-arm] ==> ignore
    arg [-X] ==> ignore
    arg [--eh-frame-hdr] ==> ignore
    arg [-m] ==> ignore
    arg [armelf_linux_eabi] ==> ignore
    arg [-dynamic-linker] ==> ignore
    arg [/system/bin/linker] ==> ignore
    arg [-o] ==> ignore
    arg [cmTC_f2b27] ==> ignore
    arg [/Users/ceinfo/Library/Android/sdk/ndk-bundle/platforms/android-16/arch-arm/usr/lib/../lib/crtbegin_dynamic.o] ==> ignore
    arg [-L/Users/ceinfo/Library/Android/sdk/ndk-bundle/toolchains/llvm/prebuilt/darwin-x86_64/lib64/clang/5.0.300080/lib/linux/arm] ==> dir [/Users/ceinfo/Library/Android/sdk/ndk-bundle/toolchains/llvm/prebuilt/darwin-x86_64/lib64/clang/5.0.300080/lib/linux/arm]
    arg [-L/Users/ceinfo/Library/Android/sdk/ndk-bundle/toolchains/arm-linux-androideabi-4.9/prebuilt/darwin-x86_64/lib/gcc/arm-linux-androideabi/4.9.x/armv7-a/thumb] ==> dir [/Users/ceinfo/Library/Android/sdk/ndk-bundle/toolchains/arm-linux-androideabi-4.9/prebuilt/darwin-x86_64/lib/gcc/arm-linux-androideabi/4.9.x/armv7-a/thumb]
    arg [-L/Users/ceinfo/Library/Android/sdk/ndk-bundle/toolchains/arm-linux-androideabi-4.9/prebuilt/darwin-x86_64/lib/gcc/arm-linux-androideabi/4.9.x/../../../../arm-linux-androideabi/lib/../lib/armv7-a/thumb] ==> dir [/Users/ceinfo/Library/Android/sdk/ndk-bundle/toolchains/arm-linux-androideabi-4.9/prebuilt/darwin-x86_64/lib/gcc/arm-linux-androideabi/4.9.x/../../../../arm-linux-androideabi/lib/../lib/armv7-a/thumb]
    arg [-L/Users/ceinfo/Library/Android/sdk/ndk-bundle/platforms/android-16/arch-arm/usr/lib/../lib] ==> dir [/Users/ceinfo/Library/Android/sdk/ndk-bundle/platforms/android-16/arch-arm/usr/lib/../lib]
    arg [-L/Users/ceinfo/Library/Android/sdk/ndk-bundle/toolchains/arm-linux-androideabi-4.9/prebuilt/darwin-x86_64/lib/gcc/arm-linux-androideabi/4.9.x/../../../../arm-linux-androideabi/lib/armv7-a/thumb] ==> dir [/Users/ceinfo/Library/Android/sdk/ndk-bundle/toolchains/arm-linux-androideabi-4.9/prebuilt/darwin-x86_64/lib/gcc/arm-linux-androideabi/4.9.x/../../../../arm-linux-androideabi/lib/armv7-a/thumb]
    arg [-L/Users/ceinfo/Library/Android/sdk/ndk-bundle/platforms/android-16/arch-arm/usr/lib] ==> dir [/Users/ceinfo/Library/Android/sdk/ndk-bundle/platforms/android-16/arch-arm/usr/lib]
    arg [--fix-cortex-a8] ==> ignore
    arg [CMakeFiles/cmTC_f2b27.dir/CMakeCCompilerABI.c.o] ==> ignore
    arg [-lgcc] ==> lib [gcc]
    arg [-ldl] ==> lib [dl]
    arg [-lc] ==> lib [c]
    arg [-lgcc] ==> lib [gcc]
    arg [-ldl] ==> lib [dl]
    arg [/Users/ceinfo/Library/Android/sdk/ndk-bundle/platforms/android-16/arch-arm/usr/lib/../lib/crtend_android.o] ==> ignore
  remove lib [gcc]
  remove lib [gcc]
  collapse library dir [/Users/ceinfo/Library/Android/sdk/ndk-bundle/toolchains/llvm/prebuilt/darwin-x86_64/lib64/clang/5.0.300080/lib/linux/arm] ==> [/Users/ceinfo/Library/Android/sdk/ndk-bundle/toolchains/llvm/prebuilt/darwin-x86_64/lib64/clang/5.0.300080/lib/linux/arm]
  collapse library dir [/Users/ceinfo/Library/Android/sdk/ndk-bundle/toolchains/arm-linux-androideabi-4.9/prebuilt/darwin-x86_64/lib/gcc/arm-linux-androideabi/4.9.x/armv7-a/thumb] ==> [/Users/ceinfo/Library/Android/sdk/ndk-bundle/toolchains/arm-linux-androideabi-4.9/prebuilt/darwin-x86_64/lib/gcc/arm-linux-androideabi/4.9.x/armv7-a/thumb]
  collapse library dir [/Users/ceinfo/Library/Android/sdk/ndk-bundle/toolchains/arm-linux-androideabi-4.9/prebuilt/darwin-x86_64/lib/gcc/arm-linux-androideabi/4.9.x/../../../../arm-linux-androideabi/lib/../lib/armv7-a/thumb] ==> [/Users/ceinfo/Library/Android/sdk/ndk-bundle/toolchains/arm-linux-androideabi-4.9/prebuilt/darwin-x86_64/arm-linux-androideabi/lib/armv7-a/thumb]
  collapse library dir [/Users/ceinfo/Library/Android/sdk/ndk-bundle/platforms/android-16/arch-arm/usr/lib/../lib] ==> [/Users/ceinfo/Library/Android/sdk/ndk-bundle/platforms/android-16/arch-arm/usr/lib]
  collapse library dir [/Users/ceinfo/Library/Android/sdk/ndk-bundle/toolchains/arm-linux-androideabi-4.9/prebuilt/darwin-x86_64/lib/gcc/arm-linux-androideabi/4.9.x/../../../../arm-linux-androideabi/lib/armv7-a/thumb] ==> [/Users/ceinfo/Library/Android/sdk/ndk-bundle/toolchains/arm-linux-androideabi-4.9/prebuilt/darwin-x86_64/arm-linux-androideabi/lib/armv7-a/thumb]
  collapse library dir [/Users/ceinfo/Library/Android/sdk/ndk-bundle/platforms/android-16/arch-arm/usr/lib] ==> [/Users/ceinfo/Library/Android/sdk/ndk-bundle/platforms/android-16/arch-arm/usr/lib]
  implicit libs: [dl;c;dl]
  implicit dirs: [/Users/ceinfo/Library/Android/sdk/ndk-bundle/toolchains/llvm/prebuilt/darwin-x86_64/lib64/clang/5.0.300080/lib/linux/arm;/Users/ceinfo/Library/Android/sdk/ndk-bundle/toolchains/arm-linux-androideabi-4.9/prebuilt/darwin-x86_64/lib/gcc/arm-linux-androideabi/4.9.x/armv7-a/thumb;/Users/ceinfo/Library/Android/sdk/ndk-bundle/toolchains/arm-linux-androideabi-4.9/prebuilt/darwin-x86_64/arm-linux-androideabi/lib/armv7-a/thumb;/Users/ceinfo/Library/Android/sdk/ndk-bundle/platforms/android-16/arch-arm/usr/lib]
  implicit fwks: []




Detecting C [-std=c11] compiler features compiled with the following output:
Change Dir: /Users/ceinfo/LinPhoneAndroidProject/linphone-android/WORK/android-armv7/Build/bzrtp/CMakeFiles/CMakeTmp

Run Build Command:"/usr/bin/make" "cmTC_94aa6/fast"
/Applications/Xcode.app/Contents/Developer/usr/bin/make -f CMakeFiles/cmTC_94aa6.dir/build.make CMakeFiles/cmTC_94aa6.dir/build
Building C object CMakeFiles/cmTC_94aa6.dir/feature_tests.c.o
/Users/ceinfo/Library/Android/sdk/ndk-bundle/toolchains/llvm/prebuilt/darwin-x86_64/bin/clang  --target=armv7-none-linux-androideabi --gcc-toolchain=/Users/ceinfo/Library/Android/sdk/ndk-bundle/toolchains/arm-linux-androideabi-4.9/prebuilt/darwin-x86_64 --sysroot=/Users/ceinfo/Library/Android/sdk/ndk-bundle/platforms/android-16/arch-arm   -march=armv7-a -mthumb -mfpu=neon -mfloat-abi=softfp -fpic -funwind-tables -no-canonical-prefixes -fexceptions  -g   -std=c11 -o CMakeFiles/cmTC_94aa6.dir/feature_tests.c.o   -c /Users/ceinfo/LinPhoneAndroidProject/linphone-android/WORK/android-armv7/Build/bzrtp/CMakeFiles/feature_tests.c
Linking C executable cmTC_94aa6
/Applications/CMake.app/Contents/bin/cmake -E cmake_link_script CMakeFiles/cmTC_94aa6.dir/link.txt --verbose=1
/Users/ceinfo/Library/Android/sdk/ndk-bundle/toolchains/llvm/prebuilt/darwin-x86_64/bin/clang  --target=armv7-none-linux-androideabi --gcc-toolchain=/Users/ceinfo/Library/Android/sdk/ndk-bundle/toolchains/arm-linux-androideabi-4.9/prebuilt/darwin-x86_64 --sysroot=/Users/ceinfo/Library/Android/sdk/ndk-bundle/platforms/android-16/arch-arm -march=armv7-a -mthumb -mfpu=neon -mfloat-abi=softfp -fpic -funwind-tables -no-canonical-prefixes -fexceptions  -g  -Wl,--fix-cortex-a8  CMakeFiles/cmTC_94aa6.dir/feature_tests.c.o  -o cmTC_94aa6  


    Feature record: C_FEATURE:1c_function_prototypes
    Feature record: C_FEATURE:1c_restrict
    Feature record: C_FEATURE:1c_static_assert
    Feature record: C_FEATURE:1c_variadic_macros


Detecting C [-std=c99] compiler features compiled with the following output:
Change Dir: /Users/ceinfo/LinPhoneAndroidProject/linphone-android/WORK/android-armv7/Build/bzrtp/CMakeFiles/CMakeTmp

Run Build Command:"/usr/bin/make" "cmTC_10e60/fast"
/Applications/Xcode.app/Contents/Developer/usr/bin/make -f CMakeFiles/cmTC_10e60.dir/build.make CMakeFiles/cmTC_10e60.dir/build
Building C object CMakeFiles/cmTC_10e60.dir/feature_tests.c.o
/Users/ceinfo/Library/Android/sdk/ndk-bundle/toolchains/llvm/prebuilt/darwin-x86_64/bin/clang  --target=armv7-none-linux-androideabi --gcc-toolchain=/Users/ceinfo/Library/Android/sdk/ndk-bundle/toolchains/arm-linux-androideabi-4.9/prebuilt/darwin-x86_64 --sysroot=/Users/ceinfo/Library/Android/sdk/ndk-bundle/platforms/android-16/arch-arm   -march=armv7-a -mthumb -mfpu=neon -mfloat-abi=softfp -fpic -funwind-tables -no-canonical-prefixes -fexceptions  -g   -std=c99 -o CMakeFiles/cmTC_10e60.dir/feature_tests.c.o   -c /Users/ceinfo/LinPhoneAndroidProject/linphone-android/WORK/android-armv7/Build/bzrtp/CMakeFiles/feature_tests.c
Linking C executable cmTC_10e60
/Applications/CMake.app/Contents/bin/cmake -E cmake_link_script CMakeFiles/cmTC_10e60.dir/link.txt --verbose=1
/Users/ceinfo/Library/Android/sdk/ndk-bundle/toolchains/llvm/prebuilt/darwin-x86_64/bin/clang  --target=armv7-none-linux-androideabi --gcc-toolchain=/Users/ceinfo/Library/Android/sdk/ndk-bundle/toolchains/arm-linux-androideabi-4.9/prebuilt/darwin-x86_64 --sysroot=/Users/ceinfo/Library/Android/sdk/ndk-bundle/platforms/android-16/arch-arm -march=armv7-a -mthumb -mfpu=neon -mfloat-abi=softfp -fpic -funwind-tables -no-canonical-prefixes -fexceptions  -g  -Wl,--fix-cortex-a8  CMakeFiles/cmTC_10e60.dir/feature_tests.c.o  -o cmTC_10e60  


    Feature record: C_FEATURE:1c_function_prototypes
    Feature record: C_FEATURE:1c_restrict
    Feature record: C_FEATURE:0c_static_assert
    Feature record: C_FEATURE:1c_variadic_macros


Detecting C [-std=c90] compiler features compiled with the following output:
Change Dir: /Users/ceinfo/LinPhoneAndroidProject/linphone-android/WORK/android-armv7/Build/bzrtp/CMakeFiles/CMakeTmp

Run Build Command:"/usr/bin/make" "cmTC_2da64/fast"
/Applications/Xcode.app/Contents/Developer/usr/bin/make -f CMakeFiles/cmTC_2da64.dir/build.make CMakeFiles/cmTC_2da64.dir/build
Building C object CMakeFiles/cmTC_2da64.dir/feature_tests.c.o
/Users/ceinfo/Library/Android/sdk/ndk-bundle/toolchains/llvm/prebuilt/darwin-x86_64/bin/clang  --target=armv7-none-linux-androideabi --gcc-toolchain=/Users/ceinfo/Library/Android/sdk/ndk-bundle/toolchains/arm-linux-androideabi-4.9/prebuilt/darwin-x86_64 --sysroot=/Users/ceinfo/Library/Android/sdk/ndk-bundle/platforms/android-16/arch-arm   -march=armv7-a -mthumb -mfpu=neon -mfloat-abi=softfp -fpic -funwind-tables -no-canonical-prefixes -fexceptions  -g   -std=c90 -o CMakeFiles/cmTC_2da64.dir/feature_tests.c.o   -c /Users/ceinfo/LinPhoneAndroidProject/linphone-android/WORK/android-armv7/Build/bzrtp/CMakeFiles/feature_tests.c
Linking C executable cmTC_2da64
/Applications/CMake.app/Contents/bin/cmake -E cmake_link_script CMakeFiles/cmTC_2da64.dir/link.txt --verbose=1
/Users/ceinfo/Library/Android/sdk/ndk-bundle/toolchains/llvm/prebuilt/darwin-x86_64/bin/clang  --target=armv7-none-linux-androideabi --gcc-toolchain=/Users/ceinfo/Library/Android/sdk/ndk-bundle/toolchains/arm-linux-androideabi-4.9/prebuilt/darwin-x86_64 --sysroot=/Users/ceinfo/Library/Android/sdk/ndk-bundle/platforms/android-16/arch-arm -march=armv7-a -mthumb -mfpu=neon -mfloat-abi=softfp -fpic -funwind-tables -no-canonical-prefixes -fexceptions  -g  -Wl,--fix-cortex-a8  CMakeFiles/cmTC_2da64.dir/feature_tests.c.o  -o cmTC_2da64  


    Feature record: C_FEATURE:1c_function_prototypes
    Feature record: C_FEATURE:0c_restrict
    Feature record: C_FEATURE:0c_static_assert
    Feature record: C_FEATURE:0c_variadic_macros
Determining if the CXX compiler works passed with the following output:
Change Dir: /Users/ceinfo/LinPhoneAndroidProject/linphone-android/WORK/android-armv7/Build/bzrtp/CMakeFiles/CMakeTmp

Run Build Command:"/usr/bin/make" "cmTC_d2a8f/fast"
/Applications/Xcode.app/Contents/Developer/usr/bin/make -f CMakeFiles/cmTC_d2a8f.dir/build.make CMakeFiles/cmTC_d2a8f.dir/build
Building CXX object CMakeFiles/cmTC_d2a8f.dir/testCXXCompiler.cxx.o
/Users/ceinfo/Library/Android/sdk/ndk-bundle/toolchains/llvm/prebuilt/darwin-x86_64/bin/clang++  --target=armv7-none-linux-androideabi --gcc-toolchain=/Users/ceinfo/Library/Android/sdk/ndk-bundle/toolchains/arm-linux-androideabi-4.9/prebuilt/darwin-x86_64 --sysroot=/Users/ceinfo/Library/Android/sdk/ndk-bundle/platforms/android-16/arch-arm   -isystem /Users/ceinfo/Library/Android/sdk/ndk-bundle/sources/cxx-stl/gnu-libstdc++/4.9/include -isystem /Users/ceinfo/Library/Android/sdk/ndk-bundle/sources/cxx-stl/gnu-libstdc++/4.9/libs/armeabi-v7a/include -isystem /Users/ceinfo/Library/Android/sdk/ndk-bundle/sources/cxx-stl/gnu-libstdc++/4.9/include/backward  -march=armv7-a -mthumb -mfpu=neon -mfloat-abi=softfp -fpic -funwind-tables -no-canonical-prefixes -fexceptions -frtti  -g   -o CMakeFiles/cmTC_d2a8f.dir/testCXXCompiler.cxx.o -c /Users/ceinfo/LinPhoneAndroidProject/linphone-android/WORK/android-armv7/Build/bzrtp/CMakeFiles/CMakeTmp/testCXXCompiler.cxx
Linking CXX executable cmTC_d2a8f
/Applications/CMake.app/Contents/bin/cmake -E cmake_link_script CMakeFiles/cmTC_d2a8f.dir/link.txt --verbose=1
/Users/ceinfo/Library/Android/sdk/ndk-bundle/toolchains/llvm/prebuilt/darwin-x86_64/bin/clang++  --target=armv7-none-linux-androideabi --gcc-toolchain=/Users/ceinfo/Library/Android/sdk/ndk-bundle/toolchains/arm-linux-androideabi-4.9/prebuilt/darwin-x86_64 --sysroot=/Users/ceinfo/Library/Android/sdk/ndk-bundle/platforms/android-16/arch-arm  -march=armv7-a -mthumb -mfpu=neon -mfloat-abi=softfp -fpic -funwind-tables -no-canonical-prefixes -fexceptions -frtti  -g  -Wl,--fix-cortex-a8  CMakeFiles/cmTC_d2a8f.dir/testCXXCompiler.cxx.o  -o cmTC_d2a8f   "/Users/ceinfo/Library/Android/sdk/ndk-bundle/sources/cxx-stl/gnu-libstdc++/4.9/libs/armeabi-v7a/libgnustl_shared.so" 


Detecting CXX compiler ABI info compiled with the following output:
Change Dir: /Users/ceinfo/LinPhoneAndroidProject/linphone-android/WORK/android-armv7/Build/bzrtp/CMakeFiles/CMakeTmp

Run Build Command:"/usr/bin/make" "cmTC_17d07/fast"
/Applications/Xcode.app/Contents/Developer/usr/bin/make -f CMakeFiles/cmTC_17d07.dir/build.make CMakeFiles/cmTC_17d07.dir/build
Building CXX object CMakeFiles/cmTC_17d07.dir/CMakeCXXCompilerABI.cpp.o
/Users/ceinfo/Library/Android/sdk/ndk-bundle/toolchains/llvm/prebuilt/darwin-x86_64/bin/clang++  --target=armv7-none-linux-androideabi --gcc-toolchain=/Users/ceinfo/Library/Android/sdk/ndk-bundle/toolchains/arm-linux-androideabi-4.9/prebuilt/darwin-x86_64 --sysroot=/Users/ceinfo/Library/Android/sdk/ndk-bundle/platforms/android-16/arch-arm   -isystem /Users/ceinfo/Library/Android/sdk/ndk-bundle/sources/cxx-stl/gnu-libstdc++/4.9/include -isystem /Users/ceinfo/Library/Android/sdk/ndk-bundle/sources/cxx-stl/gnu-libstdc++/4.9/libs/armeabi-v7a/include -isystem /Users/ceinfo/Library/Android/sdk/ndk-bundle/sources/cxx-stl/gnu-libstdc++/4.9/include/backward  -march=armv7-a -mthumb -mfpu=neon -mfloat-abi=softfp -fpic -funwind-tables -no-canonical-prefixes -fexceptions -frtti  -g   -o CMakeFiles/cmTC_17d07.dir/CMakeCXXCompilerABI.cpp.o -c /Applications/CMake.app/Contents/share/cmake-3.7/Modules/CMakeCXXCompilerABI.cpp
Linking CXX executable cmTC_17d07
/Applications/CMake.app/Contents/bin/cmake -E cmake_link_script CMakeFiles/cmTC_17d07.dir/link.txt --verbose=1
/Users/ceinfo/Library/Android/sdk/ndk-bundle/toolchains/llvm/prebuilt/darwin-x86_64/bin/clang++  --target=armv7-none-linux-androideabi --gcc-toolchain=/Users/ceinfo/Library/Android/sdk/ndk-bundle/toolchains/arm-linux-androideabi-4.9/prebuilt/darwin-x86_64 --sysroot=/Users/ceinfo/Library/Android/sdk/ndk-bundle/platforms/android-16/arch-arm  -march=armv7-a -mthumb -mfpu=neon -mfloat-abi=softfp -fpic -funwind-tables -no-canonical-prefixes -fexceptions -frtti  -g  -Wl,--fix-cortex-a8 -v CMakeFiles/cmTC_17d07.dir/CMakeCXXCompilerABI.cpp.o  -o cmTC_17d07   "/Users/ceinfo/Library/Android/sdk/ndk-bundle/sources/cxx-stl/gnu-libstdc++/4.9/libs/armeabi-v7a/libgnustl_shared.so" 
Android clang version 5.0.300080  (based on LLVM 5.0.300080)
Target: armv7-none-linux-android
Thread model: posix
InstalledDir: /Users/ceinfo/Library/Android/sdk/ndk-bundle/toolchains/llvm/prebuilt/darwin-x86_64/bin
Found candidate GCC installation: /Users/ceinfo/Library/Android/sdk/ndk-bundle/toolchains/arm-linux-androideabi-4.9/prebuilt/darwin-x86_64/lib/gcc/arm-linux-androideabi/4.9.x
Selected GCC installation: /Users/ceinfo/Library/Android/sdk/ndk-bundle/toolchains/arm-linux-androideabi-4.9/prebuilt/darwin-x86_64/lib/gcc/arm-linux-androideabi/4.9.x
Candidate multilib: thumb;@thumb
Candidate multilib: armv7-a;@armv7
Candidate multilib: armv7-a/thumb;@armv7@thumb
Candidate multilib: .;
Selected multilib: armv7-a/thumb;@armv7@thumb
 "/Users/ceinfo/Library/Android/sdk/ndk-bundle/toolchains/arm-linux-androideabi-4.9/prebuilt/darwin-x86_64/lib/gcc/arm-linux-androideabi/4.9.x/../../../../arm-linux-androideabi/bin/ld" --sysroot=/Users/ceinfo/Library/Android/sdk/ndk-bundle/platforms/android-16/arch-arm -X --eh-frame-hdr -m armelf_linux_eabi -dynamic-linker /system/bin/linker -o cmTC_17d07 /Users/ceinfo/Library/Android/sdk/ndk-bundle/platforms/android-16/arch-arm/usr/lib/../lib/crtbegin_dynamic.o -L/Users/ceinfo/Library/Android/sdk/ndk-bundle/toolchains/llvm/prebuilt/darwin-x86_64/lib64/clang/5.0.300080/lib/linux/arm -L/Users/ceinfo/Library/Android/sdk/ndk-bundle/toolchains/arm-linux-androideabi-4.9/prebuilt/darwin-x86_64/lib/gcc/arm-linux-androideabi/4.9.x/armv7-a/thumb -L/Users/ceinfo/Library/Android/sdk/ndk-bundle/toolchains/arm-linux-androideabi-4.9/prebuilt/darwin-x86_64/lib/gcc/arm-linux-androideabi/4.9.x/../../../../arm-linux-androideabi/lib/../lib/armv7-a/thumb -L/Users/ceinfo/Library/Android/sdk/ndk-bundle/platforms/android-16/arch-arm/usr/lib/../lib -L/Users/ceinfo/Library/Android/sdk/ndk-bundle/toolchains/arm-linux-androideabi-4.9/prebuilt/darwin-x86_64/lib/gcc/arm-linux-androideabi/4.9.x/../../../../arm-linux-androideabi/lib/armv7-a/thumb -L/Users/ceinfo/Library/Android/sdk/ndk-bundle/platforms/android-16/arch-arm/usr/lib --fix-cortex-a8 CMakeFiles/cmTC_17d07.dir/CMakeCXXCompilerABI.cpp.o /Users/ceinfo/Library/Android/sdk/ndk-bundle/sources/cxx-stl/gnu-libstdc++/4.9/libs/armeabi-v7a/libgnustl_shared.so -lstdc++ -lm -lgcc -lgcc -ldl -lc -lgcc -lgcc -ldl /Users/ceinfo/Library/Android/sdk/ndk-bundle/platforms/android-16/arch-arm/usr/lib/../lib/crtend_android.o


Parsed CXX implicit link information from above output:
  link line regex: [^( *|.*[/\])(arm-linux-androideabi-ld|([^/\]+-)?ld|collect2)[^/\]*( |$)]
  ignore line: [Change Dir: /Users/ceinfo/LinPhoneAndroidProject/linphone-android/WORK/android-armv7/Build/bzrtp/CMakeFiles/CMakeTmp]
  ignore line: []
  ignore line: [Run Build Command:"/usr/bin/make" "cmTC_17d07/fast"]
  ignore line: [/Applications/Xcode.app/Contents/Developer/usr/bin/make -f CMakeFiles/cmTC_17d07.dir/build.make CMakeFiles/cmTC_17d07.dir/build]
  ignore line: [Building CXX object CMakeFiles/cmTC_17d07.dir/CMakeCXXCompilerABI.cpp.o]
  ignore line: [/Users/ceinfo/Library/Android/sdk/ndk-bundle/toolchains/llvm/prebuilt/darwin-x86_64/bin/clang++  --target=armv7-none-linux-androideabi --gcc-toolchain=/Users/ceinfo/Library/Android/sdk/ndk-bundle/toolchains/arm-linux-androideabi-4.9/prebuilt/darwin-x86_64 --sysroot=/Users/ceinfo/Library/Android/sdk/ndk-bundle/platforms/android-16/arch-arm   -isystem /Users/ceinfo/Library/Android/sdk/ndk-bundle/sources/cxx-stl/gnu-libstdc++/4.9/include -isystem /Users/ceinfo/Library/Android/sdk/ndk-bundle/sources/cxx-stl/gnu-libstdc++/4.9/libs/armeabi-v7a/include -isystem /Users/ceinfo/Library/Android/sdk/ndk-bundle/sources/cxx-stl/gnu-libstdc++/4.9/include/backward  -march=armv7-a -mthumb -mfpu=neon -mfloat-abi=softfp -fpic -funwind-tables -no-canonical-prefixes -fexceptions -frtti  -g   -o CMakeFiles/cmTC_17d07.dir/CMakeCXXCompilerABI.cpp.o -c /Applications/CMake.app/Contents/share/cmake-3.7/Modules/CMakeCXXCompilerABI.cpp]
  ignore line: [Linking CXX executable cmTC_17d07]
  ignore line: [/Applications/CMake.app/Contents/bin/cmake -E cmake_link_script CMakeFiles/cmTC_17d07.dir/link.txt --verbose=1]
  ignore line: [/Users/ceinfo/Library/Android/sdk/ndk-bundle/toolchains/llvm/prebuilt/darwin-x86_64/bin/clang++  --target=armv7-none-linux-androideabi --gcc-toolchain=/Users/ceinfo/Library/Android/sdk/ndk-bundle/toolchains/arm-linux-androideabi-4.9/prebuilt/darwin-x86_64 --sysroot=/Users/ceinfo/Library/Android/sdk/ndk-bundle/platforms/android-16/arch-arm  -march=armv7-a -mthumb -mfpu=neon -mfloat-abi=softfp -fpic -funwind-tables -no-canonical-prefixes -fexceptions -frtti  -g  -Wl,--fix-cortex-a8 -v CMakeFiles/cmTC_17d07.dir/CMakeCXXCompilerABI.cpp.o  -o cmTC_17d07   "/Users/ceinfo/Library/Android/sdk/ndk-bundle/sources/cxx-stl/gnu-libstdc++/4.9/libs/armeabi-v7a/libgnustl_shared.so" ]
  ignore line: [Android clang version 5.0.300080  (based on LLVM 5.0.300080)]
  ignore line: [Target: armv7-none-linux-android]
  ignore line: [Thread model: posix]
  ignore line: [InstalledDir: /Users/ceinfo/Library/Android/sdk/ndk-bundle/toolchains/llvm/prebuilt/darwin-x86_64/bin]
  ignore line: [Found candidate GCC installation: /Users/ceinfo/Library/Android/sdk/ndk-bundle/toolchains/arm-linux-androideabi-4.9/prebuilt/darwin-x86_64/lib/gcc/arm-linux-androideabi/4.9.x]
  ignore line: [Selected GCC installation: /Users/ceinfo/Library/Android/sdk/ndk-bundle/toolchains/arm-linux-androideabi-4.9/prebuilt/darwin-x86_64/lib/gcc/arm-linux-androideabi/4.9.x]
  ignore line: [Candidate multilib: thumb]
  ignore line: [@thumb]
  ignore line: [Candidate multilib: armv7-a]
  ignore line: [@armv7]
  ignore line: [Candidate multilib: armv7-a/thumb]
  ignore line: [@armv7@thumb]
  ignore line: [Candidate multilib: .]
  ignore line: []
  ignore line: [Selected multilib: armv7-a/thumb]
  ignore line: [@armv7@thumb]
  link line: [ "/Users/ceinfo/Library/Android/sdk/ndk-bundle/toolchains/arm-linux-androideabi-4.9/prebuilt/darwin-x86_64/lib/gcc/arm-linux-androideabi/4.9.x/../../../../arm-linux-androideabi/bin/ld" --sysroot=/Users/ceinfo/Library/Android/sdk/ndk-bundle/platforms/android-16/arch-arm -X --eh-frame-hdr -m armelf_linux_eabi -dynamic-linker /system/bin/linker -o cmTC_17d07 /Users/ceinfo/Library/Android/sdk/ndk-bundle/platforms/android-16/arch-arm/usr/lib/../lib/crtbegin_dynamic.o -L/Users/ceinfo/Library/Android/sdk/ndk-bundle/toolchains/llvm/prebuilt/darwin-x86_64/lib64/clang/5.0.300080/lib/linux/arm -L/Users/ceinfo/Library/Android/sdk/ndk-bundle/toolchains/arm-linux-androideabi-4.9/prebuilt/darwin-x86_64/lib/gcc/arm-linux-androideabi/4.9.x/armv7-a/thumb -L/Users/ceinfo/Library/Android/sdk/ndk-bundle/toolchains/arm-linux-androideabi-4.9/prebuilt/darwin-x86_64/lib/gcc/arm-linux-androideabi/4.9.x/../../../../arm-linux-androideabi/lib/../lib/armv7-a/thumb -L/Users/ceinfo/Library/Android/sdk/ndk-bundle/platforms/android-16/arch-arm/usr/lib/../lib -L/Users/ceinfo/Library/Android/sdk/ndk-bundle/toolchains/arm-linux-androideabi-4.9/prebuilt/darwin-x86_64/lib/gcc/arm-linux-androideabi/4.9.x/../../../../arm-linux-androideabi/lib/armv7-a/thumb -L/Users/ceinfo/Library/Android/sdk/ndk-bundle/platforms/android-16/arch-arm/usr/lib --fix-cortex-a8 CMakeFiles/cmTC_17d07.dir/CMakeCXXCompilerABI.cpp.o /Users/ceinfo/Library/Android/sdk/ndk-bundle/sources/cxx-stl/gnu-libstdc++/4.9/libs/armeabi-v7a/libgnustl_shared.so -lstdc++ -lm -lgcc -lgcc -ldl -lc -lgcc -lgcc -ldl /Users/ceinfo/Library/Android/sdk/ndk-bundle/platforms/android-16/arch-arm/usr/lib/../lib/crtend_android.o]
    arg [/Users/ceinfo/Library/Android/sdk/ndk-bundle/toolchains/arm-linux-androideabi-4.9/prebuilt/darwin-x86_64/lib/gcc/arm-linux-androideabi/4.9.x/../../../../arm-linux-androideabi/bin/ld] ==> ignore
    arg [--sysroot=/Users/ceinfo/Library/Android/sdk/ndk-bundle/platforms/android-16/arch-arm] ==> ignore
    arg [-X] ==> ignore
    arg [--eh-frame-hdr] ==> ignore
    arg [-m] ==> ignore
    arg [armelf_linux_eabi] ==> ignore
    arg [-dynamic-linker] ==> ignore
    arg [/system/bin/linker] ==> ignore
    arg [-o] ==> ignore
    arg [cmTC_17d07] ==> ignore
    arg [/Users/ceinfo/Library/Android/sdk/ndk-bundle/platforms/android-16/arch-arm/usr/lib/../lib/crtbegin_dynamic.o] ==> ignore
    arg [-L/Users/ceinfo/Library/Android/sdk/ndk-bundle/toolchains/llvm/prebuilt/darwin-x86_64/lib64/clang/5.0.300080/lib/linux/arm] ==> dir [/Users/ceinfo/Library/Android/sdk/ndk-bundle/toolchains/llvm/prebuilt/darwin-x86_64/lib64/clang/5.0.300080/lib/linux/arm]
    arg [-L/Users/ceinfo/Library/Android/sdk/ndk-bundle/toolchains/arm-linux-androideabi-4.9/prebuilt/darwin-x86_64/lib/gcc/arm-linux-androideabi/4.9.x/armv7-a/thumb] ==> dir [/Users/ceinfo/Library/Android/sdk/ndk-bundle/toolchains/arm-linux-androideabi-4.9/prebuilt/darwin-x86_64/lib/gcc/arm-linux-androideabi/4.9.x/armv7-a/thumb]
    arg [-L/Users/ceinfo/Library/Android/sdk/ndk-bundle/toolchains/arm-linux-androideabi-4.9/prebuilt/darwin-x86_64/lib/gcc/arm-linux-androideabi/4.9.x/../../../../arm-linux-androideabi/lib/../lib/armv7-a/thumb] ==> dir [/Users/ceinfo/Library/Android/sdk/ndk-bundle/toolchains/arm-linux-androideabi-4.9/prebuilt/darwin-x86_64/lib/gcc/arm-linux-androideabi/4.9.x/../../../../arm-linux-androideabi/lib/../lib/armv7-a/thumb]
    arg [-L/Users/ceinfo/Library/Android/sdk/ndk-bundle/platforms/android-16/arch-arm/usr/lib/../lib] ==> dir [/Users/ceinfo/Library/Android/sdk/ndk-bundle/platforms/android-16/arch-arm/usr/lib/../lib]
    arg [-L/Users/ceinfo/Library/Android/sdk/ndk-bundle/toolchains/arm-linux-androideabi-4.9/prebuilt/darwin-x86_64/lib/gcc/arm-linux-androideabi/4.9.x/../../../../arm-linux-androideabi/lib/armv7-a/thumb] ==> dir [/Users/ceinfo/Library/Android/sdk/ndk-bundle/toolchains/arm-linux-androideabi-4.9/prebuilt/darwin-x86_64/lib/gcc/arm-linux-androideabi/4.9.x/../../../../arm-linux-androideabi/lib/armv7-a/thumb]
    arg [-L/Users/ceinfo/Library/Android/sdk/ndk-bundle/platforms/android-16/arch-arm/usr/lib] ==> dir [/Users/ceinfo/Library/Android/sdk/ndk-bundle/platforms/android-16/arch-arm/usr/lib]
    arg [--fix-cortex-a8] ==> ignore
    arg [CMakeFiles/cmTC_17d07.dir/CMakeCXXCompilerABI.cpp.o] ==> ignore
    arg [/Users/ceinfo/Library/Android/sdk/ndk-bundle/sources/cxx-stl/gnu-libstdc++/4.9/libs/armeabi-v7a/libgnustl_shared.so] ==> ignore
    arg [-lstdc++] ==> lib [stdc++]
    arg [-lm] ==> lib [m]
    arg [-lgcc] ==> lib [gcc]
    arg [-lgcc] ==> lib [gcc]
    arg [-ldl] ==> lib [dl]
    arg [-lc] ==> lib [c]
    arg [-lgcc] ==> lib [gcc]
    arg [-lgcc] ==> lib [gcc]
    arg [-ldl] ==> lib [dl]
    arg [/Users/ceinfo/Library/Android/sdk/ndk-bundle/platforms/android-16/arch-arm/usr/lib/../lib/crtend_android.o] ==> ignore
  remove lib [gcc]
  remove lib [gcc]
  remove lib [gcc]
  remove lib [gcc]
  collapse library dir [/Users/ceinfo/Library/Android/sdk/ndk-bundle/toolchains/llvm/prebuilt/darwin-x86_64/lib64/clang/5.0.300080/lib/linux/arm] ==> [/Users/ceinfo/Library/Android/sdk/ndk-bundle/toolchains/llvm/prebuilt/darwin-x86_64/lib64/clang/5.0.300080/lib/linux/arm]
  collapse library dir [/Users/ceinfo/Library/Android/sdk/ndk-bundle/toolchains/arm-linux-androideabi-4.9/prebuilt/darwin-x86_64/lib/gcc/arm-linux-androideabi/4.9.x/armv7-a/thumb] ==> [/Users/ceinfo/Library/Android/sdk/ndk-bundle/toolchains/arm-linux-androideabi-4.9/prebuilt/darwin-x86_64/lib/gcc/arm-linux-androideabi/4.9.x/armv7-a/thumb]
  collapse library dir [/Users/ceinfo/Library/Android/sdk/ndk-bundle/toolchains/arm-linux-androideabi-4.9/prebuilt/darwin-x86_64/lib/gcc/arm-linux-androideabi/4.9.x/../../../../arm-linux-androideabi/lib/../lib/armv7-a/thumb] ==> [/Users/ceinfo/Library/Android/sdk/ndk-bundle/toolchains/arm-linux-androideabi-4.9/prebuilt/darwin-x86_64/arm-linux-androideabi/lib/armv7-a/thumb]
  collapse library dir [/Users/ceinfo/Library/Android/sdk/ndk-bundle/platforms/android-16/arch-arm/usr/lib/../lib] ==> [/Users/ceinfo/Library/Android/sdk/ndk-bundle/platforms/android-16/arch-arm/usr/lib]
  collapse library dir [/Users/ceinfo/Library/Android/sdk/ndk-bundle/toolchains/arm-linux-androideabi-4.9/prebuilt/darwin-x86_64/lib/gcc/arm-linux-androideabi/4.9.x/../../../../arm-linux-androideabi/lib/armv7-a/thumb] ==> [/Users/ceinfo/Library/Android/sdk/ndk-bundle/toolchains/arm-linux-androideabi-4.9/prebuilt/darwin-x86_64/arm-linux-androideabi/lib/armv7-a/thumb]
  collapse library dir [/Users/ceinfo/Library/Android/sdk/ndk-bundle/platforms/android-16/arch-arm/usr/lib] ==> [/Users/ceinfo/Library/Android/sdk/ndk-bundle/platforms/android-16/arch-arm/usr/lib]
  implicit libs: [stdc++;m;dl;c;dl]
  implicit dirs: [/Users/ceinfo/Library/Android/sdk/ndk-bundle/toolchains/llvm/prebuilt/darwin-x86_64/lib64/clang/5.0.300080/lib/linux/arm;/Users/ceinfo/Library/Android/sdk/ndk-bundle/toolchains/arm-linux-androideabi-4.9/prebuilt/darwin-x86_64/lib/gcc/arm-linux-androideabi/4.9.x/armv7-a/thumb;/Users/ceinfo/Library/Android/sdk/ndk-bundle/toolchains/arm-linux-androideabi-4.9/prebuilt/darwin-x86_64/arm-linux-androideabi/lib/armv7-a/thumb;/Users/ceinfo/Library/Android/sdk/ndk-bundle/platforms/android-16/arch-arm/usr/lib]
  implicit fwks: []




Detecting CXX [-std=c++14] compiler features compiled with the following output:
Change Dir: /Users/ceinfo/LinPhoneAndroidProject/linphone-android/WORK/android-armv7/Build/bzrtp/CMakeFiles/CMakeTmp

Run Build Command:"/usr/bin/make" "cmTC_0dec2/fast"
/Applications/Xcode.app/Contents/Developer/usr/bin/make -f CMakeFiles/cmTC_0dec2.dir/build.make CMakeFiles/cmTC_0dec2.dir/build
Building CXX object CMakeFiles/cmTC_0dec2.dir/feature_tests.cxx.o
/Users/ceinfo/Library/Android/sdk/ndk-bundle/toolchains/llvm/prebuilt/darwin-x86_64/bin/clang++  --target=armv7-none-linux-androideabi --gcc-toolchain=/Users/ceinfo/Library/Android/sdk/ndk-bundle/toolchains/arm-linux-androideabi-4.9/prebuilt/darwin-x86_64 --sysroot=/Users/ceinfo/Library/Android/sdk/ndk-bundle/platforms/android-16/arch-arm   -isystem /Users/ceinfo/Library/Android/sdk/ndk-bundle/sources/cxx-stl/gnu-libstdc++/4.9/include -isystem /Users/ceinfo/Library/Android/sdk/ndk-bundle/sources/cxx-stl/gnu-libstdc++/4.9/libs/armeabi-v7a/include -isystem /Users/ceinfo/Library/Android/sdk/ndk-bundle/sources/cxx-stl/gnu-libstdc++/4.9/include/backward  -march=armv7-a -mthumb -mfpu=neon -mfloat-abi=softfp -fpic -funwind-tables -no-canonical-prefixes -fexceptions -frtti  -g   -std=c++14 -o CMakeFiles/cmTC_0dec2.dir/feature_tests.cxx.o -c /Users/ceinfo/LinPhoneAndroidProject/linphone-android/WORK/android-armv7/Build/bzrtp/CMakeFiles/feature_tests.cxx
Linking CXX executable cmTC_0dec2
/Applications/CMake.app/Contents/bin/cmake -E cmake_link_script CMakeFiles/cmTC_0dec2.dir/link.txt --verbose=1
/Users/ceinfo/Library/Android/sdk/ndk-bundle/toolchains/llvm/prebuilt/darwin-x86_64/bin/clang++  --target=armv7-none-linux-androideabi --gcc-toolchain=/Users/ceinfo/Library/Android/sdk/ndk-bundle/toolchains/arm-linux-androideabi-4.9/prebuilt/darwin-x86_64 --sysroot=/Users/ceinfo/Library/Android/sdk/ndk-bundle/platforms/android-16/arch-arm  -march=armv7-a -mthumb -mfpu=neon -mfloat-abi=softfp -fpic -funwind-tables -no-canonical-prefixes -fexceptions -frtti  -g  -Wl,--fix-cortex-a8  CMakeFiles/cmTC_0dec2.dir/feature_tests.cxx.o  -o cmTC_0dec2   "/Users/ceinfo/Library/Android/sdk/ndk-bundle/sources/cxx-stl/gnu-libstdc++/4.9/libs/armeabi-v7a/libgnustl_shared.so" 


    Feature record: CXX_FEATURE:1cxx_aggregate_default_initializers
    Feature record: CXX_FEATURE:1cxx_alias_templates
    Feature record: CXX_FEATURE:1cxx_alignas
    Feature record: CXX_FEATURE:1cxx_alignof
    Feature record: CXX_FEATURE:1cxx_attributes
    Feature record: CXX_FEATURE:1cxx_attribute_deprecated
    Feature record: CXX_FEATURE:1cxx_auto_type
    Feature record: CXX_FEATURE:1cxx_binary_literals
    Feature record: CXX_FEATURE:1cxx_constexpr
    Feature record: CXX_FEATURE:1cxx_contextual_conversions
    Feature record: CXX_FEATURE:1cxx_decltype
    Feature record: CXX_FEATURE:1cxx_decltype_auto
    Feature record: CXX_FEATURE:1cxx_decltype_incomplete_return_types
    Feature record: CXX_FEATURE:1cxx_default_function_template_args
    Feature record: CXX_FEATURE:1cxx_defaulted_functions
    Feature record: CXX_FEATURE:1cxx_defaulted_move_initializers
    Feature record: CXX_FEATURE:1cxx_delegating_constructors
    Feature record: CXX_FEATURE:1cxx_deleted_functions
    Feature record: CXX_FEATURE:1cxx_digit_separators
    Feature record: CXX_FEATURE:1cxx_enum_forward_declarations
    Feature record: CXX_FEATURE:1cxx_explicit_conversions
    Feature record: CXX_FEATURE:1cxx_extended_friend_declarations
    Feature record: CXX_FEATURE:1cxx_extern_templates
    Feature record: CXX_FEATURE:1cxx_final
    Feature record: CXX_FEATURE:1cxx_func_identifier
    Feature record: CXX_FEATURE:1cxx_generalized_initializers
    Feature record: CXX_FEATURE:1cxx_generic_lambdas
    Feature record: CXX_FEATURE:1cxx_inheriting_constructors
    Feature record: CXX_FEATURE:1cxx_inline_namespaces
    Feature record: CXX_FEATURE:1cxx_lambdas
    Feature record: CXX_FEATURE:1cxx_lambda_init_captures
    Feature record: CXX_FEATURE:1cxx_local_type_template_args
    Feature record: CXX_FEATURE:1cxx_long_long_type
    Feature record: CXX_FEATURE:1cxx_noexcept
    Feature record: CXX_FEATURE:1cxx_nonstatic_member_init
    Feature record: CXX_FEATURE:1cxx_nullptr
    Feature record: CXX_FEATURE:1cxx_override
    Feature record: CXX_FEATURE:1cxx_range_for
    Feature record: CXX_FEATURE:1cxx_raw_string_literals
    Feature record: CXX_FEATURE:1cxx_reference_qualified_functions
    Feature record: CXX_FEATURE:1cxx_relaxed_constexpr
    Feature record: CXX_FEATURE:1cxx_return_type_deduction
    Feature record: CXX_FEATURE:1cxx_right_angle_brackets
    Feature record: CXX_FEATURE:1cxx_rvalue_references
    Feature record: CXX_FEATURE:1cxx_sizeof_member
    Feature record: CXX_FEATURE:1cxx_static_assert
    Feature record: CXX_FEATURE:1cxx_strong_enums
    Feature record: CXX_FEATURE:1cxx_template_template_parameters
    Feature record: CXX_FEATURE:1cxx_thread_local
    Feature record: CXX_FEATURE:1cxx_trailing_return_types
    Feature record: CXX_FEATURE:1cxx_unicode_literals
    Feature record: CXX_FEATURE:1cxx_uniform_initialization
    Feature record: CXX_FEATURE:1cxx_unrestricted_unions
    Feature record: CXX_FEATURE:1cxx_user_literals
    Feature record: CXX_FEATURE:1cxx_variable_templates
    Feature record: CXX_FEATURE:1cxx_variadic_macros
    Feature record: CXX_FEATURE:1cxx_variadic_templates


Detecting CXX [-std=c++11] compiler features compiled with the following output:
Change Dir: /Users/ceinfo/LinPhoneAndroidProject/linphone-android/WORK/android-armv7/Build/bzrtp/CMakeFiles/CMakeTmp

Run Build Command:"/usr/bin/make" "cmTC_799f5/fast"
/Applications/Xcode.app/Contents/Developer/usr/bin/make -f CMakeFiles/cmTC_799f5.dir/build.make CMakeFiles/cmTC_799f5.dir/build
Building CXX object CMakeFiles/cmTC_799f5.dir/feature_tests.cxx.o
/Users/ceinfo/Library/Android/sdk/ndk-bundle/toolchains/llvm/prebuilt/darwin-x86_64/bin/clang++  --target=armv7-none-linux-androideabi --gcc-toolchain=/Users/ceinfo/Library/Android/sdk/ndk-bundle/toolchains/arm-linux-androideabi-4.9/prebuilt/darwin-x86_64 --sysroot=/Users/ceinfo/Library/Android/sdk/ndk-bundle/platforms/android-16/arch-arm   -isystem /Users/ceinfo/Library/Android/sdk/ndk-bundle/sources/cxx-stl/gnu-libstdc++/4.9/include -isystem /Users/ceinfo/Library/Android/sdk/ndk-bundle/sources/cxx-stl/gnu-libstdc++/4.9/libs/armeabi-v7a/include -isystem /Users/ceinfo/Library/Android/sdk/ndk-bundle/sources/cxx-stl/gnu-libstdc++/4.9/include/backward  -march=armv7-a -mthumb -mfpu=neon -mfloat-abi=softfp -fpic -funwind-tables -no-canonical-prefixes -fexceptions -frtti  -g   -std=c++11 -o CMakeFiles/cmTC_799f5.dir/feature_tests.cxx.o -c /Users/ceinfo/LinPhoneAndroidProject/linphone-android/WORK/android-armv7/Build/bzrtp/CMakeFiles/feature_tests.cxx
Linking CXX executable cmTC_799f5
/Applications/CMake.app/Contents/bin/cmake -E cmake_link_script CMakeFiles/cmTC_799f5.dir/link.txt --verbose=1
/Users/ceinfo/Library/Android/sdk/ndk-bundle/toolchains/llvm/prebuilt/darwin-x86_64/bin/clang++  --target=armv7-none-linux-androideabi --gcc-toolchain=/Users/ceinfo/Library/Android/sdk/ndk-bundle/toolchains/arm-linux-androideabi-4.9/prebuilt/darwin-x86_64 --sysroot=/Users/ceinfo/Library/Android/sdk/ndk-bundle/platforms/android-16/arch-arm  -march=armv7-a -mthumb -mfpu=neon -mfloat-abi=softfp -fpic -funwind-tables -no-canonical-prefixes -fexceptions -frtti  -g  -Wl,--fix-cortex-a8  CMakeFiles/cmTC_799f5.dir/feature_tests.cxx.o  -o cmTC_799f5   "/Users/ceinfo/Library/Android/sdk/ndk-bundle/sources/cxx-stl/gnu-libstdc++/4.9/libs/armeabi-v7a/libgnustl_shared.so" 


    Feature record: CXX_FEATURE:0cxx_aggregate_default_initializers
    Feature record: CXX_FEATURE:1cxx_alias_templates
    Feature record: CXX_FEATURE:1cxx_alignas
    Feature record: CXX_FEATURE:1cxx_alignof
    Feature record: CXX_FEATURE:1cxx_attributes
    Feature record: CXX_FEATURE:0cxx_attribute_deprecated
    Feature record: CXX_FEATURE:1cxx_auto_type
    Feature record: CXX_FEATURE:0cxx_binary_literals
    Feature record: CXX_FEATURE:1cxx_constexpr
    Feature record: CXX_FEATURE:0cxx_contextual_conversions
    Feature record: CXX_FEATURE:1cxx_decltype
    Feature record: CXX_FEATURE:0cxx_decltype_auto
    Feature record: CXX_FEATURE:1cxx_decltype_incomplete_return_types
    Feature record: CXX_FEATURE:1cxx_default_function_template_args
    Feature record: CXX_FEATURE:1cxx_defaulted_functions
    Feature record: CXX_FEATURE:1cxx_defaulted_move_initializers
    Feature record: CXX_FEATURE:1cxx_delegating_constructors
    Feature record: CXX_FEATURE:1cxx_deleted_functions
    Feature record: CXX_FEATURE:0cxx_digit_separators
    Feature record: CXX_FEATURE:1cxx_enum_forward_declarations
    Feature record: CXX_FEATURE:1cxx_explicit_conversions
    Feature record: CXX_FEATURE:1cxx_extended_friend_declarations
    Feature record: CXX_FEATURE:1cxx_extern_templates
    Feature record: CXX_FEATURE:1cxx_final
    Feature record: CXX_FEATURE:1cxx_func_identifier
    Feature record: CXX_FEATURE:1cxx_generalized_initializers
    Feature record: CXX_FEATURE:0cxx_generic_lambdas
    Feature record: CXX_FEATURE:1cxx_inheriting_constructors
    Feature record: CXX_FEATURE:1cxx_inline_namespaces
    Feature record: CXX_FEATURE:1cxx_lambdas
    Feature record: CXX_FEATURE:0cxx_lambda_init_captures
    Feature record: CXX_FEATURE:1cxx_local_type_template_args
    Feature record: CXX_FEATURE:1cxx_long_long_type
    Feature record: CXX_FEATURE:1cxx_noexcept
    Feature record: CXX_FEATURE:1cxx_nonstatic_member_init
    Feature record: CXX_FEATURE:1cxx_nullptr
    Feature record: CXX_FEATURE:1cxx_override
    Feature record: CXX_FEATURE:1cxx_range_for
    Feature record: CXX_FEATURE:1cxx_raw_string_literals
    Feature record: CXX_FEATURE:1cxx_reference_qualified_functions
    Feature record: CXX_FEATURE:0cxx_relaxed_constexpr
    Feature record: CXX_FEATURE:0cxx_return_type_deduction
    Feature record: CXX_FEATURE:1cxx_right_angle_brackets
    Feature record: CXX_FEATURE:1cxx_rvalue_references
    Feature record: CXX_FEATURE:1cxx_sizeof_member
    Feature record: CXX_FEATURE:1cxx_static_assert
    Feature record: CXX_FEATURE:1cxx_strong_enums
    Feature record: CXX_FEATURE:1cxx_template_template_parameters
    Feature record: CXX_FEATURE:1cxx_thread_local
    Feature record: CXX_FEATURE:1cxx_trailing_return_types
    Feature record: CXX_FEATURE:1cxx_unicode_literals
    Feature record: CXX_FEATURE:1cxx_uniform_initialization
    Feature record: CXX_FEATURE:1cxx_unrestricted_unions
    Feature record: CXX_FEATURE:1cxx_user_literals
    Feature record: CXX_FEATURE:0cxx_variable_templates
    Feature record: CXX_FEATURE:1cxx_variadic_macros
    Feature record: CXX_FEATURE:1cxx_variadic_templates


Detecting CXX [-std=c++98] compiler features compiled with the following output:
Change Dir: /Users/ceinfo/LinPhoneAndroidProject/linphone-android/WORK/android-armv7/Build/bzrtp/CMakeFiles/CMakeTmp

Run Build Command:"/usr/bin/make" "cmTC_7d191/fast"
/Applications/Xcode.app/Contents/Developer/usr/bin/make -f CMakeFiles/cmTC_7d191.dir/build.make CMakeFiles/cmTC_7d191.dir/build
Building CXX object CMakeFiles/cmTC_7d191.dir/feature_tests.cxx.o
/Users/ceinfo/Library/Android/sdk/ndk-bundle/toolchains/llvm/prebuilt/darwin-x86_64/bin/clang++  --target=armv7-none-linux-androideabi --gcc-toolchain=/Users/ceinfo/Library/Android/sdk/ndk-bundle/toolchains/arm-linux-androideabi-4.9/prebuilt/darwin-x86_64 --sysroot=/Users/ceinfo/Library/Android/sdk/ndk-bundle/platforms/android-16/arch-arm   -isystem /Users/ceinfo/Library/Android/sdk/ndk-bundle/sources/cxx-stl/gnu-libstdc++/4.9/include -isystem /Users/ceinfo/Library/Android/sdk/ndk-bundle/sources/cxx-stl/gnu-libstdc++/4.9/libs/armeabi-v7a/include -isystem /Users/ceinfo/Library/Android/sdk/ndk-bundle/sources/cxx-stl/gnu-libstdc++/4.9/include/backward  -march=armv7-a -mthumb -mfpu=neon -mfloat-abi=softfp -fpic -funwind-tables -no-canonical-prefixes -fexceptions -frtti  -g   -std=c++98 -o CMakeFiles/cmTC_7d191.dir/feature_tests.cxx.o -c /Users/ceinfo/LinPhoneAndroidProject/linphone-android/WORK/android-armv7/Build/bzrtp/CMakeFiles/feature_tests.cxx
Linking CXX executable cmTC_7d191
/Applications/CMake.app/Contents/bin/cmake -E cmake_link_script CMakeFiles/cmTC_7d191.dir/link.txt --verbose=1
/Users/ceinfo/Library/Android/sdk/ndk-bundle/toolchains/llvm/prebuilt/darwin-x86_64/bin/clang++  --target=armv7-none-linux-androideabi --gcc-toolchain=/Users/ceinfo/Library/Android/sdk/ndk-bundle/toolchains/arm-linux-androideabi-4.9/prebuilt/darwin-x86_64 --sysroot=/Users/ceinfo/Library/Android/sdk/ndk-bundle/platforms/android-16/arch-arm  -march=armv7-a -mthumb -mfpu=neon -mfloat-abi=softfp -fpic -funwind-tables -no-canonical-prefixes -fexceptions -frtti  -g  -Wl,--fix-cortex-a8  CMakeFiles/cmTC_7d191.dir/feature_tests.cxx.o  -o cmTC_7d191   "/Users/ceinfo/Library/Android/sdk/ndk-bundle/sources/cxx-stl/gnu-libstdc++/4.9/libs/armeabi-v7a/libgnustl_shared.so" 


    Feature record: CXX_FEATURE:0cxx_aggregate_default_initializers
    Feature record: CXX_FEATURE:0cxx_alias_templates
    Feature record: CXX_FEATURE:0cxx_alignas
    Feature record: CXX_FEATURE:0cxx_alignof
    Feature record: CXX_FEATURE:0cxx_attributes
    Feature record: CXX_FEATURE:0cxx_attribute_deprecated
    Feature record: CXX_FEATURE:0cxx_auto_type
    Feature record: CXX_FEATURE:0cxx_binary_literals
    Feature record: CXX_FEATURE:0cxx_constexpr
    Feature record: CXX_FEATURE:0cxx_contextual_conversions
    Feature record: CXX_FEATURE:0cxx_decltype
    Feature record: CXX_FEATURE:0cxx_decltype_auto
    Feature record: CXX_FEATURE:0cxx_decltype_incomplete_return_types
    Feature record: CXX_FEATURE:0cxx_default_function_template_args
    Feature record: CXX_FEATURE:0cxx_defaulted_functions
    Feature record: CXX_FEATURE:0cxx_defaulted_move_initializers
    Feature record: CXX_FEATURE:0cxx_delegating_constructors
    Feature record: CXX_FEATURE:0cxx_deleted_functions
    Feature record: CXX_FEATURE:0cxx_digit_separators
    Feature record: CXX_FEATURE:0cxx_enum_forward_declarations
    Feature record: CXX_FEATURE:0cxx_explicit_conversions
    Feature record: CXX_FEATURE:0cxx_extended_friend_declarations
    Feature record: CXX_FEATURE:0cxx_extern_templates
    Feature record: CXX_FEATURE:0cxx_final
    Feature record: CXX_FEATURE:0cxx_func_identifier
    Feature record: CXX_FEATURE:0cxx_generalized_initializers
    Feature record: CXX_FEATURE:0cxx_generic_lambdas
    Feature record: CXX_FEATURE:0cxx_inheriting_constructors
    Feature record: CXX_FEATURE:0cxx_inline_namespaces
    Feature record: CXX_FEATURE:0cxx_lambdas
    Feature record: CXX_FEATURE:0cxx_lambda_init_captures
    Feature record: CXX_FEATURE:0cxx_local_type_template_args
    Feature record: CXX_FEATURE:0cxx_long_long_type
    Feature record: CXX_FEATURE:0cxx_noexcept
    Feature record: CXX_FEATURE:0cxx_nonstatic_member_init
    Feature record: CXX_FEATURE:0cxx_nullptr
    Feature record: CXX_FEATURE:0cxx_override
    Feature record: CXX_FEATURE:0cxx_range_for
    Feature record: CXX_FEATURE:0cxx_raw_string_literals
    Feature record: CXX_FEATURE:0cxx_reference_qualified_functions
    Feature record: CXX_FEATURE:0cxx_relaxed_constexpr
    Feature record: CXX_FEATURE:0cxx_return_type_deduction
    Feature record: CXX_FEATURE:0cxx_right_angle_brackets
    Feature record: CXX_FEATURE:0cxx_rvalue_references
    Feature record: CXX_FEATURE:0cxx_sizeof_member
    Feature record: CXX_FEATURE:0cxx_static_assert
    Feature record: CXX_FEATURE:0cxx_strong_enums
    Feature record: CXX_FEATURE:1cxx_template_template_parameters
    Feature record: CXX_FEATURE:0cxx_thread_local
    Feature record: CXX_FEATURE:0cxx_trailing_return_types
    Feature record: CXX_FEATURE:0cxx_unicode_literals
    Feature record: CXX_FEATURE:0cxx_uniform_initialization
    Feature record: CXX_FEATURE:0cxx_unrestricted_unions
    Feature record: CXX_FEATURE:0cxx_user_literals
    Feature record: CXX_FEATURE:0cxx_variable_templates
    Feature record: CXX_FEATURE:0cxx_variadic_macros
    Feature record: CXX_FEATURE:0cxx_variadic_templates
Determining if the function sqrt exists in the m passed with the following output:
Change Dir: /Users/ceinfo/LinPhoneAndroidProject/linphone-android/WORK/android-armv7/Build/bzrtp/CMakeFiles/CMakeTmp

Run Build Command:"/usr/bin/make" "cmTC_fbcb9/fast"
/Applications/Xcode.app/Contents/Developer/usr/bin/make -f CMakeFiles/cmTC_fbcb9.dir/build.make CMakeFiles/cmTC_fbcb9.dir/build
Building C object CMakeFiles/cmTC_fbcb9.dir/CheckFunctionExists.c.o
/Users/ceinfo/Library/Android/sdk/ndk-bundle/toolchains/llvm/prebuilt/darwin-x86_64/bin/clang  --target=armv7-none-linux-androideabi --gcc-toolchain=/Users/ceinfo/Library/Android/sdk/ndk-bundle/toolchains/arm-linux-androideabi-4.9/prebuilt/darwin-x86_64 --sysroot=/Users/ceinfo/Library/Android/sdk/ndk-bundle/platforms/android-16/arch-arm   -march=armv7-a -mthumb -mfpu=neon -mfloat-abi=softfp -fpic -funwind-tables -no-canonical-prefixes -fexceptions -DCHECK_FUNCTION_EXISTS=sqrt -g   -o CMakeFiles/cmTC_fbcb9.dir/CheckFunctionExists.c.o   -c /Applications/CMake.app/Contents/share/cmake-3.7/Modules/CheckFunctionExists.c
/Applications/CMake.app/Contents/share/cmake-3.7/Modules/CheckFunctionExists.c:7:3: warning: incompatible redeclaration of library function 'sqrt' [-Wincompatible-library-redeclaration]
  CHECK_FUNCTION_EXISTS();
  ^
<command line>:1:31: note: expanded from here
#define CHECK_FUNCTION_EXISTS sqrt
                              ^
/Applications/CMake.app/Contents/share/cmake-3.7/Modules/CheckFunctionExists.c:7:3: note: 'sqrt' is a builtin with type 'double (double)'
<command line>:1:31: note: expanded from here
#define CHECK_FUNCTION_EXISTS sqrt
                              ^
1 warning generated.
Linking C executable cmTC_fbcb9
/Applications/CMake.app/Contents/bin/cmake -E cmake_link_script CMakeFiles/cmTC_fbcb9.dir/link.txt --verbose=1
/Users/ceinfo/Library/Android/sdk/ndk-bundle/toolchains/llvm/prebuilt/darwin-x86_64/bin/clang  --target=armv7-none-linux-androideabi --gcc-toolchain=/Users/ceinfo/Library/Android/sdk/ndk-bundle/toolchains/arm-linux-androideabi-4.9/prebuilt/darwin-x86_64 --sysroot=/Users/ceinfo/Library/Android/sdk/ndk-bundle/platforms/android-16/arch-arm -march=armv7-a -mthumb -mfpu=neon -mfloat-abi=softfp -fpic -funwind-tables -no-canonical-prefixes -fexceptions -DCHECK_FUNCTION_EXISTS=sqrt -g  -Wl,--fix-cortex-a8  CMakeFiles/cmTC_fbcb9.dir/CheckFunctionExists.c.o  -o cmTC_fbcb9  -lm 


