The target system is: Android - 21 - aarch64
The host system is: Darwin - 16.7.0 - x86_64
Compiling the C compiler identification source file "CMakeCCompilerId.c" succeeded.
Compiler: /Users/ceinfo/Library/Android/sdk/ndk-bundle/toolchains/llvm/prebuilt/darwin-x86_64/bin/clang 
Build flags: 
Id flags: 

The output was:
0


Compilation of the C compiler identification source "CMakeCCompilerId.c" produced "a.out"

The C compiler identification is Clang, found in "/Users/ceinfo/LinPhoneAndroidProject/linphone-android/WORK/android-arm64/Build/antlr3c/CMakeFiles/3.7.0-rc1/CompilerIdC/a.out"

Determining if the C compiler works passed with the following output:
Change Dir: /Users/ceinfo/LinPhoneAndroidProject/linphone-android/WORK/android-arm64/Build/antlr3c/CMakeFiles/CMakeTmp

Run Build Command:"/usr/bin/make" "cmTC_971bc/fast"
/Applications/Xcode.app/Contents/Developer/usr/bin/make -f CMakeFiles/cmTC_971bc.dir/build.make CMakeFiles/cmTC_971bc.dir/build
Building C object CMakeFiles/cmTC_971bc.dir/testCCompiler.c.o
/Users/ceinfo/Library/Android/sdk/ndk-bundle/toolchains/llvm/prebuilt/darwin-x86_64/bin/clang  --target=aarch64-none-linux-android --gcc-toolchain=/Users/ceinfo/Library/Android/sdk/ndk-bundle/toolchains/aarch64-linux-android-4.9/prebuilt/darwin-x86_64 --sysroot=/Users/ceinfo/Library/Android/sdk/ndk-bundle/platforms/android-21/arch-arm64   -fpic -funwind-tables -no-canonical-prefixes -fexceptions  -g   -o CMakeFiles/cmTC_971bc.dir/testCCompiler.c.o   -c /Users/ceinfo/LinPhoneAndroidProject/linphone-android/WORK/android-arm64/Build/antlr3c/CMakeFiles/CMakeTmp/testCCompiler.c
Linking C executable cmTC_971bc
/Applications/CMake.app/Contents/bin/cmake -E cmake_link_script CMakeFiles/cmTC_971bc.dir/link.txt --verbose=1
/Users/ceinfo/Library/Android/sdk/ndk-bundle/toolchains/llvm/prebuilt/darwin-x86_64/bin/clang  --target=aarch64-none-linux-android --gcc-toolchain=/Users/ceinfo/Library/Android/sdk/ndk-bundle/toolchains/aarch64-linux-android-4.9/prebuilt/darwin-x86_64 --sysroot=/Users/ceinfo/Library/Android/sdk/ndk-bundle/platforms/android-21/arch-arm64 -fpic -funwind-tables -no-canonical-prefixes -fexceptions  -g    CMakeFiles/cmTC_971bc.dir/testCCompiler.c.o  -o cmTC_971bc  


Detecting C compiler ABI info compiled with the following output:
Change Dir: /Users/ceinfo/LinPhoneAndroidProject/linphone-android/WORK/android-arm64/Build/antlr3c/CMakeFiles/CMakeTmp

Run Build Command:"/usr/bin/make" "cmTC_3c1aa/fast"
/Applications/Xcode.app/Contents/Developer/usr/bin/make -f CMakeFiles/cmTC_3c1aa.dir/build.make CMakeFiles/cmTC_3c1aa.dir/build
Building C object CMakeFiles/cmTC_3c1aa.dir/CMakeCCompilerABI.c.o
/Users/ceinfo/Library/Android/sdk/ndk-bundle/toolchains/llvm/prebuilt/darwin-x86_64/bin/clang  --target=aarch64-none-linux-android --gcc-toolchain=/Users/ceinfo/Library/Android/sdk/ndk-bundle/toolchains/aarch64-linux-android-4.9/prebuilt/darwin-x86_64 --sysroot=/Users/ceinfo/Library/Android/sdk/ndk-bundle/platforms/android-21/arch-arm64   -fpic -funwind-tables -no-canonical-prefixes -fexceptions  -g   -o CMakeFiles/cmTC_3c1aa.dir/CMakeCCompilerABI.c.o   -c /Applications/CMake.app/Contents/share/cmake-3.7/Modules/CMakeCCompilerABI.c
Linking C executable cmTC_3c1aa
/Applications/CMake.app/Contents/bin/cmake -E cmake_link_script CMakeFiles/cmTC_3c1aa.dir/link.txt --verbose=1
/Users/ceinfo/Library/Android/sdk/ndk-bundle/toolchains/llvm/prebuilt/darwin-x86_64/bin/clang  --target=aarch64-none-linux-android --gcc-toolchain=/Users/ceinfo/Library/Android/sdk/ndk-bundle/toolchains/aarch64-linux-android-4.9/prebuilt/darwin-x86_64 --sysroot=/Users/ceinfo/Library/Android/sdk/ndk-bundle/platforms/android-21/arch-arm64 -fpic -funwind-tables -no-canonical-prefixes -fexceptions  -g   -v CMakeFiles/cmTC_3c1aa.dir/CMakeCCompilerABI.c.o  -o cmTC_3c1aa   
Android clang version 5.0.300080  (based on LLVM 5.0.300080)
Target: aarch64-none-linux-android
Thread model: posix
InstalledDir: /Users/ceinfo/Library/Android/sdk/ndk-bundle/toolchains/llvm/prebuilt/darwin-x86_64/bin
Found candidate GCC installation: /Users/ceinfo/Library/Android/sdk/ndk-bundle/toolchains/aarch64-linux-android-4.9/prebuilt/darwin-x86_64/lib/gcc/aarch64-linux-android/4.9.x
Selected GCC installation: /Users/ceinfo/Library/Android/sdk/ndk-bundle/toolchains/aarch64-linux-android-4.9/prebuilt/darwin-x86_64/lib/gcc/aarch64-linux-android/4.9.x
Candidate multilib: .;@m64
Selected multilib: .;@m64
 "/Users/ceinfo/Library/Android/sdk/ndk-bundle/toolchains/aarch64-linux-android-4.9/prebuilt/darwin-x86_64/lib/gcc/aarch64-linux-android/4.9.x/../../../../aarch64-linux-android/bin/ld" --sysroot=/Users/ceinfo/Library/Android/sdk/ndk-bundle/platforms/android-21/arch-arm64 --fix-cortex-a53-843419 --eh-frame-hdr -m aarch64linux -dynamic-linker /system/bin/linker64 -o cmTC_3c1aa /Users/ceinfo/Library/Android/sdk/ndk-bundle/platforms/android-21/arch-arm64/usr/lib/crtbegin_dynamic.o -L/Users/ceinfo/Library/Android/sdk/ndk-bundle/toolchains/llvm/prebuilt/darwin-x86_64/lib64/clang/5.0.300080/lib/linux/aarch64 -L/Users/ceinfo/Library/Android/sdk/ndk-bundle/toolchains/aarch64-linux-android-4.9/prebuilt/darwin-x86_64/lib/gcc/aarch64-linux-android/4.9.x -L/Users/ceinfo/Library/Android/sdk/ndk-bundle/toolchains/aarch64-linux-android-4.9/prebuilt/darwin-x86_64/lib/gcc/aarch64-linux-android/4.9.x/../../../../aarch64-linux-android/lib/../lib64 -L/Users/ceinfo/Library/Android/sdk/ndk-bundle/toolchains/aarch64-linux-android-4.9/prebuilt/darwin-x86_64/lib/gcc/aarch64-linux-android/4.9.x/../../../../aarch64-linux-android/lib -L/Users/ceinfo/Library/Android/sdk/ndk-bundle/platforms/android-21/arch-arm64/usr/lib CMakeFiles/cmTC_3c1aa.dir/CMakeCCompilerABI.c.o -lgcc -ldl -lc -lgcc -ldl /Users/ceinfo/Library/Android/sdk/ndk-bundle/platforms/android-21/arch-arm64/usr/lib/crtend_android.o


Parsed C implicit link information from above output:
  link line regex: [^( *|.*[/\])(aarch64-linux-android-ld|([^/\]+-)?ld|collect2)[^/\]*( |$)]
  ignore line: [Change Dir: /Users/ceinfo/LinPhoneAndroidProject/linphone-android/WORK/android-arm64/Build/antlr3c/CMakeFiles/CMakeTmp]
  ignore line: []
  ignore line: [Run Build Command:"/usr/bin/make" "cmTC_3c1aa/fast"]
  ignore line: [/Applications/Xcode.app/Contents/Developer/usr/bin/make -f CMakeFiles/cmTC_3c1aa.dir/build.make CMakeFiles/cmTC_3c1aa.dir/build]
  ignore line: [Building C object CMakeFiles/cmTC_3c1aa.dir/CMakeCCompilerABI.c.o]
  ignore line: [/Users/ceinfo/Library/Android/sdk/ndk-bundle/toolchains/llvm/prebuilt/darwin-x86_64/bin/clang  --target=aarch64-none-linux-android --gcc-toolchain=/Users/ceinfo/Library/Android/sdk/ndk-bundle/toolchains/aarch64-linux-android-4.9/prebuilt/darwin-x86_64 --sysroot=/Users/ceinfo/Library/Android/sdk/ndk-bundle/platforms/android-21/arch-arm64   -fpic -funwind-tables -no-canonical-prefixes -fexceptions  -g   -o CMakeFiles/cmTC_3c1aa.dir/CMakeCCompilerABI.c.o   -c /Applications/CMake.app/Contents/share/cmake-3.7/Modules/CMakeCCompilerABI.c]
  ignore line: [Linking C executable cmTC_3c1aa]
  ignore line: [/Applications/CMake.app/Contents/bin/cmake -E cmake_link_script CMakeFiles/cmTC_3c1aa.dir/link.txt --verbose=1]
  ignore line: [/Users/ceinfo/Library/Android/sdk/ndk-bundle/toolchains/llvm/prebuilt/darwin-x86_64/bin/clang  --target=aarch64-none-linux-android --gcc-toolchain=/Users/ceinfo/Library/Android/sdk/ndk-bundle/toolchains/aarch64-linux-android-4.9/prebuilt/darwin-x86_64 --sysroot=/Users/ceinfo/Library/Android/sdk/ndk-bundle/platforms/android-21/arch-arm64 -fpic -funwind-tables -no-canonical-prefixes -fexceptions  -g   -v CMakeFiles/cmTC_3c1aa.dir/CMakeCCompilerABI.c.o  -o cmTC_3c1aa   ]
  ignore line: [Android clang version 5.0.300080  (based on LLVM 5.0.300080)]
  ignore line: [Target: aarch64-none-linux-android]
  ignore line: [Thread model: posix]
  ignore line: [InstalledDir: /Users/ceinfo/Library/Android/sdk/ndk-bundle/toolchains/llvm/prebuilt/darwin-x86_64/bin]
  ignore line: [Found candidate GCC installation: /Users/ceinfo/Library/Android/sdk/ndk-bundle/toolchains/aarch64-linux-android-4.9/prebuilt/darwin-x86_64/lib/gcc/aarch64-linux-android/4.9.x]
  ignore line: [Selected GCC installation: /Users/ceinfo/Library/Android/sdk/ndk-bundle/toolchains/aarch64-linux-android-4.9/prebuilt/darwin-x86_64/lib/gcc/aarch64-linux-android/4.9.x]
  ignore line: [Candidate multilib: .]
  ignore line: [@m64]
  ignore line: [Selected multilib: .]
  ignore line: [@m64]
  link line: [ "/Users/ceinfo/Library/Android/sdk/ndk-bundle/toolchains/aarch64-linux-android-4.9/prebuilt/darwin-x86_64/lib/gcc/aarch64-linux-android/4.9.x/../../../../aarch64-linux-android/bin/ld" --sysroot=/Users/ceinfo/Library/Android/sdk/ndk-bundle/platforms/android-21/arch-arm64 --fix-cortex-a53-843419 --eh-frame-hdr -m aarch64linux -dynamic-linker /system/bin/linker64 -o cmTC_3c1aa /Users/ceinfo/Library/Android/sdk/ndk-bundle/platforms/android-21/arch-arm64/usr/lib/crtbegin_dynamic.o -L/Users/ceinfo/Library/Android/sdk/ndk-bundle/toolchains/llvm/prebuilt/darwin-x86_64/lib64/clang/5.0.300080/lib/linux/aarch64 -L/Users/ceinfo/Library/Android/sdk/ndk-bundle/toolchains/aarch64-linux-android-4.9/prebuilt/darwin-x86_64/lib/gcc/aarch64-linux-android/4.9.x -L/Users/ceinfo/Library/Android/sdk/ndk-bundle/toolchains/aarch64-linux-android-4.9/prebuilt/darwin-x86_64/lib/gcc/aarch64-linux-android/4.9.x/../../../../aarch64-linux-android/lib/../lib64 -L/Users/ceinfo/Library/Android/sdk/ndk-bundle/toolchains/aarch64-linux-android-4.9/prebuilt/darwin-x86_64/lib/gcc/aarch64-linux-android/4.9.x/../../../../aarch64-linux-android/lib -L/Users/ceinfo/Library/Android/sdk/ndk-bundle/platforms/android-21/arch-arm64/usr/lib CMakeFiles/cmTC_3c1aa.dir/CMakeCCompilerABI.c.o -lgcc -ldl -lc -lgcc -ldl /Users/ceinfo/Library/Android/sdk/ndk-bundle/platforms/android-21/arch-arm64/usr/lib/crtend_android.o]
    arg [/Users/ceinfo/Library/Android/sdk/ndk-bundle/toolchains/aarch64-linux-android-4.9/prebuilt/darwin-x86_64/lib/gcc/aarch64-linux-android/4.9.x/../../../../aarch64-linux-android/bin/ld] ==> ignore
    arg [--sysroot=/Users/ceinfo/Library/Android/sdk/ndk-bundle/platforms/android-21/arch-arm64] ==> ignore
    arg [--fix-cortex-a53-843419] ==> ignore
    arg [--eh-frame-hdr] ==> ignore
    arg [-m] ==> ignore
    arg [aarch64linux] ==> ignore
    arg [-dynamic-linker] ==> ignore
    arg [/system/bin/linker64] ==> ignore
    arg [-o] ==> ignore
    arg [cmTC_3c1aa] ==> ignore
    arg [/Users/ceinfo/Library/Android/sdk/ndk-bundle/platforms/android-21/arch-arm64/usr/lib/crtbegin_dynamic.o] ==> ignore
    arg [-L/Users/ceinfo/Library/Android/sdk/ndk-bundle/toolchains/llvm/prebuilt/darwin-x86_64/lib64/clang/5.0.300080/lib/linux/aarch64] ==> dir [/Users/ceinfo/Library/Android/sdk/ndk-bundle/toolchains/llvm/prebuilt/darwin-x86_64/lib64/clang/5.0.300080/lib/linux/aarch64]
    arg [-L/Users/ceinfo/Library/Android/sdk/ndk-bundle/toolchains/aarch64-linux-android-4.9/prebuilt/darwin-x86_64/lib/gcc/aarch64-linux-android/4.9.x] ==> dir [/Users/ceinfo/Library/Android/sdk/ndk-bundle/toolchains/aarch64-linux-android-4.9/prebuilt/darwin-x86_64/lib/gcc/aarch64-linux-android/4.9.x]
    arg [-L/Users/ceinfo/Library/Android/sdk/ndk-bundle/toolchains/aarch64-linux-android-4.9/prebuilt/darwin-x86_64/lib/gcc/aarch64-linux-android/4.9.x/../../../../aarch64-linux-android/lib/../lib64] ==> dir [/Users/ceinfo/Library/Android/sdk/ndk-bundle/toolchains/aarch64-linux-android-4.9/prebuilt/darwin-x86_64/lib/gcc/aarch64-linux-android/4.9.x/../../../../aarch64-linux-android/lib/../lib64]
    arg [-L/Users/ceinfo/Library/Android/sdk/ndk-bundle/toolchains/aarch64-linux-android-4.9/prebuilt/darwin-x86_64/lib/gcc/aarch64-linux-android/4.9.x/../../../../aarch64-linux-android/lib] ==> dir [/Users/ceinfo/Library/Android/sdk/ndk-bundle/toolchains/aarch64-linux-android-4.9/prebuilt/darwin-x86_64/lib/gcc/aarch64-linux-android/4.9.x/../../../../aarch64-linux-android/lib]
    arg [-L/Users/ceinfo/Library/Android/sdk/ndk-bundle/platforms/android-21/arch-arm64/usr/lib] ==> dir [/Users/ceinfo/Library/Android/sdk/ndk-bundle/platforms/android-21/arch-arm64/usr/lib]
    arg [CMakeFiles/cmTC_3c1aa.dir/CMakeCCompilerABI.c.o] ==> ignore
    arg [-lgcc] ==> lib [gcc]
    arg [-ldl] ==> lib [dl]
    arg [-lc] ==> lib [c]
    arg [-lgcc] ==> lib [gcc]
    arg [-ldl] ==> lib [dl]
    arg [/Users/ceinfo/Library/Android/sdk/ndk-bundle/platforms/android-21/arch-arm64/usr/lib/crtend_android.o] ==> ignore
  remove lib [gcc]
  remove lib [gcc]
  collapse library dir [/Users/ceinfo/Library/Android/sdk/ndk-bundle/toolchains/llvm/prebuilt/darwin-x86_64/lib64/clang/5.0.300080/lib/linux/aarch64] ==> [/Users/ceinfo/Library/Android/sdk/ndk-bundle/toolchains/llvm/prebuilt/darwin-x86_64/lib64/clang/5.0.300080/lib/linux/aarch64]
  collapse library dir [/Users/ceinfo/Library/Android/sdk/ndk-bundle/toolchains/aarch64-linux-android-4.9/prebuilt/darwin-x86_64/lib/gcc/aarch64-linux-android/4.9.x] ==> [/Users/ceinfo/Library/Android/sdk/ndk-bundle/toolchains/aarch64-linux-android-4.9/prebuilt/darwin-x86_64/lib/gcc/aarch64-linux-android/4.9.x]
  collapse library dir [/Users/ceinfo/Library/Android/sdk/ndk-bundle/toolchains/aarch64-linux-android-4.9/prebuilt/darwin-x86_64/lib/gcc/aarch64-linux-android/4.9.x/../../../../aarch64-linux-android/lib/../lib64] ==> [/Users/ceinfo/Library/Android/sdk/ndk-bundle/toolchains/aarch64-linux-android-4.9/prebuilt/darwin-x86_64/aarch64-linux-android/lib64]
  collapse library dir [/Users/ceinfo/Library/Android/sdk/ndk-bundle/toolchains/aarch64-linux-android-4.9/prebuilt/darwin-x86_64/lib/gcc/aarch64-linux-android/4.9.x/../../../../aarch64-linux-android/lib] ==> [/Users/ceinfo/Library/Android/sdk/ndk-bundle/toolchains/aarch64-linux-android-4.9/prebuilt/darwin-x86_64/aarch64-linux-android/lib]
  collapse library dir [/Users/ceinfo/Library/Android/sdk/ndk-bundle/platforms/android-21/arch-arm64/usr/lib] ==> [/Users/ceinfo/Library/Android/sdk/ndk-bundle/platforms/android-21/arch-arm64/usr/lib]
  implicit libs: [dl;c;dl]
  implicit dirs: [/Users/ceinfo/Library/Android/sdk/ndk-bundle/toolchains/llvm/prebuilt/darwin-x86_64/lib64/clang/5.0.300080/lib/linux/aarch64;/Users/ceinfo/Library/Android/sdk/ndk-bundle/toolchains/aarch64-linux-android-4.9/prebuilt/darwin-x86_64/lib/gcc/aarch64-linux-android/4.9.x;/Users/ceinfo/Library/Android/sdk/ndk-bundle/toolchains/aarch64-linux-android-4.9/prebuilt/darwin-x86_64/aarch64-linux-android/lib64;/Users/ceinfo/Library/Android/sdk/ndk-bundle/toolchains/aarch64-linux-android-4.9/prebuilt/darwin-x86_64/aarch64-linux-android/lib;/Users/ceinfo/Library/Android/sdk/ndk-bundle/platforms/android-21/arch-arm64/usr/lib]
  implicit fwks: []




Detecting C [-std=c11] compiler features compiled with the following output:
Change Dir: /Users/ceinfo/LinPhoneAndroidProject/linphone-android/WORK/android-arm64/Build/antlr3c/CMakeFiles/CMakeTmp

Run Build Command:"/usr/bin/make" "cmTC_b0232/fast"
/Applications/Xcode.app/Contents/Developer/usr/bin/make -f CMakeFiles/cmTC_b0232.dir/build.make CMakeFiles/cmTC_b0232.dir/build
Building C object CMakeFiles/cmTC_b0232.dir/feature_tests.c.o
/Users/ceinfo/Library/Android/sdk/ndk-bundle/toolchains/llvm/prebuilt/darwin-x86_64/bin/clang  --target=aarch64-none-linux-android --gcc-toolchain=/Users/ceinfo/Library/Android/sdk/ndk-bundle/toolchains/aarch64-linux-android-4.9/prebuilt/darwin-x86_64 --sysroot=/Users/ceinfo/Library/Android/sdk/ndk-bundle/platforms/android-21/arch-arm64   -fpic -funwind-tables -no-canonical-prefixes -fexceptions  -g   -std=c11 -o CMakeFiles/cmTC_b0232.dir/feature_tests.c.o   -c /Users/ceinfo/LinPhoneAndroidProject/linphone-android/WORK/android-arm64/Build/antlr3c/CMakeFiles/feature_tests.c
Linking C executable cmTC_b0232
/Applications/CMake.app/Contents/bin/cmake -E cmake_link_script CMakeFiles/cmTC_b0232.dir/link.txt --verbose=1
/Users/ceinfo/Library/Android/sdk/ndk-bundle/toolchains/llvm/prebuilt/darwin-x86_64/bin/clang  --target=aarch64-none-linux-android --gcc-toolchain=/Users/ceinfo/Library/Android/sdk/ndk-bundle/toolchains/aarch64-linux-android-4.9/prebuilt/darwin-x86_64 --sysroot=/Users/ceinfo/Library/Android/sdk/ndk-bundle/platforms/android-21/arch-arm64 -fpic -funwind-tables -no-canonical-prefixes -fexceptions  -g    CMakeFiles/cmTC_b0232.dir/feature_tests.c.o  -o cmTC_b0232  


    Feature record: C_FEATURE:1c_function_prototypes
    Feature record: C_FEATURE:1c_restrict
    Feature record: C_FEATURE:1c_static_assert
    Feature record: C_FEATURE:1c_variadic_macros


Detecting C [-std=c99] compiler features compiled with the following output:
Change Dir: /Users/ceinfo/LinPhoneAndroidProject/linphone-android/WORK/android-arm64/Build/antlr3c/CMakeFiles/CMakeTmp

Run Build Command:"/usr/bin/make" "cmTC_867f6/fast"
/Applications/Xcode.app/Contents/Developer/usr/bin/make -f CMakeFiles/cmTC_867f6.dir/build.make CMakeFiles/cmTC_867f6.dir/build
Building C object CMakeFiles/cmTC_867f6.dir/feature_tests.c.o
/Users/ceinfo/Library/Android/sdk/ndk-bundle/toolchains/llvm/prebuilt/darwin-x86_64/bin/clang  --target=aarch64-none-linux-android --gcc-toolchain=/Users/ceinfo/Library/Android/sdk/ndk-bundle/toolchains/aarch64-linux-android-4.9/prebuilt/darwin-x86_64 --sysroot=/Users/ceinfo/Library/Android/sdk/ndk-bundle/platforms/android-21/arch-arm64   -fpic -funwind-tables -no-canonical-prefixes -fexceptions  -g   -std=c99 -o CMakeFiles/cmTC_867f6.dir/feature_tests.c.o   -c /Users/ceinfo/LinPhoneAndroidProject/linphone-android/WORK/android-arm64/Build/antlr3c/CMakeFiles/feature_tests.c
Linking C executable cmTC_867f6
/Applications/CMake.app/Contents/bin/cmake -E cmake_link_script CMakeFiles/cmTC_867f6.dir/link.txt --verbose=1
/Users/ceinfo/Library/Android/sdk/ndk-bundle/toolchains/llvm/prebuilt/darwin-x86_64/bin/clang  --target=aarch64-none-linux-android --gcc-toolchain=/Users/ceinfo/Library/Android/sdk/ndk-bundle/toolchains/aarch64-linux-android-4.9/prebuilt/darwin-x86_64 --sysroot=/Users/ceinfo/Library/Android/sdk/ndk-bundle/platforms/android-21/arch-arm64 -fpic -funwind-tables -no-canonical-prefixes -fexceptions  -g    CMakeFiles/cmTC_867f6.dir/feature_tests.c.o  -o cmTC_867f6  


    Feature record: C_FEATURE:1c_function_prototypes
    Feature record: C_FEATURE:1c_restrict
    Feature record: C_FEATURE:0c_static_assert
    Feature record: C_FEATURE:1c_variadic_macros


Detecting C [-std=c90] compiler features compiled with the following output:
Change Dir: /Users/ceinfo/LinPhoneAndroidProject/linphone-android/WORK/android-arm64/Build/antlr3c/CMakeFiles/CMakeTmp

Run Build Command:"/usr/bin/make" "cmTC_02d07/fast"
/Applications/Xcode.app/Contents/Developer/usr/bin/make -f CMakeFiles/cmTC_02d07.dir/build.make CMakeFiles/cmTC_02d07.dir/build
Building C object CMakeFiles/cmTC_02d07.dir/feature_tests.c.o
/Users/ceinfo/Library/Android/sdk/ndk-bundle/toolchains/llvm/prebuilt/darwin-x86_64/bin/clang  --target=aarch64-none-linux-android --gcc-toolchain=/Users/ceinfo/Library/Android/sdk/ndk-bundle/toolchains/aarch64-linux-android-4.9/prebuilt/darwin-x86_64 --sysroot=/Users/ceinfo/Library/Android/sdk/ndk-bundle/platforms/android-21/arch-arm64   -fpic -funwind-tables -no-canonical-prefixes -fexceptions  -g   -std=c90 -o CMakeFiles/cmTC_02d07.dir/feature_tests.c.o   -c /Users/ceinfo/LinPhoneAndroidProject/linphone-android/WORK/android-arm64/Build/antlr3c/CMakeFiles/feature_tests.c
Linking C executable cmTC_02d07
/Applications/CMake.app/Contents/bin/cmake -E cmake_link_script CMakeFiles/cmTC_02d07.dir/link.txt --verbose=1
/Users/ceinfo/Library/Android/sdk/ndk-bundle/toolchains/llvm/prebuilt/darwin-x86_64/bin/clang  --target=aarch64-none-linux-android --gcc-toolchain=/Users/ceinfo/Library/Android/sdk/ndk-bundle/toolchains/aarch64-linux-android-4.9/prebuilt/darwin-x86_64 --sysroot=/Users/ceinfo/Library/Android/sdk/ndk-bundle/platforms/android-21/arch-arm64 -fpic -funwind-tables -no-canonical-prefixes -fexceptions  -g    CMakeFiles/cmTC_02d07.dir/feature_tests.c.o  -o cmTC_02d07  


    Feature record: C_FEATURE:1c_function_prototypes
    Feature record: C_FEATURE:0c_restrict
    Feature record: C_FEATURE:0c_static_assert
    Feature record: C_FEATURE:0c_variadic_macros
Determining if the include file arpa/nameser.h exists passed with the following output:
Change Dir: /Users/ceinfo/LinPhoneAndroidProject/linphone-android/WORK/android-arm64/Build/antlr3c/CMakeFiles/CMakeTmp

Run Build Command:"/usr/bin/make" "cmTC_6f704/fast"
/Applications/Xcode.app/Contents/Developer/usr/bin/make -f CMakeFiles/cmTC_6f704.dir/build.make CMakeFiles/cmTC_6f704.dir/build
Building C object CMakeFiles/cmTC_6f704.dir/CheckIncludeFile.c.o
/Users/ceinfo/Library/Android/sdk/ndk-bundle/toolchains/llvm/prebuilt/darwin-x86_64/bin/clang  --target=aarch64-none-linux-android --gcc-toolchain=/Users/ceinfo/Library/Android/sdk/ndk-bundle/toolchains/aarch64-linux-android-4.9/prebuilt/darwin-x86_64 --sysroot=/Users/ceinfo/Library/Android/sdk/ndk-bundle/platforms/android-21/arch-arm64   -fpic -funwind-tables -no-canonical-prefixes -fexceptions  -g   -o CMakeFiles/cmTC_6f704.dir/CheckIncludeFile.c.o   -c /Users/ceinfo/LinPhoneAndroidProject/linphone-android/WORK/android-arm64/Build/antlr3c/CMakeFiles/CMakeTmp/CheckIncludeFile.c
Linking C executable cmTC_6f704
/Applications/CMake.app/Contents/bin/cmake -E cmake_link_script CMakeFiles/cmTC_6f704.dir/link.txt --verbose=1
/Users/ceinfo/Library/Android/sdk/ndk-bundle/toolchains/llvm/prebuilt/darwin-x86_64/bin/clang  --target=aarch64-none-linux-android --gcc-toolchain=/Users/ceinfo/Library/Android/sdk/ndk-bundle/toolchains/aarch64-linux-android-4.9/prebuilt/darwin-x86_64 --sysroot=/Users/ceinfo/Library/Android/sdk/ndk-bundle/platforms/android-21/arch-arm64 -fpic -funwind-tables -no-canonical-prefixes -fexceptions  -g    CMakeFiles/cmTC_6f704.dir/CheckIncludeFile.c.o  -o cmTC_6f704  


Determining if the include file ctype.h exists passed with the following output:
Change Dir: /Users/ceinfo/LinPhoneAndroidProject/linphone-android/WORK/android-arm64/Build/antlr3c/CMakeFiles/CMakeTmp

Run Build Command:"/usr/bin/make" "cmTC_88a60/fast"
/Applications/Xcode.app/Contents/Developer/usr/bin/make -f CMakeFiles/cmTC_88a60.dir/build.make CMakeFiles/cmTC_88a60.dir/build
Building C object CMakeFiles/cmTC_88a60.dir/CheckIncludeFile.c.o
/Users/ceinfo/Library/Android/sdk/ndk-bundle/toolchains/llvm/prebuilt/darwin-x86_64/bin/clang  --target=aarch64-none-linux-android --gcc-toolchain=/Users/ceinfo/Library/Android/sdk/ndk-bundle/toolchains/aarch64-linux-android-4.9/prebuilt/darwin-x86_64 --sysroot=/Users/ceinfo/Library/Android/sdk/ndk-bundle/platforms/android-21/arch-arm64   -fpic -funwind-tables -no-canonical-prefixes -fexceptions  -g   -o CMakeFiles/cmTC_88a60.dir/CheckIncludeFile.c.o   -c /Users/ceinfo/LinPhoneAndroidProject/linphone-android/WORK/android-arm64/Build/antlr3c/CMakeFiles/CMakeTmp/CheckIncludeFile.c
Linking C executable cmTC_88a60
/Applications/CMake.app/Contents/bin/cmake -E cmake_link_script CMakeFiles/cmTC_88a60.dir/link.txt --verbose=1
/Users/ceinfo/Library/Android/sdk/ndk-bundle/toolchains/llvm/prebuilt/darwin-x86_64/bin/clang  --target=aarch64-none-linux-android --gcc-toolchain=/Users/ceinfo/Library/Android/sdk/ndk-bundle/toolchains/aarch64-linux-android-4.9/prebuilt/darwin-x86_64 --sysroot=/Users/ceinfo/Library/Android/sdk/ndk-bundle/platforms/android-21/arch-arm64 -fpic -funwind-tables -no-canonical-prefixes -fexceptions  -g    CMakeFiles/cmTC_88a60.dir/CheckIncludeFile.c.o  -o cmTC_88a60  


Determining if the include file dlfcn.h exists passed with the following output:
Change Dir: /Users/ceinfo/LinPhoneAndroidProject/linphone-android/WORK/android-arm64/Build/antlr3c/CMakeFiles/CMakeTmp

Run Build Command:"/usr/bin/make" "cmTC_f2d07/fast"
/Applications/Xcode.app/Contents/Developer/usr/bin/make -f CMakeFiles/cmTC_f2d07.dir/build.make CMakeFiles/cmTC_f2d07.dir/build
Building C object CMakeFiles/cmTC_f2d07.dir/CheckIncludeFile.c.o
/Users/ceinfo/Library/Android/sdk/ndk-bundle/toolchains/llvm/prebuilt/darwin-x86_64/bin/clang  --target=aarch64-none-linux-android --gcc-toolchain=/Users/ceinfo/Library/Android/sdk/ndk-bundle/toolchains/aarch64-linux-android-4.9/prebuilt/darwin-x86_64 --sysroot=/Users/ceinfo/Library/Android/sdk/ndk-bundle/platforms/android-21/arch-arm64   -fpic -funwind-tables -no-canonical-prefixes -fexceptions  -g   -o CMakeFiles/cmTC_f2d07.dir/CheckIncludeFile.c.o   -c /Users/ceinfo/LinPhoneAndroidProject/linphone-android/WORK/android-arm64/Build/antlr3c/CMakeFiles/CMakeTmp/CheckIncludeFile.c
Linking C executable cmTC_f2d07
/Applications/CMake.app/Contents/bin/cmake -E cmake_link_script CMakeFiles/cmTC_f2d07.dir/link.txt --verbose=1
/Users/ceinfo/Library/Android/sdk/ndk-bundle/toolchains/llvm/prebuilt/darwin-x86_64/bin/clang  --target=aarch64-none-linux-android --gcc-toolchain=/Users/ceinfo/Library/Android/sdk/ndk-bundle/toolchains/aarch64-linux-android-4.9/prebuilt/darwin-x86_64 --sysroot=/Users/ceinfo/Library/Android/sdk/ndk-bundle/platforms/android-21/arch-arm64 -fpic -funwind-tables -no-canonical-prefixes -fexceptions  -g    CMakeFiles/cmTC_f2d07.dir/CheckIncludeFile.c.o  -o cmTC_f2d07  


Determining if the include file inttypes.h exists passed with the following output:
Change Dir: /Users/ceinfo/LinPhoneAndroidProject/linphone-android/WORK/android-arm64/Build/antlr3c/CMakeFiles/CMakeTmp

Run Build Command:"/usr/bin/make" "cmTC_a3a49/fast"
/Applications/Xcode.app/Contents/Developer/usr/bin/make -f CMakeFiles/cmTC_a3a49.dir/build.make CMakeFiles/cmTC_a3a49.dir/build
Building C object CMakeFiles/cmTC_a3a49.dir/CheckIncludeFile.c.o
/Users/ceinfo/Library/Android/sdk/ndk-bundle/toolchains/llvm/prebuilt/darwin-x86_64/bin/clang  --target=aarch64-none-linux-android --gcc-toolchain=/Users/ceinfo/Library/Android/sdk/ndk-bundle/toolchains/aarch64-linux-android-4.9/prebuilt/darwin-x86_64 --sysroot=/Users/ceinfo/Library/Android/sdk/ndk-bundle/platforms/android-21/arch-arm64   -fpic -funwind-tables -no-canonical-prefixes -fexceptions  -g   -o CMakeFiles/cmTC_a3a49.dir/CheckIncludeFile.c.o   -c /Users/ceinfo/LinPhoneAndroidProject/linphone-android/WORK/android-arm64/Build/antlr3c/CMakeFiles/CMakeTmp/CheckIncludeFile.c
Linking C executable cmTC_a3a49
/Applications/CMake.app/Contents/bin/cmake -E cmake_link_script CMakeFiles/cmTC_a3a49.dir/link.txt --verbose=1
/Users/ceinfo/Library/Android/sdk/ndk-bundle/toolchains/llvm/prebuilt/darwin-x86_64/bin/clang  --target=aarch64-none-linux-android --gcc-toolchain=/Users/ceinfo/Library/Android/sdk/ndk-bundle/toolchains/aarch64-linux-android-4.9/prebuilt/darwin-x86_64 --sysroot=/Users/ceinfo/Library/Android/sdk/ndk-bundle/platforms/android-21/arch-arm64 -fpic -funwind-tables -no-canonical-prefixes -fexceptions  -g    CMakeFiles/cmTC_a3a49.dir/CheckIncludeFile.c.o  -o cmTC_a3a49  


Determining if the include file malloc.h exists passed with the following output:
Change Dir: /Users/ceinfo/LinPhoneAndroidProject/linphone-android/WORK/android-arm64/Build/antlr3c/CMakeFiles/CMakeTmp

Run Build Command:"/usr/bin/make" "cmTC_64b8f/fast"
/Applications/Xcode.app/Contents/Developer/usr/bin/make -f CMakeFiles/cmTC_64b8f.dir/build.make CMakeFiles/cmTC_64b8f.dir/build
Building C object CMakeFiles/cmTC_64b8f.dir/CheckIncludeFile.c.o
/Users/ceinfo/Library/Android/sdk/ndk-bundle/toolchains/llvm/prebuilt/darwin-x86_64/bin/clang  --target=aarch64-none-linux-android --gcc-toolchain=/Users/ceinfo/Library/Android/sdk/ndk-bundle/toolchains/aarch64-linux-android-4.9/prebuilt/darwin-x86_64 --sysroot=/Users/ceinfo/Library/Android/sdk/ndk-bundle/platforms/android-21/arch-arm64   -fpic -funwind-tables -no-canonical-prefixes -fexceptions  -g   -o CMakeFiles/cmTC_64b8f.dir/CheckIncludeFile.c.o   -c /Users/ceinfo/LinPhoneAndroidProject/linphone-android/WORK/android-arm64/Build/antlr3c/CMakeFiles/CMakeTmp/CheckIncludeFile.c
Linking C executable cmTC_64b8f
/Applications/CMake.app/Contents/bin/cmake -E cmake_link_script CMakeFiles/cmTC_64b8f.dir/link.txt --verbose=1
/Users/ceinfo/Library/Android/sdk/ndk-bundle/toolchains/llvm/prebuilt/darwin-x86_64/bin/clang  --target=aarch64-none-linux-android --gcc-toolchain=/Users/ceinfo/Library/Android/sdk/ndk-bundle/toolchains/aarch64-linux-android-4.9/prebuilt/darwin-x86_64 --sysroot=/Users/ceinfo/Library/Android/sdk/ndk-bundle/platforms/android-21/arch-arm64 -fpic -funwind-tables -no-canonical-prefixes -fexceptions  -g    CMakeFiles/cmTC_64b8f.dir/CheckIncludeFile.c.o  -o cmTC_64b8f  


Determining if the include file memory.h exists passed with the following output:
Change Dir: /Users/ceinfo/LinPhoneAndroidProject/linphone-android/WORK/android-arm64/Build/antlr3c/CMakeFiles/CMakeTmp

Run Build Command:"/usr/bin/make" "cmTC_33b77/fast"
/Applications/Xcode.app/Contents/Developer/usr/bin/make -f CMakeFiles/cmTC_33b77.dir/build.make CMakeFiles/cmTC_33b77.dir/build
Building C object CMakeFiles/cmTC_33b77.dir/CheckIncludeFile.c.o
/Users/ceinfo/Library/Android/sdk/ndk-bundle/toolchains/llvm/prebuilt/darwin-x86_64/bin/clang  --target=aarch64-none-linux-android --gcc-toolchain=/Users/ceinfo/Library/Android/sdk/ndk-bundle/toolchains/aarch64-linux-android-4.9/prebuilt/darwin-x86_64 --sysroot=/Users/ceinfo/Library/Android/sdk/ndk-bundle/platforms/android-21/arch-arm64   -fpic -funwind-tables -no-canonical-prefixes -fexceptions  -g   -o CMakeFiles/cmTC_33b77.dir/CheckIncludeFile.c.o   -c /Users/ceinfo/LinPhoneAndroidProject/linphone-android/WORK/android-arm64/Build/antlr3c/CMakeFiles/CMakeTmp/CheckIncludeFile.c
Linking C executable cmTC_33b77
/Applications/CMake.app/Contents/bin/cmake -E cmake_link_script CMakeFiles/cmTC_33b77.dir/link.txt --verbose=1
/Users/ceinfo/Library/Android/sdk/ndk-bundle/toolchains/llvm/prebuilt/darwin-x86_64/bin/clang  --target=aarch64-none-linux-android --gcc-toolchain=/Users/ceinfo/Library/Android/sdk/ndk-bundle/toolchains/aarch64-linux-android-4.9/prebuilt/darwin-x86_64 --sysroot=/Users/ceinfo/Library/Android/sdk/ndk-bundle/platforms/android-21/arch-arm64 -fpic -funwind-tables -no-canonical-prefixes -fexceptions  -g    CMakeFiles/cmTC_33b77.dir/CheckIncludeFile.c.o  -o cmTC_33b77  


Determining if the include file netdb.h exists passed with the following output:
Change Dir: /Users/ceinfo/LinPhoneAndroidProject/linphone-android/WORK/android-arm64/Build/antlr3c/CMakeFiles/CMakeTmp

Run Build Command:"/usr/bin/make" "cmTC_8a06e/fast"
/Applications/Xcode.app/Contents/Developer/usr/bin/make -f CMakeFiles/cmTC_8a06e.dir/build.make CMakeFiles/cmTC_8a06e.dir/build
Building C object CMakeFiles/cmTC_8a06e.dir/CheckIncludeFile.c.o
/Users/ceinfo/Library/Android/sdk/ndk-bundle/toolchains/llvm/prebuilt/darwin-x86_64/bin/clang  --target=aarch64-none-linux-android --gcc-toolchain=/Users/ceinfo/Library/Android/sdk/ndk-bundle/toolchains/aarch64-linux-android-4.9/prebuilt/darwin-x86_64 --sysroot=/Users/ceinfo/Library/Android/sdk/ndk-bundle/platforms/android-21/arch-arm64   -fpic -funwind-tables -no-canonical-prefixes -fexceptions  -g   -o CMakeFiles/cmTC_8a06e.dir/CheckIncludeFile.c.o   -c /Users/ceinfo/LinPhoneAndroidProject/linphone-android/WORK/android-arm64/Build/antlr3c/CMakeFiles/CMakeTmp/CheckIncludeFile.c
Linking C executable cmTC_8a06e
/Applications/CMake.app/Contents/bin/cmake -E cmake_link_script CMakeFiles/cmTC_8a06e.dir/link.txt --verbose=1
/Users/ceinfo/Library/Android/sdk/ndk-bundle/toolchains/llvm/prebuilt/darwin-x86_64/bin/clang  --target=aarch64-none-linux-android --gcc-toolchain=/Users/ceinfo/Library/Android/sdk/ndk-bundle/toolchains/aarch64-linux-android-4.9/prebuilt/darwin-x86_64 --sysroot=/Users/ceinfo/Library/Android/sdk/ndk-bundle/platforms/android-21/arch-arm64 -fpic -funwind-tables -no-canonical-prefixes -fexceptions  -g    CMakeFiles/cmTC_8a06e.dir/CheckIncludeFile.c.o  -o cmTC_8a06e  


Determining if the include file netinet/in.h exists passed with the following output:
Change Dir: /Users/ceinfo/LinPhoneAndroidProject/linphone-android/WORK/android-arm64/Build/antlr3c/CMakeFiles/CMakeTmp

Run Build Command:"/usr/bin/make" "cmTC_216fd/fast"
/Applications/Xcode.app/Contents/Developer/usr/bin/make -f CMakeFiles/cmTC_216fd.dir/build.make CMakeFiles/cmTC_216fd.dir/build
Building C object CMakeFiles/cmTC_216fd.dir/CheckIncludeFile.c.o
/Users/ceinfo/Library/Android/sdk/ndk-bundle/toolchains/llvm/prebuilt/darwin-x86_64/bin/clang  --target=aarch64-none-linux-android --gcc-toolchain=/Users/ceinfo/Library/Android/sdk/ndk-bundle/toolchains/aarch64-linux-android-4.9/prebuilt/darwin-x86_64 --sysroot=/Users/ceinfo/Library/Android/sdk/ndk-bundle/platforms/android-21/arch-arm64   -fpic -funwind-tables -no-canonical-prefixes -fexceptions  -g   -o CMakeFiles/cmTC_216fd.dir/CheckIncludeFile.c.o   -c /Users/ceinfo/LinPhoneAndroidProject/linphone-android/WORK/android-arm64/Build/antlr3c/CMakeFiles/CMakeTmp/CheckIncludeFile.c
Linking C executable cmTC_216fd
/Applications/CMake.app/Contents/bin/cmake -E cmake_link_script CMakeFiles/cmTC_216fd.dir/link.txt --verbose=1
/Users/ceinfo/Library/Android/sdk/ndk-bundle/toolchains/llvm/prebuilt/darwin-x86_64/bin/clang  --target=aarch64-none-linux-android --gcc-toolchain=/Users/ceinfo/Library/Android/sdk/ndk-bundle/toolchains/aarch64-linux-android-4.9/prebuilt/darwin-x86_64 --sysroot=/Users/ceinfo/Library/Android/sdk/ndk-bundle/platforms/android-21/arch-arm64 -fpic -funwind-tables -no-canonical-prefixes -fexceptions  -g    CMakeFiles/cmTC_216fd.dir/CheckIncludeFile.c.o  -o cmTC_216fd  


Determining if the include file resolv.h exists passed with the following output:
Change Dir: /Users/ceinfo/LinPhoneAndroidProject/linphone-android/WORK/android-arm64/Build/antlr3c/CMakeFiles/CMakeTmp

Run Build Command:"/usr/bin/make" "cmTC_02e15/fast"
/Applications/Xcode.app/Contents/Developer/usr/bin/make -f CMakeFiles/cmTC_02e15.dir/build.make CMakeFiles/cmTC_02e15.dir/build
Building C object CMakeFiles/cmTC_02e15.dir/CheckIncludeFile.c.o
/Users/ceinfo/Library/Android/sdk/ndk-bundle/toolchains/llvm/prebuilt/darwin-x86_64/bin/clang  --target=aarch64-none-linux-android --gcc-toolchain=/Users/ceinfo/Library/Android/sdk/ndk-bundle/toolchains/aarch64-linux-android-4.9/prebuilt/darwin-x86_64 --sysroot=/Users/ceinfo/Library/Android/sdk/ndk-bundle/platforms/android-21/arch-arm64   -fpic -funwind-tables -no-canonical-prefixes -fexceptions  -g   -o CMakeFiles/cmTC_02e15.dir/CheckIncludeFile.c.o   -c /Users/ceinfo/LinPhoneAndroidProject/linphone-android/WORK/android-arm64/Build/antlr3c/CMakeFiles/CMakeTmp/CheckIncludeFile.c
Linking C executable cmTC_02e15
/Applications/CMake.app/Contents/bin/cmake -E cmake_link_script CMakeFiles/cmTC_02e15.dir/link.txt --verbose=1
/Users/ceinfo/Library/Android/sdk/ndk-bundle/toolchains/llvm/prebuilt/darwin-x86_64/bin/clang  --target=aarch64-none-linux-android --gcc-toolchain=/Users/ceinfo/Library/Android/sdk/ndk-bundle/toolchains/aarch64-linux-android-4.9/prebuilt/darwin-x86_64 --sysroot=/Users/ceinfo/Library/Android/sdk/ndk-bundle/platforms/android-21/arch-arm64 -fpic -funwind-tables -no-canonical-prefixes -fexceptions  -g    CMakeFiles/cmTC_02e15.dir/CheckIncludeFile.c.o  -o cmTC_02e15  


Determining if the include file stdarg.h exists passed with the following output:
Change Dir: /Users/ceinfo/LinPhoneAndroidProject/linphone-android/WORK/android-arm64/Build/antlr3c/CMakeFiles/CMakeTmp

Run Build Command:"/usr/bin/make" "cmTC_5a903/fast"
/Applications/Xcode.app/Contents/Developer/usr/bin/make -f CMakeFiles/cmTC_5a903.dir/build.make CMakeFiles/cmTC_5a903.dir/build
Building C object CMakeFiles/cmTC_5a903.dir/CheckIncludeFile.c.o
/Users/ceinfo/Library/Android/sdk/ndk-bundle/toolchains/llvm/prebuilt/darwin-x86_64/bin/clang  --target=aarch64-none-linux-android --gcc-toolchain=/Users/ceinfo/Library/Android/sdk/ndk-bundle/toolchains/aarch64-linux-android-4.9/prebuilt/darwin-x86_64 --sysroot=/Users/ceinfo/Library/Android/sdk/ndk-bundle/platforms/android-21/arch-arm64   -fpic -funwind-tables -no-canonical-prefixes -fexceptions  -g   -o CMakeFiles/cmTC_5a903.dir/CheckIncludeFile.c.o   -c /Users/ceinfo/LinPhoneAndroidProject/linphone-android/WORK/android-arm64/Build/antlr3c/CMakeFiles/CMakeTmp/CheckIncludeFile.c
Linking C executable cmTC_5a903
/Applications/CMake.app/Contents/bin/cmake -E cmake_link_script CMakeFiles/cmTC_5a903.dir/link.txt --verbose=1
/Users/ceinfo/Library/Android/sdk/ndk-bundle/toolchains/llvm/prebuilt/darwin-x86_64/bin/clang  --target=aarch64-none-linux-android --gcc-toolchain=/Users/ceinfo/Library/Android/sdk/ndk-bundle/toolchains/aarch64-linux-android-4.9/prebuilt/darwin-x86_64 --sysroot=/Users/ceinfo/Library/Android/sdk/ndk-bundle/platforms/android-21/arch-arm64 -fpic -funwind-tables -no-canonical-prefixes -fexceptions  -g    CMakeFiles/cmTC_5a903.dir/CheckIncludeFile.c.o  -o cmTC_5a903  


Determining if the include file stdint.h exists passed with the following output:
Change Dir: /Users/ceinfo/LinPhoneAndroidProject/linphone-android/WORK/android-arm64/Build/antlr3c/CMakeFiles/CMakeTmp

Run Build Command:"/usr/bin/make" "cmTC_e6d7c/fast"
/Applications/Xcode.app/Contents/Developer/usr/bin/make -f CMakeFiles/cmTC_e6d7c.dir/build.make CMakeFiles/cmTC_e6d7c.dir/build
Building C object CMakeFiles/cmTC_e6d7c.dir/CheckIncludeFile.c.o
/Users/ceinfo/Library/Android/sdk/ndk-bundle/toolchains/llvm/prebuilt/darwin-x86_64/bin/clang  --target=aarch64-none-linux-android --gcc-toolchain=/Users/ceinfo/Library/Android/sdk/ndk-bundle/toolchains/aarch64-linux-android-4.9/prebuilt/darwin-x86_64 --sysroot=/Users/ceinfo/Library/Android/sdk/ndk-bundle/platforms/android-21/arch-arm64   -fpic -funwind-tables -no-canonical-prefixes -fexceptions  -g   -o CMakeFiles/cmTC_e6d7c.dir/CheckIncludeFile.c.o   -c /Users/ceinfo/LinPhoneAndroidProject/linphone-android/WORK/android-arm64/Build/antlr3c/CMakeFiles/CMakeTmp/CheckIncludeFile.c
Linking C executable cmTC_e6d7c
/Applications/CMake.app/Contents/bin/cmake -E cmake_link_script CMakeFiles/cmTC_e6d7c.dir/link.txt --verbose=1
/Users/ceinfo/Library/Android/sdk/ndk-bundle/toolchains/llvm/prebuilt/darwin-x86_64/bin/clang  --target=aarch64-none-linux-android --gcc-toolchain=/Users/ceinfo/Library/Android/sdk/ndk-bundle/toolchains/aarch64-linux-android-4.9/prebuilt/darwin-x86_64 --sysroot=/Users/ceinfo/Library/Android/sdk/ndk-bundle/platforms/android-21/arch-arm64 -fpic -funwind-tables -no-canonical-prefixes -fexceptions  -g    CMakeFiles/cmTC_e6d7c.dir/CheckIncludeFile.c.o  -o cmTC_e6d7c  


Determining if the include file stdlib.h exists passed with the following output:
Change Dir: /Users/ceinfo/LinPhoneAndroidProject/linphone-android/WORK/android-arm64/Build/antlr3c/CMakeFiles/CMakeTmp

Run Build Command:"/usr/bin/make" "cmTC_a6d64/fast"
/Applications/Xcode.app/Contents/Developer/usr/bin/make -f CMakeFiles/cmTC_a6d64.dir/build.make CMakeFiles/cmTC_a6d64.dir/build
Building C object CMakeFiles/cmTC_a6d64.dir/CheckIncludeFile.c.o
/Users/ceinfo/Library/Android/sdk/ndk-bundle/toolchains/llvm/prebuilt/darwin-x86_64/bin/clang  --target=aarch64-none-linux-android --gcc-toolchain=/Users/ceinfo/Library/Android/sdk/ndk-bundle/toolchains/aarch64-linux-android-4.9/prebuilt/darwin-x86_64 --sysroot=/Users/ceinfo/Library/Android/sdk/ndk-bundle/platforms/android-21/arch-arm64   -fpic -funwind-tables -no-canonical-prefixes -fexceptions  -g   -o CMakeFiles/cmTC_a6d64.dir/CheckIncludeFile.c.o   -c /Users/ceinfo/LinPhoneAndroidProject/linphone-android/WORK/android-arm64/Build/antlr3c/CMakeFiles/CMakeTmp/CheckIncludeFile.c
Linking C executable cmTC_a6d64
/Applications/CMake.app/Contents/bin/cmake -E cmake_link_script CMakeFiles/cmTC_a6d64.dir/link.txt --verbose=1
/Users/ceinfo/Library/Android/sdk/ndk-bundle/toolchains/llvm/prebuilt/darwin-x86_64/bin/clang  --target=aarch64-none-linux-android --gcc-toolchain=/Users/ceinfo/Library/Android/sdk/ndk-bundle/toolchains/aarch64-linux-android-4.9/prebuilt/darwin-x86_64 --sysroot=/Users/ceinfo/Library/Android/sdk/ndk-bundle/platforms/android-21/arch-arm64 -fpic -funwind-tables -no-canonical-prefixes -fexceptions  -g    CMakeFiles/cmTC_a6d64.dir/CheckIncludeFile.c.o  -o cmTC_a6d64  


Determining if the include file strings.h exists passed with the following output:
Change Dir: /Users/ceinfo/LinPhoneAndroidProject/linphone-android/WORK/android-arm64/Build/antlr3c/CMakeFiles/CMakeTmp

Run Build Command:"/usr/bin/make" "cmTC_9ea60/fast"
/Applications/Xcode.app/Contents/Developer/usr/bin/make -f CMakeFiles/cmTC_9ea60.dir/build.make CMakeFiles/cmTC_9ea60.dir/build
Building C object CMakeFiles/cmTC_9ea60.dir/CheckIncludeFile.c.o
/Users/ceinfo/Library/Android/sdk/ndk-bundle/toolchains/llvm/prebuilt/darwin-x86_64/bin/clang  --target=aarch64-none-linux-android --gcc-toolchain=/Users/ceinfo/Library/Android/sdk/ndk-bundle/toolchains/aarch64-linux-android-4.9/prebuilt/darwin-x86_64 --sysroot=/Users/ceinfo/Library/Android/sdk/ndk-bundle/platforms/android-21/arch-arm64   -fpic -funwind-tables -no-canonical-prefixes -fexceptions  -g   -o CMakeFiles/cmTC_9ea60.dir/CheckIncludeFile.c.o   -c /Users/ceinfo/LinPhoneAndroidProject/linphone-android/WORK/android-arm64/Build/antlr3c/CMakeFiles/CMakeTmp/CheckIncludeFile.c
Linking C executable cmTC_9ea60
/Applications/CMake.app/Contents/bin/cmake -E cmake_link_script CMakeFiles/cmTC_9ea60.dir/link.txt --verbose=1
/Users/ceinfo/Library/Android/sdk/ndk-bundle/toolchains/llvm/prebuilt/darwin-x86_64/bin/clang  --target=aarch64-none-linux-android --gcc-toolchain=/Users/ceinfo/Library/Android/sdk/ndk-bundle/toolchains/aarch64-linux-android-4.9/prebuilt/darwin-x86_64 --sysroot=/Users/ceinfo/Library/Android/sdk/ndk-bundle/platforms/android-21/arch-arm64 -fpic -funwind-tables -no-canonical-prefixes -fexceptions  -g    CMakeFiles/cmTC_9ea60.dir/CheckIncludeFile.c.o  -o cmTC_9ea60  


Determining if the include file string.h exists passed with the following output:
Change Dir: /Users/ceinfo/LinPhoneAndroidProject/linphone-android/WORK/android-arm64/Build/antlr3c/CMakeFiles/CMakeTmp

Run Build Command:"/usr/bin/make" "cmTC_a93e1/fast"
/Applications/Xcode.app/Contents/Developer/usr/bin/make -f CMakeFiles/cmTC_a93e1.dir/build.make CMakeFiles/cmTC_a93e1.dir/build
Building C object CMakeFiles/cmTC_a93e1.dir/CheckIncludeFile.c.o
/Users/ceinfo/Library/Android/sdk/ndk-bundle/toolchains/llvm/prebuilt/darwin-x86_64/bin/clang  --target=aarch64-none-linux-android --gcc-toolchain=/Users/ceinfo/Library/Android/sdk/ndk-bundle/toolchains/aarch64-linux-android-4.9/prebuilt/darwin-x86_64 --sysroot=/Users/ceinfo/Library/Android/sdk/ndk-bundle/platforms/android-21/arch-arm64   -fpic -funwind-tables -no-canonical-prefixes -fexceptions  -g   -o CMakeFiles/cmTC_a93e1.dir/CheckIncludeFile.c.o   -c /Users/ceinfo/LinPhoneAndroidProject/linphone-android/WORK/android-arm64/Build/antlr3c/CMakeFiles/CMakeTmp/CheckIncludeFile.c
Linking C executable cmTC_a93e1
/Applications/CMake.app/Contents/bin/cmake -E cmake_link_script CMakeFiles/cmTC_a93e1.dir/link.txt --verbose=1
/Users/ceinfo/Library/Android/sdk/ndk-bundle/toolchains/llvm/prebuilt/darwin-x86_64/bin/clang  --target=aarch64-none-linux-android --gcc-toolchain=/Users/ceinfo/Library/Android/sdk/ndk-bundle/toolchains/aarch64-linux-android-4.9/prebuilt/darwin-x86_64 --sysroot=/Users/ceinfo/Library/Android/sdk/ndk-bundle/platforms/android-21/arch-arm64 -fpic -funwind-tables -no-canonical-prefixes -fexceptions  -g    CMakeFiles/cmTC_a93e1.dir/CheckIncludeFile.c.o  -o cmTC_a93e1  


Determining if the include file sys/socket.h exists passed with the following output:
Change Dir: /Users/ceinfo/LinPhoneAndroidProject/linphone-android/WORK/android-arm64/Build/antlr3c/CMakeFiles/CMakeTmp

Run Build Command:"/usr/bin/make" "cmTC_af694/fast"
/Applications/Xcode.app/Contents/Developer/usr/bin/make -f CMakeFiles/cmTC_af694.dir/build.make CMakeFiles/cmTC_af694.dir/build
Building C object CMakeFiles/cmTC_af694.dir/CheckIncludeFile.c.o
/Users/ceinfo/Library/Android/sdk/ndk-bundle/toolchains/llvm/prebuilt/darwin-x86_64/bin/clang  --target=aarch64-none-linux-android --gcc-toolchain=/Users/ceinfo/Library/Android/sdk/ndk-bundle/toolchains/aarch64-linux-android-4.9/prebuilt/darwin-x86_64 --sysroot=/Users/ceinfo/Library/Android/sdk/ndk-bundle/platforms/android-21/arch-arm64   -fpic -funwind-tables -no-canonical-prefixes -fexceptions  -g   -o CMakeFiles/cmTC_af694.dir/CheckIncludeFile.c.o   -c /Users/ceinfo/LinPhoneAndroidProject/linphone-android/WORK/android-arm64/Build/antlr3c/CMakeFiles/CMakeTmp/CheckIncludeFile.c
Linking C executable cmTC_af694
/Applications/CMake.app/Contents/bin/cmake -E cmake_link_script CMakeFiles/cmTC_af694.dir/link.txt --verbose=1
/Users/ceinfo/Library/Android/sdk/ndk-bundle/toolchains/llvm/prebuilt/darwin-x86_64/bin/clang  --target=aarch64-none-linux-android --gcc-toolchain=/Users/ceinfo/Library/Android/sdk/ndk-bundle/toolchains/aarch64-linux-android-4.9/prebuilt/darwin-x86_64 --sysroot=/Users/ceinfo/Library/Android/sdk/ndk-bundle/platforms/android-21/arch-arm64 -fpic -funwind-tables -no-canonical-prefixes -fexceptions  -g    CMakeFiles/cmTC_af694.dir/CheckIncludeFile.c.o  -o cmTC_af694  


Determining if the include file sys/stat.h exists passed with the following output:
Change Dir: /Users/ceinfo/LinPhoneAndroidProject/linphone-android/WORK/android-arm64/Build/antlr3c/CMakeFiles/CMakeTmp

Run Build Command:"/usr/bin/make" "cmTC_075b9/fast"
/Applications/Xcode.app/Contents/Developer/usr/bin/make -f CMakeFiles/cmTC_075b9.dir/build.make CMakeFiles/cmTC_075b9.dir/build
Building C object CMakeFiles/cmTC_075b9.dir/CheckIncludeFile.c.o
/Users/ceinfo/Library/Android/sdk/ndk-bundle/toolchains/llvm/prebuilt/darwin-x86_64/bin/clang  --target=aarch64-none-linux-android --gcc-toolchain=/Users/ceinfo/Library/Android/sdk/ndk-bundle/toolchains/aarch64-linux-android-4.9/prebuilt/darwin-x86_64 --sysroot=/Users/ceinfo/Library/Android/sdk/ndk-bundle/platforms/android-21/arch-arm64   -fpic -funwind-tables -no-canonical-prefixes -fexceptions  -g   -o CMakeFiles/cmTC_075b9.dir/CheckIncludeFile.c.o   -c /Users/ceinfo/LinPhoneAndroidProject/linphone-android/WORK/android-arm64/Build/antlr3c/CMakeFiles/CMakeTmp/CheckIncludeFile.c
Linking C executable cmTC_075b9
/Applications/CMake.app/Contents/bin/cmake -E cmake_link_script CMakeFiles/cmTC_075b9.dir/link.txt --verbose=1
/Users/ceinfo/Library/Android/sdk/ndk-bundle/toolchains/llvm/prebuilt/darwin-x86_64/bin/clang  --target=aarch64-none-linux-android --gcc-toolchain=/Users/ceinfo/Library/Android/sdk/ndk-bundle/toolchains/aarch64-linux-android-4.9/prebuilt/darwin-x86_64 --sysroot=/Users/ceinfo/Library/Android/sdk/ndk-bundle/platforms/android-21/arch-arm64 -fpic -funwind-tables -no-canonical-prefixes -fexceptions  -g    CMakeFiles/cmTC_075b9.dir/CheckIncludeFile.c.o  -o cmTC_075b9  


Determining if the include file sys/types.h exists passed with the following output:
Change Dir: /Users/ceinfo/LinPhoneAndroidProject/linphone-android/WORK/android-arm64/Build/antlr3c/CMakeFiles/CMakeTmp

Run Build Command:"/usr/bin/make" "cmTC_db7a0/fast"
/Applications/Xcode.app/Contents/Developer/usr/bin/make -f CMakeFiles/cmTC_db7a0.dir/build.make CMakeFiles/cmTC_db7a0.dir/build
Building C object CMakeFiles/cmTC_db7a0.dir/CheckIncludeFile.c.o
/Users/ceinfo/Library/Android/sdk/ndk-bundle/toolchains/llvm/prebuilt/darwin-x86_64/bin/clang  --target=aarch64-none-linux-android --gcc-toolchain=/Users/ceinfo/Library/Android/sdk/ndk-bundle/toolchains/aarch64-linux-android-4.9/prebuilt/darwin-x86_64 --sysroot=/Users/ceinfo/Library/Android/sdk/ndk-bundle/platforms/android-21/arch-arm64   -fpic -funwind-tables -no-canonical-prefixes -fexceptions  -g   -o CMakeFiles/cmTC_db7a0.dir/CheckIncludeFile.c.o   -c /Users/ceinfo/LinPhoneAndroidProject/linphone-android/WORK/android-arm64/Build/antlr3c/CMakeFiles/CMakeTmp/CheckIncludeFile.c
Linking C executable cmTC_db7a0
/Applications/CMake.app/Contents/bin/cmake -E cmake_link_script CMakeFiles/cmTC_db7a0.dir/link.txt --verbose=1
/Users/ceinfo/Library/Android/sdk/ndk-bundle/toolchains/llvm/prebuilt/darwin-x86_64/bin/clang  --target=aarch64-none-linux-android --gcc-toolchain=/Users/ceinfo/Library/Android/sdk/ndk-bundle/toolchains/aarch64-linux-android-4.9/prebuilt/darwin-x86_64 --sysroot=/Users/ceinfo/Library/Android/sdk/ndk-bundle/platforms/android-21/arch-arm64 -fpic -funwind-tables -no-canonical-prefixes -fexceptions  -g    CMakeFiles/cmTC_db7a0.dir/CheckIncludeFile.c.o  -o cmTC_db7a0  


Determining if the include file unistd.h exists passed with the following output:
Change Dir: /Users/ceinfo/LinPhoneAndroidProject/linphone-android/WORK/android-arm64/Build/antlr3c/CMakeFiles/CMakeTmp

Run Build Command:"/usr/bin/make" "cmTC_8dc0e/fast"
/Applications/Xcode.app/Contents/Developer/usr/bin/make -f CMakeFiles/cmTC_8dc0e.dir/build.make CMakeFiles/cmTC_8dc0e.dir/build
Building C object CMakeFiles/cmTC_8dc0e.dir/CheckIncludeFile.c.o
/Users/ceinfo/Library/Android/sdk/ndk-bundle/toolchains/llvm/prebuilt/darwin-x86_64/bin/clang  --target=aarch64-none-linux-android --gcc-toolchain=/Users/ceinfo/Library/Android/sdk/ndk-bundle/toolchains/aarch64-linux-android-4.9/prebuilt/darwin-x86_64 --sysroot=/Users/ceinfo/Library/Android/sdk/ndk-bundle/platforms/android-21/arch-arm64   -fpic -funwind-tables -no-canonical-prefixes -fexceptions  -g   -o CMakeFiles/cmTC_8dc0e.dir/CheckIncludeFile.c.o   -c /Users/ceinfo/LinPhoneAndroidProject/linphone-android/WORK/android-arm64/Build/antlr3c/CMakeFiles/CMakeTmp/CheckIncludeFile.c
Linking C executable cmTC_8dc0e
/Applications/CMake.app/Contents/bin/cmake -E cmake_link_script CMakeFiles/cmTC_8dc0e.dir/link.txt --verbose=1
/Users/ceinfo/Library/Android/sdk/ndk-bundle/toolchains/llvm/prebuilt/darwin-x86_64/bin/clang  --target=aarch64-none-linux-android --gcc-toolchain=/Users/ceinfo/Library/Android/sdk/ndk-bundle/toolchains/aarch64-linux-android-4.9/prebuilt/darwin-x86_64 --sysroot=/Users/ceinfo/Library/Android/sdk/ndk-bundle/platforms/android-21/arch-arm64 -fpic -funwind-tables -no-canonical-prefixes -fexceptions  -g    CMakeFiles/cmTC_8dc0e.dir/CheckIncludeFile.c.o  -o cmTC_8dc0e  


Determining if the function accept exists passed with the following output:
Change Dir: /Users/ceinfo/LinPhoneAndroidProject/linphone-android/WORK/android-arm64/Build/antlr3c/CMakeFiles/CMakeTmp

Run Build Command:"/usr/bin/make" "cmTC_7fd0f/fast"
/Applications/Xcode.app/Contents/Developer/usr/bin/make -f CMakeFiles/cmTC_7fd0f.dir/build.make CMakeFiles/cmTC_7fd0f.dir/build
Building C object CMakeFiles/cmTC_7fd0f.dir/CheckFunctionExists.c.o
/Users/ceinfo/Library/Android/sdk/ndk-bundle/toolchains/llvm/prebuilt/darwin-x86_64/bin/clang  --target=aarch64-none-linux-android --gcc-toolchain=/Users/ceinfo/Library/Android/sdk/ndk-bundle/toolchains/aarch64-linux-android-4.9/prebuilt/darwin-x86_64 --sysroot=/Users/ceinfo/Library/Android/sdk/ndk-bundle/platforms/android-21/arch-arm64   -fpic -funwind-tables -no-canonical-prefixes -fexceptions -DCHECK_FUNCTION_EXISTS=accept -g   -o CMakeFiles/cmTC_7fd0f.dir/CheckFunctionExists.c.o   -c /Applications/CMake.app/Contents/share/cmake-3.7/Modules/CheckFunctionExists.c
Linking C executable cmTC_7fd0f
/Applications/CMake.app/Contents/bin/cmake -E cmake_link_script CMakeFiles/cmTC_7fd0f.dir/link.txt --verbose=1
/Users/ceinfo/Library/Android/sdk/ndk-bundle/toolchains/llvm/prebuilt/darwin-x86_64/bin/clang  --target=aarch64-none-linux-android --gcc-toolchain=/Users/ceinfo/Library/Android/sdk/ndk-bundle/toolchains/aarch64-linux-android-4.9/prebuilt/darwin-x86_64 --sysroot=/Users/ceinfo/Library/Android/sdk/ndk-bundle/platforms/android-21/arch-arm64 -fpic -funwind-tables -no-canonical-prefixes -fexceptions -DCHECK_FUNCTION_EXISTS=accept -g    CMakeFiles/cmTC_7fd0f.dir/CheckFunctionExists.c.o  -o cmTC_7fd0f  


Determining if the function memmove exists passed with the following output:
Change Dir: /Users/ceinfo/LinPhoneAndroidProject/linphone-android/WORK/android-arm64/Build/antlr3c/CMakeFiles/CMakeTmp

Run Build Command:"/usr/bin/make" "cmTC_8c3ca/fast"
/Applications/Xcode.app/Contents/Developer/usr/bin/make -f CMakeFiles/cmTC_8c3ca.dir/build.make CMakeFiles/cmTC_8c3ca.dir/build
Building C object CMakeFiles/cmTC_8c3ca.dir/CheckFunctionExists.c.o
/Users/ceinfo/Library/Android/sdk/ndk-bundle/toolchains/llvm/prebuilt/darwin-x86_64/bin/clang  --target=aarch64-none-linux-android --gcc-toolchain=/Users/ceinfo/Library/Android/sdk/ndk-bundle/toolchains/aarch64-linux-android-4.9/prebuilt/darwin-x86_64 --sysroot=/Users/ceinfo/Library/Android/sdk/ndk-bundle/platforms/android-21/arch-arm64   -fpic -funwind-tables -no-canonical-prefixes -fexceptions -DCHECK_FUNCTION_EXISTS=memmove -g   -o CMakeFiles/cmTC_8c3ca.dir/CheckFunctionExists.c.o   -c /Applications/CMake.app/Contents/share/cmake-3.7/Modules/CheckFunctionExists.c
/Applications/CMake.app/Contents/share/cmake-3.7/Modules/CheckFunctionExists.c:7:3: warning: incompatible redeclaration of library function 'memmove' [-Wincompatible-library-redeclaration]
  CHECK_FUNCTION_EXISTS();
  ^
<command line>:1:31: note: expanded from here
#define CHECK_FUNCTION_EXISTS memmove
                              ^
/Applications/CMake.app/Contents/share/cmake-3.7/Modules/CheckFunctionExists.c:7:3: note: 'memmove' is a builtin with type 'void *(void *, const void *, unsigned long)'
<command line>:1:31: note: expanded from here
#define CHECK_FUNCTION_EXISTS memmove
                              ^
1 warning generated.
Linking C executable cmTC_8c3ca
/Applications/CMake.app/Contents/bin/cmake -E cmake_link_script CMakeFiles/cmTC_8c3ca.dir/link.txt --verbose=1
/Users/ceinfo/Library/Android/sdk/ndk-bundle/toolchains/llvm/prebuilt/darwin-x86_64/bin/clang  --target=aarch64-none-linux-android --gcc-toolchain=/Users/ceinfo/Library/Android/sdk/ndk-bundle/toolchains/aarch64-linux-android-4.9/prebuilt/darwin-x86_64 --sysroot=/Users/ceinfo/Library/Android/sdk/ndk-bundle/platforms/android-21/arch-arm64 -fpic -funwind-tables -no-canonical-prefixes -fexceptions -DCHECK_FUNCTION_EXISTS=memmove -g    CMakeFiles/cmTC_8c3ca.dir/CheckFunctionExists.c.o  -o cmTC_8c3ca  


Determining if the function memset exists passed with the following output:
Change Dir: /Users/ceinfo/LinPhoneAndroidProject/linphone-android/WORK/android-arm64/Build/antlr3c/CMakeFiles/CMakeTmp

Run Build Command:"/usr/bin/make" "cmTC_c0942/fast"
/Applications/Xcode.app/Contents/Developer/usr/bin/make -f CMakeFiles/cmTC_c0942.dir/build.make CMakeFiles/cmTC_c0942.dir/build
Building C object CMakeFiles/cmTC_c0942.dir/CheckFunctionExists.c.o
/Users/ceinfo/Library/Android/sdk/ndk-bundle/toolchains/llvm/prebuilt/darwin-x86_64/bin/clang  --target=aarch64-none-linux-android --gcc-toolchain=/Users/ceinfo/Library/Android/sdk/ndk-bundle/toolchains/aarch64-linux-android-4.9/prebuilt/darwin-x86_64 --sysroot=/Users/ceinfo/Library/Android/sdk/ndk-bundle/platforms/android-21/arch-arm64   -fpic -funwind-tables -no-canonical-prefixes -fexceptions -DCHECK_FUNCTION_EXISTS=memset -g   -o CMakeFiles/cmTC_c0942.dir/CheckFunctionExists.c.o   -c /Applications/CMake.app/Contents/share/cmake-3.7/Modules/CheckFunctionExists.c
/Applications/CMake.app/Contents/share/cmake-3.7/Modules/CheckFunctionExists.c:7:3: warning: incompatible redeclaration of library function 'memset' [-Wincompatible-library-redeclaration]
  CHECK_FUNCTION_EXISTS();
  ^
<command line>:1:31: note: expanded from here
#define CHECK_FUNCTION_EXISTS memset
                              ^
/Applications/CMake.app/Contents/share/cmake-3.7/Modules/CheckFunctionExists.c:7:3: note: 'memset' is a builtin with type 'void *(void *, int, unsigned long)'
<command line>:1:31: note: expanded from here
#define CHECK_FUNCTION_EXISTS memset
                              ^
1 warning generated.
Linking C executable cmTC_c0942
/Applications/CMake.app/Contents/bin/cmake -E cmake_link_script CMakeFiles/cmTC_c0942.dir/link.txt --verbose=1
/Users/ceinfo/Library/Android/sdk/ndk-bundle/toolchains/llvm/prebuilt/darwin-x86_64/bin/clang  --target=aarch64-none-linux-android --gcc-toolchain=/Users/ceinfo/Library/Android/sdk/ndk-bundle/toolchains/aarch64-linux-android-4.9/prebuilt/darwin-x86_64 --sysroot=/Users/ceinfo/Library/Android/sdk/ndk-bundle/platforms/android-21/arch-arm64 -fpic -funwind-tables -no-canonical-prefixes -fexceptions -DCHECK_FUNCTION_EXISTS=memset -g    CMakeFiles/cmTC_c0942.dir/CheckFunctionExists.c.o  -o cmTC_c0942  


Determining if the function strdup exists passed with the following output:
Change Dir: /Users/ceinfo/LinPhoneAndroidProject/linphone-android/WORK/android-arm64/Build/antlr3c/CMakeFiles/CMakeTmp

Run Build Command:"/usr/bin/make" "cmTC_e2393/fast"
/Applications/Xcode.app/Contents/Developer/usr/bin/make -f CMakeFiles/cmTC_e2393.dir/build.make CMakeFiles/cmTC_e2393.dir/build
Building C object CMakeFiles/cmTC_e2393.dir/CheckFunctionExists.c.o
/Users/ceinfo/Library/Android/sdk/ndk-bundle/toolchains/llvm/prebuilt/darwin-x86_64/bin/clang  --target=aarch64-none-linux-android --gcc-toolchain=/Users/ceinfo/Library/Android/sdk/ndk-bundle/toolchains/aarch64-linux-android-4.9/prebuilt/darwin-x86_64 --sysroot=/Users/ceinfo/Library/Android/sdk/ndk-bundle/platforms/android-21/arch-arm64   -fpic -funwind-tables -no-canonical-prefixes -fexceptions -DCHECK_FUNCTION_EXISTS=strdup -g   -o CMakeFiles/cmTC_e2393.dir/CheckFunctionExists.c.o   -c /Applications/CMake.app/Contents/share/cmake-3.7/Modules/CheckFunctionExists.c
/Applications/CMake.app/Contents/share/cmake-3.7/Modules/CheckFunctionExists.c:7:3: warning: incompatible redeclaration of library function 'strdup' [-Wincompatible-library-redeclaration]
  CHECK_FUNCTION_EXISTS();
  ^
<command line>:1:31: note: expanded from here
#define CHECK_FUNCTION_EXISTS strdup
                              ^
/Applications/CMake.app/Contents/share/cmake-3.7/Modules/CheckFunctionExists.c:7:3: note: 'strdup' is a builtin with type 'char *(const char *)'
<command line>:1:31: note: expanded from here
#define CHECK_FUNCTION_EXISTS strdup
                              ^
1 warning generated.
Linking C executable cmTC_e2393
/Applications/CMake.app/Contents/bin/cmake -E cmake_link_script CMakeFiles/cmTC_e2393.dir/link.txt --verbose=1
/Users/ceinfo/Library/Android/sdk/ndk-bundle/toolchains/llvm/prebuilt/darwin-x86_64/bin/clang  --target=aarch64-none-linux-android --gcc-toolchain=/Users/ceinfo/Library/Android/sdk/ndk-bundle/toolchains/aarch64-linux-android-4.9/prebuilt/darwin-x86_64 --sysroot=/Users/ceinfo/Library/Android/sdk/ndk-bundle/platforms/android-21/arch-arm64 -fpic -funwind-tables -no-canonical-prefixes -fexceptions -DCHECK_FUNCTION_EXISTS=strdup -g    CMakeFiles/cmTC_e2393.dir/CheckFunctionExists.c.o  -o cmTC_e2393  


Determining if the include file stddef.h exists passed with the following output:
Change Dir: /Users/ceinfo/LinPhoneAndroidProject/linphone-android/WORK/android-arm64/Build/antlr3c/CMakeFiles/CMakeTmp

Run Build Command:"/usr/bin/make" "cmTC_b6467/fast"
/Applications/Xcode.app/Contents/Developer/usr/bin/make -f CMakeFiles/cmTC_b6467.dir/build.make CMakeFiles/cmTC_b6467.dir/build
Building C object CMakeFiles/cmTC_b6467.dir/CheckIncludeFile.c.o
/Users/ceinfo/Library/Android/sdk/ndk-bundle/toolchains/llvm/prebuilt/darwin-x86_64/bin/clang  --target=aarch64-none-linux-android --gcc-toolchain=/Users/ceinfo/Library/Android/sdk/ndk-bundle/toolchains/aarch64-linux-android-4.9/prebuilt/darwin-x86_64 --sysroot=/Users/ceinfo/Library/Android/sdk/ndk-bundle/platforms/android-21/arch-arm64   -fpic -funwind-tables -no-canonical-prefixes -fexceptions  -g   -o CMakeFiles/cmTC_b6467.dir/CheckIncludeFile.c.o   -c /Users/ceinfo/LinPhoneAndroidProject/linphone-android/WORK/android-arm64/Build/antlr3c/CMakeFiles/CMakeTmp/CheckIncludeFile.c
Linking C executable cmTC_b6467
/Applications/CMake.app/Contents/bin/cmake -E cmake_link_script CMakeFiles/cmTC_b6467.dir/link.txt --verbose=1
/Users/ceinfo/Library/Android/sdk/ndk-bundle/toolchains/llvm/prebuilt/darwin-x86_64/bin/clang  --target=aarch64-none-linux-android --gcc-toolchain=/Users/ceinfo/Library/Android/sdk/ndk-bundle/toolchains/aarch64-linux-android-4.9/prebuilt/darwin-x86_64 --sysroot=/Users/ceinfo/Library/Android/sdk/ndk-bundle/platforms/android-21/arch-arm64 -fpic -funwind-tables -no-canonical-prefixes -fexceptions  -g    CMakeFiles/cmTC_b6467.dir/CheckIncludeFile.c.o  -o cmTC_b6467  


Determining size of int8_t passed with the following output:
Change Dir: /Users/ceinfo/LinPhoneAndroidProject/linphone-android/WORK/android-arm64/Build/antlr3c/CMakeFiles/CMakeTmp

Run Build Command:"/usr/bin/make" "cmTC_8797d/fast"
/Applications/Xcode.app/Contents/Developer/usr/bin/make -f CMakeFiles/cmTC_8797d.dir/build.make CMakeFiles/cmTC_8797d.dir/build
Building C object CMakeFiles/cmTC_8797d.dir/INT8_T.c.o
/Users/ceinfo/Library/Android/sdk/ndk-bundle/toolchains/llvm/prebuilt/darwin-x86_64/bin/clang  --target=aarch64-none-linux-android --gcc-toolchain=/Users/ceinfo/Library/Android/sdk/ndk-bundle/toolchains/aarch64-linux-android-4.9/prebuilt/darwin-x86_64 --sysroot=/Users/ceinfo/Library/Android/sdk/ndk-bundle/platforms/android-21/arch-arm64   -fpic -funwind-tables -no-canonical-prefixes -fexceptions  -g   -o CMakeFiles/cmTC_8797d.dir/INT8_T.c.o   -c /Users/ceinfo/LinPhoneAndroidProject/linphone-android/WORK/android-arm64/Build/antlr3c/CMakeFiles/CheckTypeSize/INT8_T.c
Linking C executable cmTC_8797d
/Applications/CMake.app/Contents/bin/cmake -E cmake_link_script CMakeFiles/cmTC_8797d.dir/link.txt --verbose=1
/Users/ceinfo/Library/Android/sdk/ndk-bundle/toolchains/llvm/prebuilt/darwin-x86_64/bin/clang  --target=aarch64-none-linux-android --gcc-toolchain=/Users/ceinfo/Library/Android/sdk/ndk-bundle/toolchains/aarch64-linux-android-4.9/prebuilt/darwin-x86_64 --sysroot=/Users/ceinfo/Library/Android/sdk/ndk-bundle/platforms/android-21/arch-arm64 -fpic -funwind-tables -no-canonical-prefixes -fexceptions  -g    CMakeFiles/cmTC_8797d.dir/INT8_T.c.o  -o cmTC_8797d  


Determining size of uint8_t passed with the following output:
Change Dir: /Users/ceinfo/LinPhoneAndroidProject/linphone-android/WORK/android-arm64/Build/antlr3c/CMakeFiles/CMakeTmp

Run Build Command:"/usr/bin/make" "cmTC_15c84/fast"
/Applications/Xcode.app/Contents/Developer/usr/bin/make -f CMakeFiles/cmTC_15c84.dir/build.make CMakeFiles/cmTC_15c84.dir/build
Building C object CMakeFiles/cmTC_15c84.dir/UINT8_T.c.o
/Users/ceinfo/Library/Android/sdk/ndk-bundle/toolchains/llvm/prebuilt/darwin-x86_64/bin/clang  --target=aarch64-none-linux-android --gcc-toolchain=/Users/ceinfo/Library/Android/sdk/ndk-bundle/toolchains/aarch64-linux-android-4.9/prebuilt/darwin-x86_64 --sysroot=/Users/ceinfo/Library/Android/sdk/ndk-bundle/platforms/android-21/arch-arm64   -fpic -funwind-tables -no-canonical-prefixes -fexceptions  -g   -o CMakeFiles/cmTC_15c84.dir/UINT8_T.c.o   -c /Users/ceinfo/LinPhoneAndroidProject/linphone-android/WORK/android-arm64/Build/antlr3c/CMakeFiles/CheckTypeSize/UINT8_T.c
Linking C executable cmTC_15c84
/Applications/CMake.app/Contents/bin/cmake -E cmake_link_script CMakeFiles/cmTC_15c84.dir/link.txt --verbose=1
/Users/ceinfo/Library/Android/sdk/ndk-bundle/toolchains/llvm/prebuilt/darwin-x86_64/bin/clang  --target=aarch64-none-linux-android --gcc-toolchain=/Users/ceinfo/Library/Android/sdk/ndk-bundle/toolchains/aarch64-linux-android-4.9/prebuilt/darwin-x86_64 --sysroot=/Users/ceinfo/Library/Android/sdk/ndk-bundle/platforms/android-21/arch-arm64 -fpic -funwind-tables -no-canonical-prefixes -fexceptions  -g    CMakeFiles/cmTC_15c84.dir/UINT8_T.c.o  -o cmTC_15c84  


Determining size of int16_t passed with the following output:
Change Dir: /Users/ceinfo/LinPhoneAndroidProject/linphone-android/WORK/android-arm64/Build/antlr3c/CMakeFiles/CMakeTmp

Run Build Command:"/usr/bin/make" "cmTC_d1c6c/fast"
/Applications/Xcode.app/Contents/Developer/usr/bin/make -f CMakeFiles/cmTC_d1c6c.dir/build.make CMakeFiles/cmTC_d1c6c.dir/build
Building C object CMakeFiles/cmTC_d1c6c.dir/INT16_T.c.o
/Users/ceinfo/Library/Android/sdk/ndk-bundle/toolchains/llvm/prebuilt/darwin-x86_64/bin/clang  --target=aarch64-none-linux-android --gcc-toolchain=/Users/ceinfo/Library/Android/sdk/ndk-bundle/toolchains/aarch64-linux-android-4.9/prebuilt/darwin-x86_64 --sysroot=/Users/ceinfo/Library/Android/sdk/ndk-bundle/platforms/android-21/arch-arm64   -fpic -funwind-tables -no-canonical-prefixes -fexceptions  -g   -o CMakeFiles/cmTC_d1c6c.dir/INT16_T.c.o   -c /Users/ceinfo/LinPhoneAndroidProject/linphone-android/WORK/android-arm64/Build/antlr3c/CMakeFiles/CheckTypeSize/INT16_T.c
Linking C executable cmTC_d1c6c
/Applications/CMake.app/Contents/bin/cmake -E cmake_link_script CMakeFiles/cmTC_d1c6c.dir/link.txt --verbose=1
/Users/ceinfo/Library/Android/sdk/ndk-bundle/toolchains/llvm/prebuilt/darwin-x86_64/bin/clang  --target=aarch64-none-linux-android --gcc-toolchain=/Users/ceinfo/Library/Android/sdk/ndk-bundle/toolchains/aarch64-linux-android-4.9/prebuilt/darwin-x86_64 --sysroot=/Users/ceinfo/Library/Android/sdk/ndk-bundle/platforms/android-21/arch-arm64 -fpic -funwind-tables -no-canonical-prefixes -fexceptions  -g    CMakeFiles/cmTC_d1c6c.dir/INT16_T.c.o  -o cmTC_d1c6c  


Determining size of uint16_t passed with the following output:
Change Dir: /Users/ceinfo/LinPhoneAndroidProject/linphone-android/WORK/android-arm64/Build/antlr3c/CMakeFiles/CMakeTmp

Run Build Command:"/usr/bin/make" "cmTC_d0da5/fast"
/Applications/Xcode.app/Contents/Developer/usr/bin/make -f CMakeFiles/cmTC_d0da5.dir/build.make CMakeFiles/cmTC_d0da5.dir/build
Building C object CMakeFiles/cmTC_d0da5.dir/UINT16_T.c.o
/Users/ceinfo/Library/Android/sdk/ndk-bundle/toolchains/llvm/prebuilt/darwin-x86_64/bin/clang  --target=aarch64-none-linux-android --gcc-toolchain=/Users/ceinfo/Library/Android/sdk/ndk-bundle/toolchains/aarch64-linux-android-4.9/prebuilt/darwin-x86_64 --sysroot=/Users/ceinfo/Library/Android/sdk/ndk-bundle/platforms/android-21/arch-arm64   -fpic -funwind-tables -no-canonical-prefixes -fexceptions  -g   -o CMakeFiles/cmTC_d0da5.dir/UINT16_T.c.o   -c /Users/ceinfo/LinPhoneAndroidProject/linphone-android/WORK/android-arm64/Build/antlr3c/CMakeFiles/CheckTypeSize/UINT16_T.c
Linking C executable cmTC_d0da5
/Applications/CMake.app/Contents/bin/cmake -E cmake_link_script CMakeFiles/cmTC_d0da5.dir/link.txt --verbose=1
/Users/ceinfo/Library/Android/sdk/ndk-bundle/toolchains/llvm/prebuilt/darwin-x86_64/bin/clang  --target=aarch64-none-linux-android --gcc-toolchain=/Users/ceinfo/Library/Android/sdk/ndk-bundle/toolchains/aarch64-linux-android-4.9/prebuilt/darwin-x86_64 --sysroot=/Users/ceinfo/Library/Android/sdk/ndk-bundle/platforms/android-21/arch-arm64 -fpic -funwind-tables -no-canonical-prefixes -fexceptions  -g    CMakeFiles/cmTC_d0da5.dir/UINT16_T.c.o  -o cmTC_d0da5  


Determining size of int32_t passed with the following output:
Change Dir: /Users/ceinfo/LinPhoneAndroidProject/linphone-android/WORK/android-arm64/Build/antlr3c/CMakeFiles/CMakeTmp

Run Build Command:"/usr/bin/make" "cmTC_ac139/fast"
/Applications/Xcode.app/Contents/Developer/usr/bin/make -f CMakeFiles/cmTC_ac139.dir/build.make CMakeFiles/cmTC_ac139.dir/build
Building C object CMakeFiles/cmTC_ac139.dir/INT32_T.c.o
/Users/ceinfo/Library/Android/sdk/ndk-bundle/toolchains/llvm/prebuilt/darwin-x86_64/bin/clang  --target=aarch64-none-linux-android --gcc-toolchain=/Users/ceinfo/Library/Android/sdk/ndk-bundle/toolchains/aarch64-linux-android-4.9/prebuilt/darwin-x86_64 --sysroot=/Users/ceinfo/Library/Android/sdk/ndk-bundle/platforms/android-21/arch-arm64   -fpic -funwind-tables -no-canonical-prefixes -fexceptions  -g   -o CMakeFiles/cmTC_ac139.dir/INT32_T.c.o   -c /Users/ceinfo/LinPhoneAndroidProject/linphone-android/WORK/android-arm64/Build/antlr3c/CMakeFiles/CheckTypeSize/INT32_T.c
Linking C executable cmTC_ac139
/Applications/CMake.app/Contents/bin/cmake -E cmake_link_script CMakeFiles/cmTC_ac139.dir/link.txt --verbose=1
/Users/ceinfo/Library/Android/sdk/ndk-bundle/toolchains/llvm/prebuilt/darwin-x86_64/bin/clang  --target=aarch64-none-linux-android --gcc-toolchain=/Users/ceinfo/Library/Android/sdk/ndk-bundle/toolchains/aarch64-linux-android-4.9/prebuilt/darwin-x86_64 --sysroot=/Users/ceinfo/Library/Android/sdk/ndk-bundle/platforms/android-21/arch-arm64 -fpic -funwind-tables -no-canonical-prefixes -fexceptions  -g    CMakeFiles/cmTC_ac139.dir/INT32_T.c.o  -o cmTC_ac139  


Determining size of uint32_t passed with the following output:
Change Dir: /Users/ceinfo/LinPhoneAndroidProject/linphone-android/WORK/android-arm64/Build/antlr3c/CMakeFiles/CMakeTmp

Run Build Command:"/usr/bin/make" "cmTC_163dd/fast"
/Applications/Xcode.app/Contents/Developer/usr/bin/make -f CMakeFiles/cmTC_163dd.dir/build.make CMakeFiles/cmTC_163dd.dir/build
Building C object CMakeFiles/cmTC_163dd.dir/UINT32_T.c.o
/Users/ceinfo/Library/Android/sdk/ndk-bundle/toolchains/llvm/prebuilt/darwin-x86_64/bin/clang  --target=aarch64-none-linux-android --gcc-toolchain=/Users/ceinfo/Library/Android/sdk/ndk-bundle/toolchains/aarch64-linux-android-4.9/prebuilt/darwin-x86_64 --sysroot=/Users/ceinfo/Library/Android/sdk/ndk-bundle/platforms/android-21/arch-arm64   -fpic -funwind-tables -no-canonical-prefixes -fexceptions  -g   -o CMakeFiles/cmTC_163dd.dir/UINT32_T.c.o   -c /Users/ceinfo/LinPhoneAndroidProject/linphone-android/WORK/android-arm64/Build/antlr3c/CMakeFiles/CheckTypeSize/UINT32_T.c
Linking C executable cmTC_163dd
/Applications/CMake.app/Contents/bin/cmake -E cmake_link_script CMakeFiles/cmTC_163dd.dir/link.txt --verbose=1
/Users/ceinfo/Library/Android/sdk/ndk-bundle/toolchains/llvm/prebuilt/darwin-x86_64/bin/clang  --target=aarch64-none-linux-android --gcc-toolchain=/Users/ceinfo/Library/Android/sdk/ndk-bundle/toolchains/aarch64-linux-android-4.9/prebuilt/darwin-x86_64 --sysroot=/Users/ceinfo/Library/Android/sdk/ndk-bundle/platforms/android-21/arch-arm64 -fpic -funwind-tables -no-canonical-prefixes -fexceptions  -g    CMakeFiles/cmTC_163dd.dir/UINT32_T.c.o  -o cmTC_163dd  


Determining size of int64_t passed with the following output:
Change Dir: /Users/ceinfo/LinPhoneAndroidProject/linphone-android/WORK/android-arm64/Build/antlr3c/CMakeFiles/CMakeTmp

Run Build Command:"/usr/bin/make" "cmTC_540bc/fast"
/Applications/Xcode.app/Contents/Developer/usr/bin/make -f CMakeFiles/cmTC_540bc.dir/build.make CMakeFiles/cmTC_540bc.dir/build
Building C object CMakeFiles/cmTC_540bc.dir/INT64_T.c.o
/Users/ceinfo/Library/Android/sdk/ndk-bundle/toolchains/llvm/prebuilt/darwin-x86_64/bin/clang  --target=aarch64-none-linux-android --gcc-toolchain=/Users/ceinfo/Library/Android/sdk/ndk-bundle/toolchains/aarch64-linux-android-4.9/prebuilt/darwin-x86_64 --sysroot=/Users/ceinfo/Library/Android/sdk/ndk-bundle/platforms/android-21/arch-arm64   -fpic -funwind-tables -no-canonical-prefixes -fexceptions  -g   -o CMakeFiles/cmTC_540bc.dir/INT64_T.c.o   -c /Users/ceinfo/LinPhoneAndroidProject/linphone-android/WORK/android-arm64/Build/antlr3c/CMakeFiles/CheckTypeSize/INT64_T.c
Linking C executable cmTC_540bc
/Applications/CMake.app/Contents/bin/cmake -E cmake_link_script CMakeFiles/cmTC_540bc.dir/link.txt --verbose=1
/Users/ceinfo/Library/Android/sdk/ndk-bundle/toolchains/llvm/prebuilt/darwin-x86_64/bin/clang  --target=aarch64-none-linux-android --gcc-toolchain=/Users/ceinfo/Library/Android/sdk/ndk-bundle/toolchains/aarch64-linux-android-4.9/prebuilt/darwin-x86_64 --sysroot=/Users/ceinfo/Library/Android/sdk/ndk-bundle/platforms/android-21/arch-arm64 -fpic -funwind-tables -no-canonical-prefixes -fexceptions  -g    CMakeFiles/cmTC_540bc.dir/INT64_T.c.o  -o cmTC_540bc  


Determining size of uint64_t passed with the following output:
Change Dir: /Users/ceinfo/LinPhoneAndroidProject/linphone-android/WORK/android-arm64/Build/antlr3c/CMakeFiles/CMakeTmp

Run Build Command:"/usr/bin/make" "cmTC_57f04/fast"
/Applications/Xcode.app/Contents/Developer/usr/bin/make -f CMakeFiles/cmTC_57f04.dir/build.make CMakeFiles/cmTC_57f04.dir/build
Building C object CMakeFiles/cmTC_57f04.dir/UINT64_T.c.o
/Users/ceinfo/Library/Android/sdk/ndk-bundle/toolchains/llvm/prebuilt/darwin-x86_64/bin/clang  --target=aarch64-none-linux-android --gcc-toolchain=/Users/ceinfo/Library/Android/sdk/ndk-bundle/toolchains/aarch64-linux-android-4.9/prebuilt/darwin-x86_64 --sysroot=/Users/ceinfo/Library/Android/sdk/ndk-bundle/platforms/android-21/arch-arm64   -fpic -funwind-tables -no-canonical-prefixes -fexceptions  -g   -o CMakeFiles/cmTC_57f04.dir/UINT64_T.c.o   -c /Users/ceinfo/LinPhoneAndroidProject/linphone-android/WORK/android-arm64/Build/antlr3c/CMakeFiles/CheckTypeSize/UINT64_T.c
Linking C executable cmTC_57f04
/Applications/CMake.app/Contents/bin/cmake -E cmake_link_script CMakeFiles/cmTC_57f04.dir/link.txt --verbose=1
/Users/ceinfo/Library/Android/sdk/ndk-bundle/toolchains/llvm/prebuilt/darwin-x86_64/bin/clang  --target=aarch64-none-linux-android --gcc-toolchain=/Users/ceinfo/Library/Android/sdk/ndk-bundle/toolchains/aarch64-linux-android-4.9/prebuilt/darwin-x86_64 --sysroot=/Users/ceinfo/Library/Android/sdk/ndk-bundle/platforms/android-21/arch-arm64 -fpic -funwind-tables -no-canonical-prefixes -fexceptions  -g    CMakeFiles/cmTC_57f04.dir/UINT64_T.c.o  -o cmTC_57f04  


Determining size of intptr_t passed with the following output:
Change Dir: /Users/ceinfo/LinPhoneAndroidProject/linphone-android/WORK/android-arm64/Build/antlr3c/CMakeFiles/CMakeTmp

Run Build Command:"/usr/bin/make" "cmTC_ed9c7/fast"
/Applications/Xcode.app/Contents/Developer/usr/bin/make -f CMakeFiles/cmTC_ed9c7.dir/build.make CMakeFiles/cmTC_ed9c7.dir/build
Building C object CMakeFiles/cmTC_ed9c7.dir/INTPTR_T.c.o
/Users/ceinfo/Library/Android/sdk/ndk-bundle/toolchains/llvm/prebuilt/darwin-x86_64/bin/clang  --target=aarch64-none-linux-android --gcc-toolchain=/Users/ceinfo/Library/Android/sdk/ndk-bundle/toolchains/aarch64-linux-android-4.9/prebuilt/darwin-x86_64 --sysroot=/Users/ceinfo/Library/Android/sdk/ndk-bundle/platforms/android-21/arch-arm64   -fpic -funwind-tables -no-canonical-prefixes -fexceptions  -g   -o CMakeFiles/cmTC_ed9c7.dir/INTPTR_T.c.o   -c /Users/ceinfo/LinPhoneAndroidProject/linphone-android/WORK/android-arm64/Build/antlr3c/CMakeFiles/CheckTypeSize/INTPTR_T.c
Linking C executable cmTC_ed9c7
/Applications/CMake.app/Contents/bin/cmake -E cmake_link_script CMakeFiles/cmTC_ed9c7.dir/link.txt --verbose=1
/Users/ceinfo/Library/Android/sdk/ndk-bundle/toolchains/llvm/prebuilt/darwin-x86_64/bin/clang  --target=aarch64-none-linux-android --gcc-toolchain=/Users/ceinfo/Library/Android/sdk/ndk-bundle/toolchains/aarch64-linux-android-4.9/prebuilt/darwin-x86_64 --sysroot=/Users/ceinfo/Library/Android/sdk/ndk-bundle/platforms/android-21/arch-arm64 -fpic -funwind-tables -no-canonical-prefixes -fexceptions  -g    CMakeFiles/cmTC_ed9c7.dir/INTPTR_T.c.o  -o cmTC_ed9c7  


Determining size of uintptr_t passed with the following output:
Change Dir: /Users/ceinfo/LinPhoneAndroidProject/linphone-android/WORK/android-arm64/Build/antlr3c/CMakeFiles/CMakeTmp

Run Build Command:"/usr/bin/make" "cmTC_dbc4e/fast"
/Applications/Xcode.app/Contents/Developer/usr/bin/make -f CMakeFiles/cmTC_dbc4e.dir/build.make CMakeFiles/cmTC_dbc4e.dir/build
Building C object CMakeFiles/cmTC_dbc4e.dir/UINTPTR_T.c.o
/Users/ceinfo/Library/Android/sdk/ndk-bundle/toolchains/llvm/prebuilt/darwin-x86_64/bin/clang  --target=aarch64-none-linux-android --gcc-toolchain=/Users/ceinfo/Library/Android/sdk/ndk-bundle/toolchains/aarch64-linux-android-4.9/prebuilt/darwin-x86_64 --sysroot=/Users/ceinfo/Library/Android/sdk/ndk-bundle/platforms/android-21/arch-arm64   -fpic -funwind-tables -no-canonical-prefixes -fexceptions  -g   -o CMakeFiles/cmTC_dbc4e.dir/UINTPTR_T.c.o   -c /Users/ceinfo/LinPhoneAndroidProject/linphone-android/WORK/android-arm64/Build/antlr3c/CMakeFiles/CheckTypeSize/UINTPTR_T.c
Linking C executable cmTC_dbc4e
/Applications/CMake.app/Contents/bin/cmake -E cmake_link_script CMakeFiles/cmTC_dbc4e.dir/link.txt --verbose=1
/Users/ceinfo/Library/Android/sdk/ndk-bundle/toolchains/llvm/prebuilt/darwin-x86_64/bin/clang  --target=aarch64-none-linux-android --gcc-toolchain=/Users/ceinfo/Library/Android/sdk/ndk-bundle/toolchains/aarch64-linux-android-4.9/prebuilt/darwin-x86_64 --sysroot=/Users/ceinfo/Library/Android/sdk/ndk-bundle/platforms/android-21/arch-arm64 -fpic -funwind-tables -no-canonical-prefixes -fexceptions  -g    CMakeFiles/cmTC_dbc4e.dir/UINTPTR_T.c.o  -o cmTC_dbc4e  


