The target system is: Android - 21 - aarch64
The host system is: Darwin - 16.7.0 - x86_64
Compiling the C compiler identification source file "CMakeCCompilerId.c" succeeded.
Compiler: /Users/ceinfo/Library/Android/sdk/ndk-bundle/toolchains/llvm/prebuilt/darwin-x86_64/bin/clang 
Build flags: 
Id flags: 

The output was:
0


Compilation of the C compiler identification source "CMakeCCompilerId.c" produced "a.out"

The C compiler identification is Clang, found in "/Users/ceinfo/LinPhoneAndroidProject/linphone-android/WORK/android-arm64/Build/turbo-jpeg/CMakeFiles/3.7.0-rc1/CompilerIdC/a.out"

Determining if the C compiler works passed with the following output:
Change Dir: /Users/ceinfo/LinPhoneAndroidProject/linphone-android/WORK/android-arm64/Build/turbo-jpeg/CMakeFiles/CMakeTmp

Run Build Command:"/usr/bin/make" "cmTC_a9389/fast"
/Applications/Xcode.app/Contents/Developer/usr/bin/make -f CMakeFiles/cmTC_a9389.dir/build.make CMakeFiles/cmTC_a9389.dir/build
Building C object CMakeFiles/cmTC_a9389.dir/testCCompiler.c.o
/Users/ceinfo/Library/Android/sdk/ndk-bundle/toolchains/llvm/prebuilt/darwin-x86_64/bin/clang  --target=aarch64-none-linux-android --gcc-toolchain=/Users/ceinfo/Library/Android/sdk/ndk-bundle/toolchains/aarch64-linux-android-4.9/prebuilt/darwin-x86_64 --sysroot=/Users/ceinfo/Library/Android/sdk/ndk-bundle/platforms/android-21/arch-arm64   -fpic -funwind-tables -no-canonical-prefixes -fexceptions  -g   -o CMakeFiles/cmTC_a9389.dir/testCCompiler.c.o   -c /Users/ceinfo/LinPhoneAndroidProject/linphone-android/WORK/android-arm64/Build/turbo-jpeg/CMakeFiles/CMakeTmp/testCCompiler.c
Linking C executable cmTC_a9389
/Applications/CMake.app/Contents/bin/cmake -E cmake_link_script CMakeFiles/cmTC_a9389.dir/link.txt --verbose=1
/Users/ceinfo/Library/Android/sdk/ndk-bundle/toolchains/llvm/prebuilt/darwin-x86_64/bin/clang  --target=aarch64-none-linux-android --gcc-toolchain=/Users/ceinfo/Library/Android/sdk/ndk-bundle/toolchains/aarch64-linux-android-4.9/prebuilt/darwin-x86_64 --sysroot=/Users/ceinfo/Library/Android/sdk/ndk-bundle/platforms/android-21/arch-arm64 -fpic -funwind-tables -no-canonical-prefixes -fexceptions  -g    CMakeFiles/cmTC_a9389.dir/testCCompiler.c.o  -o cmTC_a9389  


Detecting C compiler ABI info compiled with the following output:
Change Dir: /Users/ceinfo/LinPhoneAndroidProject/linphone-android/WORK/android-arm64/Build/turbo-jpeg/CMakeFiles/CMakeTmp

Run Build Command:"/usr/bin/make" "cmTC_c56a5/fast"
/Applications/Xcode.app/Contents/Developer/usr/bin/make -f CMakeFiles/cmTC_c56a5.dir/build.make CMakeFiles/cmTC_c56a5.dir/build
Building C object CMakeFiles/cmTC_c56a5.dir/CMakeCCompilerABI.c.o
/Users/ceinfo/Library/Android/sdk/ndk-bundle/toolchains/llvm/prebuilt/darwin-x86_64/bin/clang  --target=aarch64-none-linux-android --gcc-toolchain=/Users/ceinfo/Library/Android/sdk/ndk-bundle/toolchains/aarch64-linux-android-4.9/prebuilt/darwin-x86_64 --sysroot=/Users/ceinfo/Library/Android/sdk/ndk-bundle/platforms/android-21/arch-arm64   -fpic -funwind-tables -no-canonical-prefixes -fexceptions  -g   -o CMakeFiles/cmTC_c56a5.dir/CMakeCCompilerABI.c.o   -c /Applications/CMake.app/Contents/share/cmake-3.7/Modules/CMakeCCompilerABI.c
Linking C executable cmTC_c56a5
/Applications/CMake.app/Contents/bin/cmake -E cmake_link_script CMakeFiles/cmTC_c56a5.dir/link.txt --verbose=1
/Users/ceinfo/Library/Android/sdk/ndk-bundle/toolchains/llvm/prebuilt/darwin-x86_64/bin/clang  --target=aarch64-none-linux-android --gcc-toolchain=/Users/ceinfo/Library/Android/sdk/ndk-bundle/toolchains/aarch64-linux-android-4.9/prebuilt/darwin-x86_64 --sysroot=/Users/ceinfo/Library/Android/sdk/ndk-bundle/platforms/android-21/arch-arm64 -fpic -funwind-tables -no-canonical-prefixes -fexceptions  -g   -v CMakeFiles/cmTC_c56a5.dir/CMakeCCompilerABI.c.o  -o cmTC_c56a5   
Android clang version 5.0.300080  (based on LLVM 5.0.300080)
Target: aarch64-none-linux-android
Thread model: posix
InstalledDir: /Users/ceinfo/Library/Android/sdk/ndk-bundle/toolchains/llvm/prebuilt/darwin-x86_64/bin
Found candidate GCC installation: /Users/ceinfo/Library/Android/sdk/ndk-bundle/toolchains/aarch64-linux-android-4.9/prebuilt/darwin-x86_64/lib/gcc/aarch64-linux-android/4.9.x
Selected GCC installation: /Users/ceinfo/Library/Android/sdk/ndk-bundle/toolchains/aarch64-linux-android-4.9/prebuilt/darwin-x86_64/lib/gcc/aarch64-linux-android/4.9.x
Candidate multilib: .;@m64
Selected multilib: .;@m64
 "/Users/ceinfo/Library/Android/sdk/ndk-bundle/toolchains/aarch64-linux-android-4.9/prebuilt/darwin-x86_64/lib/gcc/aarch64-linux-android/4.9.x/../../../../aarch64-linux-android/bin/ld" --sysroot=/Users/ceinfo/Library/Android/sdk/ndk-bundle/platforms/android-21/arch-arm64 --fix-cortex-a53-843419 --eh-frame-hdr -m aarch64linux -dynamic-linker /system/bin/linker64 -o cmTC_c56a5 /Users/ceinfo/Library/Android/sdk/ndk-bundle/platforms/android-21/arch-arm64/usr/lib/crtbegin_dynamic.o -L/Users/ceinfo/Library/Android/sdk/ndk-bundle/toolchains/llvm/prebuilt/darwin-x86_64/lib64/clang/5.0.300080/lib/linux/aarch64 -L/Users/ceinfo/Library/Android/sdk/ndk-bundle/toolchains/aarch64-linux-android-4.9/prebuilt/darwin-x86_64/lib/gcc/aarch64-linux-android/4.9.x -L/Users/ceinfo/Library/Android/sdk/ndk-bundle/toolchains/aarch64-linux-android-4.9/prebuilt/darwin-x86_64/lib/gcc/aarch64-linux-android/4.9.x/../../../../aarch64-linux-android/lib/../lib64 -L/Users/ceinfo/Library/Android/sdk/ndk-bundle/toolchains/aarch64-linux-android-4.9/prebuilt/darwin-x86_64/lib/gcc/aarch64-linux-android/4.9.x/../../../../aarch64-linux-android/lib -L/Users/ceinfo/Library/Android/sdk/ndk-bundle/platforms/android-21/arch-arm64/usr/lib CMakeFiles/cmTC_c56a5.dir/CMakeCCompilerABI.c.o -lgcc -ldl -lc -lgcc -ldl /Users/ceinfo/Library/Android/sdk/ndk-bundle/platforms/android-21/arch-arm64/usr/lib/crtend_android.o


Parsed C implicit link information from above output:
  link line regex: [^( *|.*[/\])(aarch64-linux-android-ld|([^/\]+-)?ld|collect2)[^/\]*( |$)]
  ignore line: [Change Dir: /Users/ceinfo/LinPhoneAndroidProject/linphone-android/WORK/android-arm64/Build/turbo-jpeg/CMakeFiles/CMakeTmp]
  ignore line: []
  ignore line: [Run Build Command:"/usr/bin/make" "cmTC_c56a5/fast"]
  ignore line: [/Applications/Xcode.app/Contents/Developer/usr/bin/make -f CMakeFiles/cmTC_c56a5.dir/build.make CMakeFiles/cmTC_c56a5.dir/build]
  ignore line: [Building C object CMakeFiles/cmTC_c56a5.dir/CMakeCCompilerABI.c.o]
  ignore line: [/Users/ceinfo/Library/Android/sdk/ndk-bundle/toolchains/llvm/prebuilt/darwin-x86_64/bin/clang  --target=aarch64-none-linux-android --gcc-toolchain=/Users/ceinfo/Library/Android/sdk/ndk-bundle/toolchains/aarch64-linux-android-4.9/prebuilt/darwin-x86_64 --sysroot=/Users/ceinfo/Library/Android/sdk/ndk-bundle/platforms/android-21/arch-arm64   -fpic -funwind-tables -no-canonical-prefixes -fexceptions  -g   -o CMakeFiles/cmTC_c56a5.dir/CMakeCCompilerABI.c.o   -c /Applications/CMake.app/Contents/share/cmake-3.7/Modules/CMakeCCompilerABI.c]
  ignore line: [Linking C executable cmTC_c56a5]
  ignore line: [/Applications/CMake.app/Contents/bin/cmake -E cmake_link_script CMakeFiles/cmTC_c56a5.dir/link.txt --verbose=1]
  ignore line: [/Users/ceinfo/Library/Android/sdk/ndk-bundle/toolchains/llvm/prebuilt/darwin-x86_64/bin/clang  --target=aarch64-none-linux-android --gcc-toolchain=/Users/ceinfo/Library/Android/sdk/ndk-bundle/toolchains/aarch64-linux-android-4.9/prebuilt/darwin-x86_64 --sysroot=/Users/ceinfo/Library/Android/sdk/ndk-bundle/platforms/android-21/arch-arm64 -fpic -funwind-tables -no-canonical-prefixes -fexceptions  -g   -v CMakeFiles/cmTC_c56a5.dir/CMakeCCompilerABI.c.o  -o cmTC_c56a5   ]
  ignore line: [Android clang version 5.0.300080  (based on LLVM 5.0.300080)]
  ignore line: [Target: aarch64-none-linux-android]
  ignore line: [Thread model: posix]
  ignore line: [InstalledDir: /Users/ceinfo/Library/Android/sdk/ndk-bundle/toolchains/llvm/prebuilt/darwin-x86_64/bin]
  ignore line: [Found candidate GCC installation: /Users/ceinfo/Library/Android/sdk/ndk-bundle/toolchains/aarch64-linux-android-4.9/prebuilt/darwin-x86_64/lib/gcc/aarch64-linux-android/4.9.x]
  ignore line: [Selected GCC installation: /Users/ceinfo/Library/Android/sdk/ndk-bundle/toolchains/aarch64-linux-android-4.9/prebuilt/darwin-x86_64/lib/gcc/aarch64-linux-android/4.9.x]
  ignore line: [Candidate multilib: .]
  ignore line: [@m64]
  ignore line: [Selected multilib: .]
  ignore line: [@m64]
  link line: [ "/Users/ceinfo/Library/Android/sdk/ndk-bundle/toolchains/aarch64-linux-android-4.9/prebuilt/darwin-x86_64/lib/gcc/aarch64-linux-android/4.9.x/../../../../aarch64-linux-android/bin/ld" --sysroot=/Users/ceinfo/Library/Android/sdk/ndk-bundle/platforms/android-21/arch-arm64 --fix-cortex-a53-843419 --eh-frame-hdr -m aarch64linux -dynamic-linker /system/bin/linker64 -o cmTC_c56a5 /Users/ceinfo/Library/Android/sdk/ndk-bundle/platforms/android-21/arch-arm64/usr/lib/crtbegin_dynamic.o -L/Users/ceinfo/Library/Android/sdk/ndk-bundle/toolchains/llvm/prebuilt/darwin-x86_64/lib64/clang/5.0.300080/lib/linux/aarch64 -L/Users/ceinfo/Library/Android/sdk/ndk-bundle/toolchains/aarch64-linux-android-4.9/prebuilt/darwin-x86_64/lib/gcc/aarch64-linux-android/4.9.x -L/Users/ceinfo/Library/Android/sdk/ndk-bundle/toolchains/aarch64-linux-android-4.9/prebuilt/darwin-x86_64/lib/gcc/aarch64-linux-android/4.9.x/../../../../aarch64-linux-android/lib/../lib64 -L/Users/ceinfo/Library/Android/sdk/ndk-bundle/toolchains/aarch64-linux-android-4.9/prebuilt/darwin-x86_64/lib/gcc/aarch64-linux-android/4.9.x/../../../../aarch64-linux-android/lib -L/Users/ceinfo/Library/Android/sdk/ndk-bundle/platforms/android-21/arch-arm64/usr/lib CMakeFiles/cmTC_c56a5.dir/CMakeCCompilerABI.c.o -lgcc -ldl -lc -lgcc -ldl /Users/ceinfo/Library/Android/sdk/ndk-bundle/platforms/android-21/arch-arm64/usr/lib/crtend_android.o]
    arg [/Users/ceinfo/Library/Android/sdk/ndk-bundle/toolchains/aarch64-linux-android-4.9/prebuilt/darwin-x86_64/lib/gcc/aarch64-linux-android/4.9.x/../../../../aarch64-linux-android/bin/ld] ==> ignore
    arg [--sysroot=/Users/ceinfo/Library/Android/sdk/ndk-bundle/platforms/android-21/arch-arm64] ==> ignore
    arg [--fix-cortex-a53-843419] ==> ignore
    arg [--eh-frame-hdr] ==> ignore
    arg [-m] ==> ignore
    arg [aarch64linux] ==> ignore
    arg [-dynamic-linker] ==> ignore
    arg [/system/bin/linker64] ==> ignore
    arg [-o] ==> ignore
    arg [cmTC_c56a5] ==> ignore
    arg [/Users/ceinfo/Library/Android/sdk/ndk-bundle/platforms/android-21/arch-arm64/usr/lib/crtbegin_dynamic.o] ==> ignore
    arg [-L/Users/ceinfo/Library/Android/sdk/ndk-bundle/toolchains/llvm/prebuilt/darwin-x86_64/lib64/clang/5.0.300080/lib/linux/aarch64] ==> dir [/Users/ceinfo/Library/Android/sdk/ndk-bundle/toolchains/llvm/prebuilt/darwin-x86_64/lib64/clang/5.0.300080/lib/linux/aarch64]
    arg [-L/Users/ceinfo/Library/Android/sdk/ndk-bundle/toolchains/aarch64-linux-android-4.9/prebuilt/darwin-x86_64/lib/gcc/aarch64-linux-android/4.9.x] ==> dir [/Users/ceinfo/Library/Android/sdk/ndk-bundle/toolchains/aarch64-linux-android-4.9/prebuilt/darwin-x86_64/lib/gcc/aarch64-linux-android/4.9.x]
    arg [-L/Users/ceinfo/Library/Android/sdk/ndk-bundle/toolchains/aarch64-linux-android-4.9/prebuilt/darwin-x86_64/lib/gcc/aarch64-linux-android/4.9.x/../../../../aarch64-linux-android/lib/../lib64] ==> dir [/Users/ceinfo/Library/Android/sdk/ndk-bundle/toolchains/aarch64-linux-android-4.9/prebuilt/darwin-x86_64/lib/gcc/aarch64-linux-android/4.9.x/../../../../aarch64-linux-android/lib/../lib64]
    arg [-L/Users/ceinfo/Library/Android/sdk/ndk-bundle/toolchains/aarch64-linux-android-4.9/prebuilt/darwin-x86_64/lib/gcc/aarch64-linux-android/4.9.x/../../../../aarch64-linux-android/lib] ==> dir [/Users/ceinfo/Library/Android/sdk/ndk-bundle/toolchains/aarch64-linux-android-4.9/prebuilt/darwin-x86_64/lib/gcc/aarch64-linux-android/4.9.x/../../../../aarch64-linux-android/lib]
    arg [-L/Users/ceinfo/Library/Android/sdk/ndk-bundle/platforms/android-21/arch-arm64/usr/lib] ==> dir [/Users/ceinfo/Library/Android/sdk/ndk-bundle/platforms/android-21/arch-arm64/usr/lib]
    arg [CMakeFiles/cmTC_c56a5.dir/CMakeCCompilerABI.c.o] ==> ignore
    arg [-lgcc] ==> lib [gcc]
    arg [-ldl] ==> lib [dl]
    arg [-lc] ==> lib [c]
    arg [-lgcc] ==> lib [gcc]
    arg [-ldl] ==> lib [dl]
    arg [/Users/ceinfo/Library/Android/sdk/ndk-bundle/platforms/android-21/arch-arm64/usr/lib/crtend_android.o] ==> ignore
  remove lib [gcc]
  remove lib [gcc]
  collapse library dir [/Users/ceinfo/Library/Android/sdk/ndk-bundle/toolchains/llvm/prebuilt/darwin-x86_64/lib64/clang/5.0.300080/lib/linux/aarch64] ==> [/Users/ceinfo/Library/Android/sdk/ndk-bundle/toolchains/llvm/prebuilt/darwin-x86_64/lib64/clang/5.0.300080/lib/linux/aarch64]
  collapse library dir [/Users/ceinfo/Library/Android/sdk/ndk-bundle/toolchains/aarch64-linux-android-4.9/prebuilt/darwin-x86_64/lib/gcc/aarch64-linux-android/4.9.x] ==> [/Users/ceinfo/Library/Android/sdk/ndk-bundle/toolchains/aarch64-linux-android-4.9/prebuilt/darwin-x86_64/lib/gcc/aarch64-linux-android/4.9.x]
  collapse library dir [/Users/ceinfo/Library/Android/sdk/ndk-bundle/toolchains/aarch64-linux-android-4.9/prebuilt/darwin-x86_64/lib/gcc/aarch64-linux-android/4.9.x/../../../../aarch64-linux-android/lib/../lib64] ==> [/Users/ceinfo/Library/Android/sdk/ndk-bundle/toolchains/aarch64-linux-android-4.9/prebuilt/darwin-x86_64/aarch64-linux-android/lib64]
  collapse library dir [/Users/ceinfo/Library/Android/sdk/ndk-bundle/toolchains/aarch64-linux-android-4.9/prebuilt/darwin-x86_64/lib/gcc/aarch64-linux-android/4.9.x/../../../../aarch64-linux-android/lib] ==> [/Users/ceinfo/Library/Android/sdk/ndk-bundle/toolchains/aarch64-linux-android-4.9/prebuilt/darwin-x86_64/aarch64-linux-android/lib]
  collapse library dir [/Users/ceinfo/Library/Android/sdk/ndk-bundle/platforms/android-21/arch-arm64/usr/lib] ==> [/Users/ceinfo/Library/Android/sdk/ndk-bundle/platforms/android-21/arch-arm64/usr/lib]
  implicit libs: [dl;c;dl]
  implicit dirs: [/Users/ceinfo/Library/Android/sdk/ndk-bundle/toolchains/llvm/prebuilt/darwin-x86_64/lib64/clang/5.0.300080/lib/linux/aarch64;/Users/ceinfo/Library/Android/sdk/ndk-bundle/toolchains/aarch64-linux-android-4.9/prebuilt/darwin-x86_64/lib/gcc/aarch64-linux-android/4.9.x;/Users/ceinfo/Library/Android/sdk/ndk-bundle/toolchains/aarch64-linux-android-4.9/prebuilt/darwin-x86_64/aarch64-linux-android/lib64;/Users/ceinfo/Library/Android/sdk/ndk-bundle/toolchains/aarch64-linux-android-4.9/prebuilt/darwin-x86_64/aarch64-linux-android/lib;/Users/ceinfo/Library/Android/sdk/ndk-bundle/platforms/android-21/arch-arm64/usr/lib]
  implicit fwks: []




Detecting C [-std=c11] compiler features compiled with the following output:
Change Dir: /Users/ceinfo/LinPhoneAndroidProject/linphone-android/WORK/android-arm64/Build/turbo-jpeg/CMakeFiles/CMakeTmp

Run Build Command:"/usr/bin/make" "cmTC_5afe1/fast"
/Applications/Xcode.app/Contents/Developer/usr/bin/make -f CMakeFiles/cmTC_5afe1.dir/build.make CMakeFiles/cmTC_5afe1.dir/build
Building C object CMakeFiles/cmTC_5afe1.dir/feature_tests.c.o
/Users/ceinfo/Library/Android/sdk/ndk-bundle/toolchains/llvm/prebuilt/darwin-x86_64/bin/clang  --target=aarch64-none-linux-android --gcc-toolchain=/Users/ceinfo/Library/Android/sdk/ndk-bundle/toolchains/aarch64-linux-android-4.9/prebuilt/darwin-x86_64 --sysroot=/Users/ceinfo/Library/Android/sdk/ndk-bundle/platforms/android-21/arch-arm64   -fpic -funwind-tables -no-canonical-prefixes -fexceptions  -g   -std=c11 -o CMakeFiles/cmTC_5afe1.dir/feature_tests.c.o   -c /Users/ceinfo/LinPhoneAndroidProject/linphone-android/WORK/android-arm64/Build/turbo-jpeg/CMakeFiles/feature_tests.c
Linking C executable cmTC_5afe1
/Applications/CMake.app/Contents/bin/cmake -E cmake_link_script CMakeFiles/cmTC_5afe1.dir/link.txt --verbose=1
/Users/ceinfo/Library/Android/sdk/ndk-bundle/toolchains/llvm/prebuilt/darwin-x86_64/bin/clang  --target=aarch64-none-linux-android --gcc-toolchain=/Users/ceinfo/Library/Android/sdk/ndk-bundle/toolchains/aarch64-linux-android-4.9/prebuilt/darwin-x86_64 --sysroot=/Users/ceinfo/Library/Android/sdk/ndk-bundle/platforms/android-21/arch-arm64 -fpic -funwind-tables -no-canonical-prefixes -fexceptions  -g    CMakeFiles/cmTC_5afe1.dir/feature_tests.c.o  -o cmTC_5afe1  


    Feature record: C_FEATURE:1c_function_prototypes
    Feature record: C_FEATURE:1c_restrict
    Feature record: C_FEATURE:1c_static_assert
    Feature record: C_FEATURE:1c_variadic_macros


Detecting C [-std=c99] compiler features compiled with the following output:
Change Dir: /Users/ceinfo/LinPhoneAndroidProject/linphone-android/WORK/android-arm64/Build/turbo-jpeg/CMakeFiles/CMakeTmp

Run Build Command:"/usr/bin/make" "cmTC_549f5/fast"
/Applications/Xcode.app/Contents/Developer/usr/bin/make -f CMakeFiles/cmTC_549f5.dir/build.make CMakeFiles/cmTC_549f5.dir/build
Building C object CMakeFiles/cmTC_549f5.dir/feature_tests.c.o
/Users/ceinfo/Library/Android/sdk/ndk-bundle/toolchains/llvm/prebuilt/darwin-x86_64/bin/clang  --target=aarch64-none-linux-android --gcc-toolchain=/Users/ceinfo/Library/Android/sdk/ndk-bundle/toolchains/aarch64-linux-android-4.9/prebuilt/darwin-x86_64 --sysroot=/Users/ceinfo/Library/Android/sdk/ndk-bundle/platforms/android-21/arch-arm64   -fpic -funwind-tables -no-canonical-prefixes -fexceptions  -g   -std=c99 -o CMakeFiles/cmTC_549f5.dir/feature_tests.c.o   -c /Users/ceinfo/LinPhoneAndroidProject/linphone-android/WORK/android-arm64/Build/turbo-jpeg/CMakeFiles/feature_tests.c
Linking C executable cmTC_549f5
/Applications/CMake.app/Contents/bin/cmake -E cmake_link_script CMakeFiles/cmTC_549f5.dir/link.txt --verbose=1
/Users/ceinfo/Library/Android/sdk/ndk-bundle/toolchains/llvm/prebuilt/darwin-x86_64/bin/clang  --target=aarch64-none-linux-android --gcc-toolchain=/Users/ceinfo/Library/Android/sdk/ndk-bundle/toolchains/aarch64-linux-android-4.9/prebuilt/darwin-x86_64 --sysroot=/Users/ceinfo/Library/Android/sdk/ndk-bundle/platforms/android-21/arch-arm64 -fpic -funwind-tables -no-canonical-prefixes -fexceptions  -g    CMakeFiles/cmTC_549f5.dir/feature_tests.c.o  -o cmTC_549f5  


    Feature record: C_FEATURE:1c_function_prototypes
    Feature record: C_FEATURE:1c_restrict
    Feature record: C_FEATURE:0c_static_assert
    Feature record: C_FEATURE:1c_variadic_macros


Detecting C [-std=c90] compiler features compiled with the following output:
Change Dir: /Users/ceinfo/LinPhoneAndroidProject/linphone-android/WORK/android-arm64/Build/turbo-jpeg/CMakeFiles/CMakeTmp

Run Build Command:"/usr/bin/make" "cmTC_a097d/fast"
/Applications/Xcode.app/Contents/Developer/usr/bin/make -f CMakeFiles/cmTC_a097d.dir/build.make CMakeFiles/cmTC_a097d.dir/build
Building C object CMakeFiles/cmTC_a097d.dir/feature_tests.c.o
/Users/ceinfo/Library/Android/sdk/ndk-bundle/toolchains/llvm/prebuilt/darwin-x86_64/bin/clang  --target=aarch64-none-linux-android --gcc-toolchain=/Users/ceinfo/Library/Android/sdk/ndk-bundle/toolchains/aarch64-linux-android-4.9/prebuilt/darwin-x86_64 --sysroot=/Users/ceinfo/Library/Android/sdk/ndk-bundle/platforms/android-21/arch-arm64   -fpic -funwind-tables -no-canonical-prefixes -fexceptions  -g   -std=c90 -o CMakeFiles/cmTC_a097d.dir/feature_tests.c.o   -c /Users/ceinfo/LinPhoneAndroidProject/linphone-android/WORK/android-arm64/Build/turbo-jpeg/CMakeFiles/feature_tests.c
Linking C executable cmTC_a097d
/Applications/CMake.app/Contents/bin/cmake -E cmake_link_script CMakeFiles/cmTC_a097d.dir/link.txt --verbose=1
/Users/ceinfo/Library/Android/sdk/ndk-bundle/toolchains/llvm/prebuilt/darwin-x86_64/bin/clang  --target=aarch64-none-linux-android --gcc-toolchain=/Users/ceinfo/Library/Android/sdk/ndk-bundle/toolchains/aarch64-linux-android-4.9/prebuilt/darwin-x86_64 --sysroot=/Users/ceinfo/Library/Android/sdk/ndk-bundle/platforms/android-21/arch-arm64 -fpic -funwind-tables -no-canonical-prefixes -fexceptions  -g    CMakeFiles/cmTC_a097d.dir/feature_tests.c.o  -o cmTC_a097d  


    Feature record: C_FEATURE:1c_function_prototypes
    Feature record: C_FEATURE:0c_restrict
    Feature record: C_FEATURE:0c_static_assert
    Feature record: C_FEATURE:0c_variadic_macros
Determining if the include file sys/types.h exists passed with the following output:
Change Dir: /Users/ceinfo/LinPhoneAndroidProject/linphone-android/WORK/android-arm64/Build/turbo-jpeg/CMakeFiles/CMakeTmp

Run Build Command:"/usr/bin/make" "cmTC_c2206/fast"
/Applications/Xcode.app/Contents/Developer/usr/bin/make -f CMakeFiles/cmTC_c2206.dir/build.make CMakeFiles/cmTC_c2206.dir/build
Building C object CMakeFiles/cmTC_c2206.dir/CheckIncludeFile.c.o
/Users/ceinfo/Library/Android/sdk/ndk-bundle/toolchains/llvm/prebuilt/darwin-x86_64/bin/clang  --target=aarch64-none-linux-android --gcc-toolchain=/Users/ceinfo/Library/Android/sdk/ndk-bundle/toolchains/aarch64-linux-android-4.9/prebuilt/darwin-x86_64 --sysroot=/Users/ceinfo/Library/Android/sdk/ndk-bundle/platforms/android-21/arch-arm64   -fpic -funwind-tables -no-canonical-prefixes -fexceptions  -g   -o CMakeFiles/cmTC_c2206.dir/CheckIncludeFile.c.o   -c /Users/ceinfo/LinPhoneAndroidProject/linphone-android/WORK/android-arm64/Build/turbo-jpeg/CMakeFiles/CMakeTmp/CheckIncludeFile.c
Linking C executable cmTC_c2206
/Applications/CMake.app/Contents/bin/cmake -E cmake_link_script CMakeFiles/cmTC_c2206.dir/link.txt --verbose=1
/Users/ceinfo/Library/Android/sdk/ndk-bundle/toolchains/llvm/prebuilt/darwin-x86_64/bin/clang  --target=aarch64-none-linux-android --gcc-toolchain=/Users/ceinfo/Library/Android/sdk/ndk-bundle/toolchains/aarch64-linux-android-4.9/prebuilt/darwin-x86_64 --sysroot=/Users/ceinfo/Library/Android/sdk/ndk-bundle/platforms/android-21/arch-arm64 -fpic -funwind-tables -no-canonical-prefixes -fexceptions  -g    CMakeFiles/cmTC_c2206.dir/CheckIncludeFile.c.o  -o cmTC_c2206  


Determining if the include file stdint.h exists passed with the following output:
Change Dir: /Users/ceinfo/LinPhoneAndroidProject/linphone-android/WORK/android-arm64/Build/turbo-jpeg/CMakeFiles/CMakeTmp

Run Build Command:"/usr/bin/make" "cmTC_29446/fast"
/Applications/Xcode.app/Contents/Developer/usr/bin/make -f CMakeFiles/cmTC_29446.dir/build.make CMakeFiles/cmTC_29446.dir/build
Building C object CMakeFiles/cmTC_29446.dir/CheckIncludeFile.c.o
/Users/ceinfo/Library/Android/sdk/ndk-bundle/toolchains/llvm/prebuilt/darwin-x86_64/bin/clang  --target=aarch64-none-linux-android --gcc-toolchain=/Users/ceinfo/Library/Android/sdk/ndk-bundle/toolchains/aarch64-linux-android-4.9/prebuilt/darwin-x86_64 --sysroot=/Users/ceinfo/Library/Android/sdk/ndk-bundle/platforms/android-21/arch-arm64   -fpic -funwind-tables -no-canonical-prefixes -fexceptions  -g   -o CMakeFiles/cmTC_29446.dir/CheckIncludeFile.c.o   -c /Users/ceinfo/LinPhoneAndroidProject/linphone-android/WORK/android-arm64/Build/turbo-jpeg/CMakeFiles/CMakeTmp/CheckIncludeFile.c
Linking C executable cmTC_29446
/Applications/CMake.app/Contents/bin/cmake -E cmake_link_script CMakeFiles/cmTC_29446.dir/link.txt --verbose=1
/Users/ceinfo/Library/Android/sdk/ndk-bundle/toolchains/llvm/prebuilt/darwin-x86_64/bin/clang  --target=aarch64-none-linux-android --gcc-toolchain=/Users/ceinfo/Library/Android/sdk/ndk-bundle/toolchains/aarch64-linux-android-4.9/prebuilt/darwin-x86_64 --sysroot=/Users/ceinfo/Library/Android/sdk/ndk-bundle/platforms/android-21/arch-arm64 -fpic -funwind-tables -no-canonical-prefixes -fexceptions  -g    CMakeFiles/cmTC_29446.dir/CheckIncludeFile.c.o  -o cmTC_29446  


Determining if the include file stddef.h exists passed with the following output:
Change Dir: /Users/ceinfo/LinPhoneAndroidProject/linphone-android/WORK/android-arm64/Build/turbo-jpeg/CMakeFiles/CMakeTmp

Run Build Command:"/usr/bin/make" "cmTC_1bcab/fast"
/Applications/Xcode.app/Contents/Developer/usr/bin/make -f CMakeFiles/cmTC_1bcab.dir/build.make CMakeFiles/cmTC_1bcab.dir/build
Building C object CMakeFiles/cmTC_1bcab.dir/CheckIncludeFile.c.o
/Users/ceinfo/Library/Android/sdk/ndk-bundle/toolchains/llvm/prebuilt/darwin-x86_64/bin/clang  --target=aarch64-none-linux-android --gcc-toolchain=/Users/ceinfo/Library/Android/sdk/ndk-bundle/toolchains/aarch64-linux-android-4.9/prebuilt/darwin-x86_64 --sysroot=/Users/ceinfo/Library/Android/sdk/ndk-bundle/platforms/android-21/arch-arm64   -fpic -funwind-tables -no-canonical-prefixes -fexceptions  -g   -o CMakeFiles/cmTC_1bcab.dir/CheckIncludeFile.c.o   -c /Users/ceinfo/LinPhoneAndroidProject/linphone-android/WORK/android-arm64/Build/turbo-jpeg/CMakeFiles/CMakeTmp/CheckIncludeFile.c
Linking C executable cmTC_1bcab
/Applications/CMake.app/Contents/bin/cmake -E cmake_link_script CMakeFiles/cmTC_1bcab.dir/link.txt --verbose=1
/Users/ceinfo/Library/Android/sdk/ndk-bundle/toolchains/llvm/prebuilt/darwin-x86_64/bin/clang  --target=aarch64-none-linux-android --gcc-toolchain=/Users/ceinfo/Library/Android/sdk/ndk-bundle/toolchains/aarch64-linux-android-4.9/prebuilt/darwin-x86_64 --sysroot=/Users/ceinfo/Library/Android/sdk/ndk-bundle/platforms/android-21/arch-arm64 -fpic -funwind-tables -no-canonical-prefixes -fexceptions  -g    CMakeFiles/cmTC_1bcab.dir/CheckIncludeFile.c.o  -o cmTC_1bcab  


Determining size of size_t passed with the following output:
Change Dir: /Users/ceinfo/LinPhoneAndroidProject/linphone-android/WORK/android-arm64/Build/turbo-jpeg/CMakeFiles/CMakeTmp

Run Build Command:"/usr/bin/make" "cmTC_4d30b/fast"
/Applications/Xcode.app/Contents/Developer/usr/bin/make -f CMakeFiles/cmTC_4d30b.dir/build.make CMakeFiles/cmTC_4d30b.dir/build
Building C object CMakeFiles/cmTC_4d30b.dir/SIZEOF_SIZE_T.c.o
/Users/ceinfo/Library/Android/sdk/ndk-bundle/toolchains/llvm/prebuilt/darwin-x86_64/bin/clang  --target=aarch64-none-linux-android --gcc-toolchain=/Users/ceinfo/Library/Android/sdk/ndk-bundle/toolchains/aarch64-linux-android-4.9/prebuilt/darwin-x86_64 --sysroot=/Users/ceinfo/Library/Android/sdk/ndk-bundle/platforms/android-21/arch-arm64   -fpic -funwind-tables -no-canonical-prefixes -fexceptions  -g   -o CMakeFiles/cmTC_4d30b.dir/SIZEOF_SIZE_T.c.o   -c /Users/ceinfo/LinPhoneAndroidProject/linphone-android/WORK/android-arm64/Build/turbo-jpeg/CMakeFiles/CheckTypeSize/SIZEOF_SIZE_T.c
Linking C executable cmTC_4d30b
/Applications/CMake.app/Contents/bin/cmake -E cmake_link_script CMakeFiles/cmTC_4d30b.dir/link.txt --verbose=1
/Users/ceinfo/Library/Android/sdk/ndk-bundle/toolchains/llvm/prebuilt/darwin-x86_64/bin/clang  --target=aarch64-none-linux-android --gcc-toolchain=/Users/ceinfo/Library/Android/sdk/ndk-bundle/toolchains/aarch64-linux-android-4.9/prebuilt/darwin-x86_64 --sysroot=/Users/ceinfo/Library/Android/sdk/ndk-bundle/platforms/android-21/arch-arm64 -fpic -funwind-tables -no-canonical-prefixes -fexceptions  -g    CMakeFiles/cmTC_4d30b.dir/SIZEOF_SIZE_T.c.o  -o cmTC_4d30b  


Determining if the include file stdlib.h exists passed with the following output:
Change Dir: /Users/ceinfo/LinPhoneAndroidProject/linphone-android/WORK/android-arm64/Build/turbo-jpeg/CMakeFiles/CMakeTmp

Run Build Command:"/usr/bin/make" "cmTC_00c56/fast"
/Applications/Xcode.app/Contents/Developer/usr/bin/make -f CMakeFiles/cmTC_00c56.dir/build.make CMakeFiles/cmTC_00c56.dir/build
Building C object CMakeFiles/cmTC_00c56.dir/CheckIncludeFile.c.o
/Users/ceinfo/Library/Android/sdk/ndk-bundle/toolchains/llvm/prebuilt/darwin-x86_64/bin/clang  --target=aarch64-none-linux-android --gcc-toolchain=/Users/ceinfo/Library/Android/sdk/ndk-bundle/toolchains/aarch64-linux-android-4.9/prebuilt/darwin-x86_64 --sysroot=/Users/ceinfo/Library/Android/sdk/ndk-bundle/platforms/android-21/arch-arm64   -fpic -funwind-tables -no-canonical-prefixes -fexceptions  -g   -o CMakeFiles/cmTC_00c56.dir/CheckIncludeFile.c.o   -c /Users/ceinfo/LinPhoneAndroidProject/linphone-android/WORK/android-arm64/Build/turbo-jpeg/CMakeFiles/CMakeTmp/CheckIncludeFile.c
Linking C executable cmTC_00c56
/Applications/CMake.app/Contents/bin/cmake -E cmake_link_script CMakeFiles/cmTC_00c56.dir/link.txt --verbose=1
/Users/ceinfo/Library/Android/sdk/ndk-bundle/toolchains/llvm/prebuilt/darwin-x86_64/bin/clang  --target=aarch64-none-linux-android --gcc-toolchain=/Users/ceinfo/Library/Android/sdk/ndk-bundle/toolchains/aarch64-linux-android-4.9/prebuilt/darwin-x86_64 --sysroot=/Users/ceinfo/Library/Android/sdk/ndk-bundle/platforms/android-21/arch-arm64 -fpic -funwind-tables -no-canonical-prefixes -fexceptions  -g    CMakeFiles/cmTC_00c56.dir/CheckIncludeFile.c.o  -o cmTC_00c56  


Determining if the include file locale.h exists passed with the following output:
Change Dir: /Users/ceinfo/LinPhoneAndroidProject/linphone-android/WORK/android-arm64/Build/turbo-jpeg/CMakeFiles/CMakeTmp

Run Build Command:"/usr/bin/make" "cmTC_9ffc8/fast"
/Applications/Xcode.app/Contents/Developer/usr/bin/make -f CMakeFiles/cmTC_9ffc8.dir/build.make CMakeFiles/cmTC_9ffc8.dir/build
Building C object CMakeFiles/cmTC_9ffc8.dir/CheckIncludeFile.c.o
/Users/ceinfo/Library/Android/sdk/ndk-bundle/toolchains/llvm/prebuilt/darwin-x86_64/bin/clang  --target=aarch64-none-linux-android --gcc-toolchain=/Users/ceinfo/Library/Android/sdk/ndk-bundle/toolchains/aarch64-linux-android-4.9/prebuilt/darwin-x86_64 --sysroot=/Users/ceinfo/Library/Android/sdk/ndk-bundle/platforms/android-21/arch-arm64   -fpic -funwind-tables -no-canonical-prefixes -fexceptions  -g   -o CMakeFiles/cmTC_9ffc8.dir/CheckIncludeFile.c.o   -c /Users/ceinfo/LinPhoneAndroidProject/linphone-android/WORK/android-arm64/Build/turbo-jpeg/CMakeFiles/CMakeTmp/CheckIncludeFile.c
Linking C executable cmTC_9ffc8
/Applications/CMake.app/Contents/bin/cmake -E cmake_link_script CMakeFiles/cmTC_9ffc8.dir/link.txt --verbose=1
/Users/ceinfo/Library/Android/sdk/ndk-bundle/toolchains/llvm/prebuilt/darwin-x86_64/bin/clang  --target=aarch64-none-linux-android --gcc-toolchain=/Users/ceinfo/Library/Android/sdk/ndk-bundle/toolchains/aarch64-linux-android-4.9/prebuilt/darwin-x86_64 --sysroot=/Users/ceinfo/Library/Android/sdk/ndk-bundle/platforms/android-21/arch-arm64 -fpic -funwind-tables -no-canonical-prefixes -fexceptions  -g    CMakeFiles/cmTC_9ffc8.dir/CheckIncludeFile.c.o  -o cmTC_9ffc8  


