The target system is: Android - 16 - i686
The host system is: Darwin - 16.7.0 - x86_64
Compiling the C compiler identification source file "CMakeCCompilerId.c" succeeded.
Compiler: /Users/ceinfo/Library/Android/sdk/ndk-bundle/toolchains/llvm/prebuilt/darwin-x86_64/bin/clang 
Build flags: 
Id flags: 

The output was:
0


Compilation of the C compiler identification source "CMakeCCompilerId.c" produced "a.out"

The C compiler identification is Clang, found in "/Users/ceinfo/LinPhoneAndroidProject/linphone-android/WORK/android-x86/Build/ortp/CMakeFiles/3.7.0-rc1/CompilerIdC/a.out"

Compiling the CXX compiler identification source file "CMakeCXXCompilerId.cpp" succeeded.
Compiler: /Users/ceinfo/Library/Android/sdk/ndk-bundle/toolchains/llvm/prebuilt/darwin-x86_64/bin/clang++ 
Build flags: 
Id flags: 

The output was:
0


Compilation of the CXX compiler identification source "CMakeCXXCompilerId.cpp" produced "a.out"

The CXX compiler identification is Clang, found in "/Users/ceinfo/LinPhoneAndroidProject/linphone-android/WORK/android-x86/Build/ortp/CMakeFiles/3.7.0-rc1/CompilerIdCXX/a.out"

Determining if the C compiler works passed with the following output:
Change Dir: /Users/ceinfo/LinPhoneAndroidProject/linphone-android/WORK/android-x86/Build/ortp/CMakeFiles/CMakeTmp

Run Build Command:"/usr/bin/make" "cmTC_c56cf/fast"
/Applications/Xcode.app/Contents/Developer/usr/bin/make -f CMakeFiles/cmTC_c56cf.dir/build.make CMakeFiles/cmTC_c56cf.dir/build
Building C object CMakeFiles/cmTC_c56cf.dir/testCCompiler.c.o
/Users/ceinfo/Library/Android/sdk/ndk-bundle/toolchains/llvm/prebuilt/darwin-x86_64/bin/clang  --target=i686-none-linux-android --gcc-toolchain=/Users/ceinfo/Library/Android/sdk/ndk-bundle/toolchains/x86-4.9/prebuilt/darwin-x86_64 --sysroot=/Users/ceinfo/Library/Android/sdk/ndk-bundle/platforms/android-16/arch-x86   -fPIC -funwind-tables -no-canonical-prefixes -fexceptions  -g   -o CMakeFiles/cmTC_c56cf.dir/testCCompiler.c.o   -c /Users/ceinfo/LinPhoneAndroidProject/linphone-android/WORK/android-x86/Build/ortp/CMakeFiles/CMakeTmp/testCCompiler.c
Linking C executable cmTC_c56cf
/Applications/CMake.app/Contents/bin/cmake -E cmake_link_script CMakeFiles/cmTC_c56cf.dir/link.txt --verbose=1
/Users/ceinfo/Library/Android/sdk/ndk-bundle/toolchains/llvm/prebuilt/darwin-x86_64/bin/clang  --target=i686-none-linux-android --gcc-toolchain=/Users/ceinfo/Library/Android/sdk/ndk-bundle/toolchains/x86-4.9/prebuilt/darwin-x86_64 --sysroot=/Users/ceinfo/Library/Android/sdk/ndk-bundle/platforms/android-16/arch-x86 -fPIC -funwind-tables -no-canonical-prefixes -fexceptions  -g    CMakeFiles/cmTC_c56cf.dir/testCCompiler.c.o  -o cmTC_c56cf  


Detecting C compiler ABI info compiled with the following output:
Change Dir: /Users/ceinfo/LinPhoneAndroidProject/linphone-android/WORK/android-x86/Build/ortp/CMakeFiles/CMakeTmp

Run Build Command:"/usr/bin/make" "cmTC_50be8/fast"
/Applications/Xcode.app/Contents/Developer/usr/bin/make -f CMakeFiles/cmTC_50be8.dir/build.make CMakeFiles/cmTC_50be8.dir/build
Building C object CMakeFiles/cmTC_50be8.dir/CMakeCCompilerABI.c.o
/Users/ceinfo/Library/Android/sdk/ndk-bundle/toolchains/llvm/prebuilt/darwin-x86_64/bin/clang  --target=i686-none-linux-android --gcc-toolchain=/Users/ceinfo/Library/Android/sdk/ndk-bundle/toolchains/x86-4.9/prebuilt/darwin-x86_64 --sysroot=/Users/ceinfo/Library/Android/sdk/ndk-bundle/platforms/android-16/arch-x86   -fPIC -funwind-tables -no-canonical-prefixes -fexceptions  -g   -o CMakeFiles/cmTC_50be8.dir/CMakeCCompilerABI.c.o   -c /Applications/CMake.app/Contents/share/cmake-3.7/Modules/CMakeCCompilerABI.c
Linking C executable cmTC_50be8
/Applications/CMake.app/Contents/bin/cmake -E cmake_link_script CMakeFiles/cmTC_50be8.dir/link.txt --verbose=1
/Users/ceinfo/Library/Android/sdk/ndk-bundle/toolchains/llvm/prebuilt/darwin-x86_64/bin/clang  --target=i686-none-linux-android --gcc-toolchain=/Users/ceinfo/Library/Android/sdk/ndk-bundle/toolchains/x86-4.9/prebuilt/darwin-x86_64 --sysroot=/Users/ceinfo/Library/Android/sdk/ndk-bundle/platforms/android-16/arch-x86 -fPIC -funwind-tables -no-canonical-prefixes -fexceptions  -g   -v CMakeFiles/cmTC_50be8.dir/CMakeCCompilerABI.c.o  -o cmTC_50be8   
Android clang version 5.0.300080  (based on LLVM 5.0.300080)
Target: i686-none-linux-android
Thread model: posix
InstalledDir: /Users/ceinfo/Library/Android/sdk/ndk-bundle/toolchains/llvm/prebuilt/darwin-x86_64/bin
Found candidate GCC installation: /Users/ceinfo/Library/Android/sdk/ndk-bundle/toolchains/x86-4.9/prebuilt/darwin-x86_64/lib/gcc/i686-linux-android/4.9.x
Selected GCC installation: /Users/ceinfo/Library/Android/sdk/ndk-bundle/toolchains/x86-4.9/prebuilt/darwin-x86_64/lib/gcc/i686-linux-android/4.9.x
Candidate multilib: .;@m32
Selected multilib: .;@m32
 "/Users/ceinfo/Library/Android/sdk/ndk-bundle/toolchains/x86-4.9/prebuilt/darwin-x86_64/lib/gcc/i686-linux-android/4.9.x/../../../../i686-linux-android/bin/ld" --sysroot=/Users/ceinfo/Library/Android/sdk/ndk-bundle/platforms/android-16/arch-x86 --eh-frame-hdr -m elf_i386 -dynamic-linker /system/bin/linker -o cmTC_50be8 /Users/ceinfo/Library/Android/sdk/ndk-bundle/platforms/android-16/arch-x86/usr/lib/crtbegin_dynamic.o -L/Users/ceinfo/Library/Android/sdk/ndk-bundle/toolchains/llvm/prebuilt/darwin-x86_64/lib64/clang/5.0.300080/lib/linux/i386 -L/Users/ceinfo/Library/Android/sdk/ndk-bundle/toolchains/x86-4.9/prebuilt/darwin-x86_64/lib/gcc/i686-linux-android/4.9.x -L/Users/ceinfo/Library/Android/sdk/ndk-bundle/toolchains/x86-4.9/prebuilt/darwin-x86_64/lib/gcc/i686-linux-android/4.9.x/../../../../i686-linux-android/lib -L/Users/ceinfo/Library/Android/sdk/ndk-bundle/platforms/android-16/arch-x86/usr/lib CMakeFiles/cmTC_50be8.dir/CMakeCCompilerABI.c.o -lgcc -ldl -lc -lgcc -ldl /Users/ceinfo/Library/Android/sdk/ndk-bundle/platforms/android-16/arch-x86/usr/lib/crtend_android.o


Parsed C implicit link information from above output:
  link line regex: [^( *|.*[/\])(i686-linux-android-ld|([^/\]+-)?ld|collect2)[^/\]*( |$)]
  ignore line: [Change Dir: /Users/ceinfo/LinPhoneAndroidProject/linphone-android/WORK/android-x86/Build/ortp/CMakeFiles/CMakeTmp]
  ignore line: []
  ignore line: [Run Build Command:"/usr/bin/make" "cmTC_50be8/fast"]
  ignore line: [/Applications/Xcode.app/Contents/Developer/usr/bin/make -f CMakeFiles/cmTC_50be8.dir/build.make CMakeFiles/cmTC_50be8.dir/build]
  ignore line: [Building C object CMakeFiles/cmTC_50be8.dir/CMakeCCompilerABI.c.o]
  ignore line: [/Users/ceinfo/Library/Android/sdk/ndk-bundle/toolchains/llvm/prebuilt/darwin-x86_64/bin/clang  --target=i686-none-linux-android --gcc-toolchain=/Users/ceinfo/Library/Android/sdk/ndk-bundle/toolchains/x86-4.9/prebuilt/darwin-x86_64 --sysroot=/Users/ceinfo/Library/Android/sdk/ndk-bundle/platforms/android-16/arch-x86   -fPIC -funwind-tables -no-canonical-prefixes -fexceptions  -g   -o CMakeFiles/cmTC_50be8.dir/CMakeCCompilerABI.c.o   -c /Applications/CMake.app/Contents/share/cmake-3.7/Modules/CMakeCCompilerABI.c]
  ignore line: [Linking C executable cmTC_50be8]
  ignore line: [/Applications/CMake.app/Contents/bin/cmake -E cmake_link_script CMakeFiles/cmTC_50be8.dir/link.txt --verbose=1]
  ignore line: [/Users/ceinfo/Library/Android/sdk/ndk-bundle/toolchains/llvm/prebuilt/darwin-x86_64/bin/clang  --target=i686-none-linux-android --gcc-toolchain=/Users/ceinfo/Library/Android/sdk/ndk-bundle/toolchains/x86-4.9/prebuilt/darwin-x86_64 --sysroot=/Users/ceinfo/Library/Android/sdk/ndk-bundle/platforms/android-16/arch-x86 -fPIC -funwind-tables -no-canonical-prefixes -fexceptions  -g   -v CMakeFiles/cmTC_50be8.dir/CMakeCCompilerABI.c.o  -o cmTC_50be8   ]
  ignore line: [Android clang version 5.0.300080  (based on LLVM 5.0.300080)]
  ignore line: [Target: i686-none-linux-android]
  ignore line: [Thread model: posix]
  ignore line: [InstalledDir: /Users/ceinfo/Library/Android/sdk/ndk-bundle/toolchains/llvm/prebuilt/darwin-x86_64/bin]
  ignore line: [Found candidate GCC installation: /Users/ceinfo/Library/Android/sdk/ndk-bundle/toolchains/x86-4.9/prebuilt/darwin-x86_64/lib/gcc/i686-linux-android/4.9.x]
  ignore line: [Selected GCC installation: /Users/ceinfo/Library/Android/sdk/ndk-bundle/toolchains/x86-4.9/prebuilt/darwin-x86_64/lib/gcc/i686-linux-android/4.9.x]
  ignore line: [Candidate multilib: .]
  ignore line: [@m32]
  ignore line: [Selected multilib: .]
  ignore line: [@m32]
  link line: [ "/Users/ceinfo/Library/Android/sdk/ndk-bundle/toolchains/x86-4.9/prebuilt/darwin-x86_64/lib/gcc/i686-linux-android/4.9.x/../../../../i686-linux-android/bin/ld" --sysroot=/Users/ceinfo/Library/Android/sdk/ndk-bundle/platforms/android-16/arch-x86 --eh-frame-hdr -m elf_i386 -dynamic-linker /system/bin/linker -o cmTC_50be8 /Users/ceinfo/Library/Android/sdk/ndk-bundle/platforms/android-16/arch-x86/usr/lib/crtbegin_dynamic.o -L/Users/ceinfo/Library/Android/sdk/ndk-bundle/toolchains/llvm/prebuilt/darwin-x86_64/lib64/clang/5.0.300080/lib/linux/i386 -L/Users/ceinfo/Library/Android/sdk/ndk-bundle/toolchains/x86-4.9/prebuilt/darwin-x86_64/lib/gcc/i686-linux-android/4.9.x -L/Users/ceinfo/Library/Android/sdk/ndk-bundle/toolchains/x86-4.9/prebuilt/darwin-x86_64/lib/gcc/i686-linux-android/4.9.x/../../../../i686-linux-android/lib -L/Users/ceinfo/Library/Android/sdk/ndk-bundle/platforms/android-16/arch-x86/usr/lib CMakeFiles/cmTC_50be8.dir/CMakeCCompilerABI.c.o -lgcc -ldl -lc -lgcc -ldl /Users/ceinfo/Library/Android/sdk/ndk-bundle/platforms/android-16/arch-x86/usr/lib/crtend_android.o]
    arg [/Users/ceinfo/Library/Android/sdk/ndk-bundle/toolchains/x86-4.9/prebuilt/darwin-x86_64/lib/gcc/i686-linux-android/4.9.x/../../../../i686-linux-android/bin/ld] ==> ignore
    arg [--sysroot=/Users/ceinfo/Library/Android/sdk/ndk-bundle/platforms/android-16/arch-x86] ==> ignore
    arg [--eh-frame-hdr] ==> ignore
    arg [-m] ==> ignore
    arg [elf_i386] ==> ignore
    arg [-dynamic-linker] ==> ignore
    arg [/system/bin/linker] ==> ignore
    arg [-o] ==> ignore
    arg [cmTC_50be8] ==> ignore
    arg [/Users/ceinfo/Library/Android/sdk/ndk-bundle/platforms/android-16/arch-x86/usr/lib/crtbegin_dynamic.o] ==> ignore
    arg [-L/Users/ceinfo/Library/Android/sdk/ndk-bundle/toolchains/llvm/prebuilt/darwin-x86_64/lib64/clang/5.0.300080/lib/linux/i386] ==> dir [/Users/ceinfo/Library/Android/sdk/ndk-bundle/toolchains/llvm/prebuilt/darwin-x86_64/lib64/clang/5.0.300080/lib/linux/i386]
    arg [-L/Users/ceinfo/Library/Android/sdk/ndk-bundle/toolchains/x86-4.9/prebuilt/darwin-x86_64/lib/gcc/i686-linux-android/4.9.x] ==> dir [/Users/ceinfo/Library/Android/sdk/ndk-bundle/toolchains/x86-4.9/prebuilt/darwin-x86_64/lib/gcc/i686-linux-android/4.9.x]
    arg [-L/Users/ceinfo/Library/Android/sdk/ndk-bundle/toolchains/x86-4.9/prebuilt/darwin-x86_64/lib/gcc/i686-linux-android/4.9.x/../../../../i686-linux-android/lib] ==> dir [/Users/ceinfo/Library/Android/sdk/ndk-bundle/toolchains/x86-4.9/prebuilt/darwin-x86_64/lib/gcc/i686-linux-android/4.9.x/../../../../i686-linux-android/lib]
    arg [-L/Users/ceinfo/Library/Android/sdk/ndk-bundle/platforms/android-16/arch-x86/usr/lib] ==> dir [/Users/ceinfo/Library/Android/sdk/ndk-bundle/platforms/android-16/arch-x86/usr/lib]
    arg [CMakeFiles/cmTC_50be8.dir/CMakeCCompilerABI.c.o] ==> ignore
    arg [-lgcc] ==> lib [gcc]
    arg [-ldl] ==> lib [dl]
    arg [-lc] ==> lib [c]
    arg [-lgcc] ==> lib [gcc]
    arg [-ldl] ==> lib [dl]
    arg [/Users/ceinfo/Library/Android/sdk/ndk-bundle/platforms/android-16/arch-x86/usr/lib/crtend_android.o] ==> ignore
  remove lib [gcc]
  remove lib [gcc]
  collapse library dir [/Users/ceinfo/Library/Android/sdk/ndk-bundle/toolchains/llvm/prebuilt/darwin-x86_64/lib64/clang/5.0.300080/lib/linux/i386] ==> [/Users/ceinfo/Library/Android/sdk/ndk-bundle/toolchains/llvm/prebuilt/darwin-x86_64/lib64/clang/5.0.300080/lib/linux/i386]
  collapse library dir [/Users/ceinfo/Library/Android/sdk/ndk-bundle/toolchains/x86-4.9/prebuilt/darwin-x86_64/lib/gcc/i686-linux-android/4.9.x] ==> [/Users/ceinfo/Library/Android/sdk/ndk-bundle/toolchains/x86-4.9/prebuilt/darwin-x86_64/lib/gcc/i686-linux-android/4.9.x]
  collapse library dir [/Users/ceinfo/Library/Android/sdk/ndk-bundle/toolchains/x86-4.9/prebuilt/darwin-x86_64/lib/gcc/i686-linux-android/4.9.x/../../../../i686-linux-android/lib] ==> [/Users/ceinfo/Library/Android/sdk/ndk-bundle/toolchains/x86-4.9/prebuilt/darwin-x86_64/i686-linux-android/lib]
  collapse library dir [/Users/ceinfo/Library/Android/sdk/ndk-bundle/platforms/android-16/arch-x86/usr/lib] ==> [/Users/ceinfo/Library/Android/sdk/ndk-bundle/platforms/android-16/arch-x86/usr/lib]
  implicit libs: [dl;c;dl]
  implicit dirs: [/Users/ceinfo/Library/Android/sdk/ndk-bundle/toolchains/llvm/prebuilt/darwin-x86_64/lib64/clang/5.0.300080/lib/linux/i386;/Users/ceinfo/Library/Android/sdk/ndk-bundle/toolchains/x86-4.9/prebuilt/darwin-x86_64/lib/gcc/i686-linux-android/4.9.x;/Users/ceinfo/Library/Android/sdk/ndk-bundle/toolchains/x86-4.9/prebuilt/darwin-x86_64/i686-linux-android/lib;/Users/ceinfo/Library/Android/sdk/ndk-bundle/platforms/android-16/arch-x86/usr/lib]
  implicit fwks: []




Detecting C [-std=c11] compiler features compiled with the following output:
Change Dir: /Users/ceinfo/LinPhoneAndroidProject/linphone-android/WORK/android-x86/Build/ortp/CMakeFiles/CMakeTmp

Run Build Command:"/usr/bin/make" "cmTC_983a4/fast"
/Applications/Xcode.app/Contents/Developer/usr/bin/make -f CMakeFiles/cmTC_983a4.dir/build.make CMakeFiles/cmTC_983a4.dir/build
Building C object CMakeFiles/cmTC_983a4.dir/feature_tests.c.o
/Users/ceinfo/Library/Android/sdk/ndk-bundle/toolchains/llvm/prebuilt/darwin-x86_64/bin/clang  --target=i686-none-linux-android --gcc-toolchain=/Users/ceinfo/Library/Android/sdk/ndk-bundle/toolchains/x86-4.9/prebuilt/darwin-x86_64 --sysroot=/Users/ceinfo/Library/Android/sdk/ndk-bundle/platforms/android-16/arch-x86   -fPIC -funwind-tables -no-canonical-prefixes -fexceptions  -g   -std=c11 -o CMakeFiles/cmTC_983a4.dir/feature_tests.c.o   -c /Users/ceinfo/LinPhoneAndroidProject/linphone-android/WORK/android-x86/Build/ortp/CMakeFiles/feature_tests.c
Linking C executable cmTC_983a4
/Applications/CMake.app/Contents/bin/cmake -E cmake_link_script CMakeFiles/cmTC_983a4.dir/link.txt --verbose=1
/Users/ceinfo/Library/Android/sdk/ndk-bundle/toolchains/llvm/prebuilt/darwin-x86_64/bin/clang  --target=i686-none-linux-android --gcc-toolchain=/Users/ceinfo/Library/Android/sdk/ndk-bundle/toolchains/x86-4.9/prebuilt/darwin-x86_64 --sysroot=/Users/ceinfo/Library/Android/sdk/ndk-bundle/platforms/android-16/arch-x86 -fPIC -funwind-tables -no-canonical-prefixes -fexceptions  -g    CMakeFiles/cmTC_983a4.dir/feature_tests.c.o  -o cmTC_983a4  


    Feature record: C_FEATURE:1c_function_prototypes
    Feature record: C_FEATURE:1c_restrict
    Feature record: C_FEATURE:1c_static_assert
    Feature record: C_FEATURE:1c_variadic_macros


Detecting C [-std=c99] compiler features compiled with the following output:
Change Dir: /Users/ceinfo/LinPhoneAndroidProject/linphone-android/WORK/android-x86/Build/ortp/CMakeFiles/CMakeTmp

Run Build Command:"/usr/bin/make" "cmTC_be7f5/fast"
/Applications/Xcode.app/Contents/Developer/usr/bin/make -f CMakeFiles/cmTC_be7f5.dir/build.make CMakeFiles/cmTC_be7f5.dir/build
Building C object CMakeFiles/cmTC_be7f5.dir/feature_tests.c.o
/Users/ceinfo/Library/Android/sdk/ndk-bundle/toolchains/llvm/prebuilt/darwin-x86_64/bin/clang  --target=i686-none-linux-android --gcc-toolchain=/Users/ceinfo/Library/Android/sdk/ndk-bundle/toolchains/x86-4.9/prebuilt/darwin-x86_64 --sysroot=/Users/ceinfo/Library/Android/sdk/ndk-bundle/platforms/android-16/arch-x86   -fPIC -funwind-tables -no-canonical-prefixes -fexceptions  -g   -std=c99 -o CMakeFiles/cmTC_be7f5.dir/feature_tests.c.o   -c /Users/ceinfo/LinPhoneAndroidProject/linphone-android/WORK/android-x86/Build/ortp/CMakeFiles/feature_tests.c
Linking C executable cmTC_be7f5
/Applications/CMake.app/Contents/bin/cmake -E cmake_link_script CMakeFiles/cmTC_be7f5.dir/link.txt --verbose=1
/Users/ceinfo/Library/Android/sdk/ndk-bundle/toolchains/llvm/prebuilt/darwin-x86_64/bin/clang  --target=i686-none-linux-android --gcc-toolchain=/Users/ceinfo/Library/Android/sdk/ndk-bundle/toolchains/x86-4.9/prebuilt/darwin-x86_64 --sysroot=/Users/ceinfo/Library/Android/sdk/ndk-bundle/platforms/android-16/arch-x86 -fPIC -funwind-tables -no-canonical-prefixes -fexceptions  -g    CMakeFiles/cmTC_be7f5.dir/feature_tests.c.o  -o cmTC_be7f5  


    Feature record: C_FEATURE:1c_function_prototypes
    Feature record: C_FEATURE:1c_restrict
    Feature record: C_FEATURE:0c_static_assert
    Feature record: C_FEATURE:1c_variadic_macros


Detecting C [-std=c90] compiler features compiled with the following output:
Change Dir: /Users/ceinfo/LinPhoneAndroidProject/linphone-android/WORK/android-x86/Build/ortp/CMakeFiles/CMakeTmp

Run Build Command:"/usr/bin/make" "cmTC_46b7b/fast"
/Applications/Xcode.app/Contents/Developer/usr/bin/make -f CMakeFiles/cmTC_46b7b.dir/build.make CMakeFiles/cmTC_46b7b.dir/build
Building C object CMakeFiles/cmTC_46b7b.dir/feature_tests.c.o
/Users/ceinfo/Library/Android/sdk/ndk-bundle/toolchains/llvm/prebuilt/darwin-x86_64/bin/clang  --target=i686-none-linux-android --gcc-toolchain=/Users/ceinfo/Library/Android/sdk/ndk-bundle/toolchains/x86-4.9/prebuilt/darwin-x86_64 --sysroot=/Users/ceinfo/Library/Android/sdk/ndk-bundle/platforms/android-16/arch-x86   -fPIC -funwind-tables -no-canonical-prefixes -fexceptions  -g   -std=c90 -o CMakeFiles/cmTC_46b7b.dir/feature_tests.c.o   -c /Users/ceinfo/LinPhoneAndroidProject/linphone-android/WORK/android-x86/Build/ortp/CMakeFiles/feature_tests.c
Linking C executable cmTC_46b7b
/Applications/CMake.app/Contents/bin/cmake -E cmake_link_script CMakeFiles/cmTC_46b7b.dir/link.txt --verbose=1
/Users/ceinfo/Library/Android/sdk/ndk-bundle/toolchains/llvm/prebuilt/darwin-x86_64/bin/clang  --target=i686-none-linux-android --gcc-toolchain=/Users/ceinfo/Library/Android/sdk/ndk-bundle/toolchains/x86-4.9/prebuilt/darwin-x86_64 --sysroot=/Users/ceinfo/Library/Android/sdk/ndk-bundle/platforms/android-16/arch-x86 -fPIC -funwind-tables -no-canonical-prefixes -fexceptions  -g    CMakeFiles/cmTC_46b7b.dir/feature_tests.c.o  -o cmTC_46b7b  


    Feature record: C_FEATURE:1c_function_prototypes
    Feature record: C_FEATURE:0c_restrict
    Feature record: C_FEATURE:0c_static_assert
    Feature record: C_FEATURE:0c_variadic_macros
Determining if the CXX compiler works passed with the following output:
Change Dir: /Users/ceinfo/LinPhoneAndroidProject/linphone-android/WORK/android-x86/Build/ortp/CMakeFiles/CMakeTmp

Run Build Command:"/usr/bin/make" "cmTC_569fb/fast"
/Applications/Xcode.app/Contents/Developer/usr/bin/make -f CMakeFiles/cmTC_569fb.dir/build.make CMakeFiles/cmTC_569fb.dir/build
Building CXX object CMakeFiles/cmTC_569fb.dir/testCXXCompiler.cxx.o
/Users/ceinfo/Library/Android/sdk/ndk-bundle/toolchains/llvm/prebuilt/darwin-x86_64/bin/clang++  --target=i686-none-linux-android --gcc-toolchain=/Users/ceinfo/Library/Android/sdk/ndk-bundle/toolchains/x86-4.9/prebuilt/darwin-x86_64 --sysroot=/Users/ceinfo/Library/Android/sdk/ndk-bundle/platforms/android-16/arch-x86   -isystem /Users/ceinfo/Library/Android/sdk/ndk-bundle/sources/cxx-stl/gnu-libstdc++/4.9/include -isystem /Users/ceinfo/Library/Android/sdk/ndk-bundle/sources/cxx-stl/gnu-libstdc++/4.9/libs/x86/include -isystem /Users/ceinfo/Library/Android/sdk/ndk-bundle/sources/cxx-stl/gnu-libstdc++/4.9/include/backward  -fPIC -funwind-tables -no-canonical-prefixes -fexceptions -frtti  -g   -o CMakeFiles/cmTC_569fb.dir/testCXXCompiler.cxx.o -c /Users/ceinfo/LinPhoneAndroidProject/linphone-android/WORK/android-x86/Build/ortp/CMakeFiles/CMakeTmp/testCXXCompiler.cxx
Linking CXX executable cmTC_569fb
/Applications/CMake.app/Contents/bin/cmake -E cmake_link_script CMakeFiles/cmTC_569fb.dir/link.txt --verbose=1
/Users/ceinfo/Library/Android/sdk/ndk-bundle/toolchains/llvm/prebuilt/darwin-x86_64/bin/clang++  --target=i686-none-linux-android --gcc-toolchain=/Users/ceinfo/Library/Android/sdk/ndk-bundle/toolchains/x86-4.9/prebuilt/darwin-x86_64 --sysroot=/Users/ceinfo/Library/Android/sdk/ndk-bundle/platforms/android-16/arch-x86  -fPIC -funwind-tables -no-canonical-prefixes -fexceptions -frtti  -g    CMakeFiles/cmTC_569fb.dir/testCXXCompiler.cxx.o  -o cmTC_569fb   "/Users/ceinfo/Library/Android/sdk/ndk-bundle/sources/cxx-stl/gnu-libstdc++/4.9/libs/x86/libgnustl_shared.so" 


Detecting CXX compiler ABI info compiled with the following output:
Change Dir: /Users/ceinfo/LinPhoneAndroidProject/linphone-android/WORK/android-x86/Build/ortp/CMakeFiles/CMakeTmp

Run Build Command:"/usr/bin/make" "cmTC_12c5c/fast"
/Applications/Xcode.app/Contents/Developer/usr/bin/make -f CMakeFiles/cmTC_12c5c.dir/build.make CMakeFiles/cmTC_12c5c.dir/build
Building CXX object CMakeFiles/cmTC_12c5c.dir/CMakeCXXCompilerABI.cpp.o
/Users/ceinfo/Library/Android/sdk/ndk-bundle/toolchains/llvm/prebuilt/darwin-x86_64/bin/clang++  --target=i686-none-linux-android --gcc-toolchain=/Users/ceinfo/Library/Android/sdk/ndk-bundle/toolchains/x86-4.9/prebuilt/darwin-x86_64 --sysroot=/Users/ceinfo/Library/Android/sdk/ndk-bundle/platforms/android-16/arch-x86   -isystem /Users/ceinfo/Library/Android/sdk/ndk-bundle/sources/cxx-stl/gnu-libstdc++/4.9/include -isystem /Users/ceinfo/Library/Android/sdk/ndk-bundle/sources/cxx-stl/gnu-libstdc++/4.9/libs/x86/include -isystem /Users/ceinfo/Library/Android/sdk/ndk-bundle/sources/cxx-stl/gnu-libstdc++/4.9/include/backward  -fPIC -funwind-tables -no-canonical-prefixes -fexceptions -frtti  -g   -o CMakeFiles/cmTC_12c5c.dir/CMakeCXXCompilerABI.cpp.o -c /Applications/CMake.app/Contents/share/cmake-3.7/Modules/CMakeCXXCompilerABI.cpp
Linking CXX executable cmTC_12c5c
/Applications/CMake.app/Contents/bin/cmake -E cmake_link_script CMakeFiles/cmTC_12c5c.dir/link.txt --verbose=1
/Users/ceinfo/Library/Android/sdk/ndk-bundle/toolchains/llvm/prebuilt/darwin-x86_64/bin/clang++  --target=i686-none-linux-android --gcc-toolchain=/Users/ceinfo/Library/Android/sdk/ndk-bundle/toolchains/x86-4.9/prebuilt/darwin-x86_64 --sysroot=/Users/ceinfo/Library/Android/sdk/ndk-bundle/platforms/android-16/arch-x86  -fPIC -funwind-tables -no-canonical-prefixes -fexceptions -frtti  -g   -v CMakeFiles/cmTC_12c5c.dir/CMakeCXXCompilerABI.cpp.o  -o cmTC_12c5c   "/Users/ceinfo/Library/Android/sdk/ndk-bundle/sources/cxx-stl/gnu-libstdc++/4.9/libs/x86/libgnustl_shared.so" 
Android clang version 5.0.300080  (based on LLVM 5.0.300080)
Target: i686-none-linux-android
Thread model: posix
InstalledDir: /Users/ceinfo/Library/Android/sdk/ndk-bundle/toolchains/llvm/prebuilt/darwin-x86_64/bin
Found candidate GCC installation: /Users/ceinfo/Library/Android/sdk/ndk-bundle/toolchains/x86-4.9/prebuilt/darwin-x86_64/lib/gcc/i686-linux-android/4.9.x
Selected GCC installation: /Users/ceinfo/Library/Android/sdk/ndk-bundle/toolchains/x86-4.9/prebuilt/darwin-x86_64/lib/gcc/i686-linux-android/4.9.x
Candidate multilib: .;@m32
Selected multilib: .;@m32
 "/Users/ceinfo/Library/Android/sdk/ndk-bundle/toolchains/x86-4.9/prebuilt/darwin-x86_64/lib/gcc/i686-linux-android/4.9.x/../../../../i686-linux-android/bin/ld" --sysroot=/Users/ceinfo/Library/Android/sdk/ndk-bundle/platforms/android-16/arch-x86 --eh-frame-hdr -m elf_i386 -dynamic-linker /system/bin/linker -o cmTC_12c5c /Users/ceinfo/Library/Android/sdk/ndk-bundle/platforms/android-16/arch-x86/usr/lib/crtbegin_dynamic.o -L/Users/ceinfo/Library/Android/sdk/ndk-bundle/toolchains/llvm/prebuilt/darwin-x86_64/lib64/clang/5.0.300080/lib/linux/i386 -L/Users/ceinfo/Library/Android/sdk/ndk-bundle/toolchains/x86-4.9/prebuilt/darwin-x86_64/lib/gcc/i686-linux-android/4.9.x -L/Users/ceinfo/Library/Android/sdk/ndk-bundle/toolchains/x86-4.9/prebuilt/darwin-x86_64/lib/gcc/i686-linux-android/4.9.x/../../../../i686-linux-android/lib -L/Users/ceinfo/Library/Android/sdk/ndk-bundle/platforms/android-16/arch-x86/usr/lib CMakeFiles/cmTC_12c5c.dir/CMakeCXXCompilerABI.cpp.o /Users/ceinfo/Library/Android/sdk/ndk-bundle/sources/cxx-stl/gnu-libstdc++/4.9/libs/x86/libgnustl_shared.so -lstdc++ -lm -lgcc -lgcc -ldl -lc -lgcc -lgcc -ldl /Users/ceinfo/Library/Android/sdk/ndk-bundle/platforms/android-16/arch-x86/usr/lib/crtend_android.o


Parsed CXX implicit link information from above output:
  link line regex: [^( *|.*[/\])(i686-linux-android-ld|([^/\]+-)?ld|collect2)[^/\]*( |$)]
  ignore line: [Change Dir: /Users/ceinfo/LinPhoneAndroidProject/linphone-android/WORK/android-x86/Build/ortp/CMakeFiles/CMakeTmp]
  ignore line: []
  ignore line: [Run Build Command:"/usr/bin/make" "cmTC_12c5c/fast"]
  ignore line: [/Applications/Xcode.app/Contents/Developer/usr/bin/make -f CMakeFiles/cmTC_12c5c.dir/build.make CMakeFiles/cmTC_12c5c.dir/build]
  ignore line: [Building CXX object CMakeFiles/cmTC_12c5c.dir/CMakeCXXCompilerABI.cpp.o]
  ignore line: [/Users/ceinfo/Library/Android/sdk/ndk-bundle/toolchains/llvm/prebuilt/darwin-x86_64/bin/clang++  --target=i686-none-linux-android --gcc-toolchain=/Users/ceinfo/Library/Android/sdk/ndk-bundle/toolchains/x86-4.9/prebuilt/darwin-x86_64 --sysroot=/Users/ceinfo/Library/Android/sdk/ndk-bundle/platforms/android-16/arch-x86   -isystem /Users/ceinfo/Library/Android/sdk/ndk-bundle/sources/cxx-stl/gnu-libstdc++/4.9/include -isystem /Users/ceinfo/Library/Android/sdk/ndk-bundle/sources/cxx-stl/gnu-libstdc++/4.9/libs/x86/include -isystem /Users/ceinfo/Library/Android/sdk/ndk-bundle/sources/cxx-stl/gnu-libstdc++/4.9/include/backward  -fPIC -funwind-tables -no-canonical-prefixes -fexceptions -frtti  -g   -o CMakeFiles/cmTC_12c5c.dir/CMakeCXXCompilerABI.cpp.o -c /Applications/CMake.app/Contents/share/cmake-3.7/Modules/CMakeCXXCompilerABI.cpp]
  ignore line: [Linking CXX executable cmTC_12c5c]
  ignore line: [/Applications/CMake.app/Contents/bin/cmake -E cmake_link_script CMakeFiles/cmTC_12c5c.dir/link.txt --verbose=1]
  ignore line: [/Users/ceinfo/Library/Android/sdk/ndk-bundle/toolchains/llvm/prebuilt/darwin-x86_64/bin/clang++  --target=i686-none-linux-android --gcc-toolchain=/Users/ceinfo/Library/Android/sdk/ndk-bundle/toolchains/x86-4.9/prebuilt/darwin-x86_64 --sysroot=/Users/ceinfo/Library/Android/sdk/ndk-bundle/platforms/android-16/arch-x86  -fPIC -funwind-tables -no-canonical-prefixes -fexceptions -frtti  -g   -v CMakeFiles/cmTC_12c5c.dir/CMakeCXXCompilerABI.cpp.o  -o cmTC_12c5c   "/Users/ceinfo/Library/Android/sdk/ndk-bundle/sources/cxx-stl/gnu-libstdc++/4.9/libs/x86/libgnustl_shared.so" ]
  ignore line: [Android clang version 5.0.300080  (based on LLVM 5.0.300080)]
  ignore line: [Target: i686-none-linux-android]
  ignore line: [Thread model: posix]
  ignore line: [InstalledDir: /Users/ceinfo/Library/Android/sdk/ndk-bundle/toolchains/llvm/prebuilt/darwin-x86_64/bin]
  ignore line: [Found candidate GCC installation: /Users/ceinfo/Library/Android/sdk/ndk-bundle/toolchains/x86-4.9/prebuilt/darwin-x86_64/lib/gcc/i686-linux-android/4.9.x]
  ignore line: [Selected GCC installation: /Users/ceinfo/Library/Android/sdk/ndk-bundle/toolchains/x86-4.9/prebuilt/darwin-x86_64/lib/gcc/i686-linux-android/4.9.x]
  ignore line: [Candidate multilib: .]
  ignore line: [@m32]
  ignore line: [Selected multilib: .]
  ignore line: [@m32]
  link line: [ "/Users/ceinfo/Library/Android/sdk/ndk-bundle/toolchains/x86-4.9/prebuilt/darwin-x86_64/lib/gcc/i686-linux-android/4.9.x/../../../../i686-linux-android/bin/ld" --sysroot=/Users/ceinfo/Library/Android/sdk/ndk-bundle/platforms/android-16/arch-x86 --eh-frame-hdr -m elf_i386 -dynamic-linker /system/bin/linker -o cmTC_12c5c /Users/ceinfo/Library/Android/sdk/ndk-bundle/platforms/android-16/arch-x86/usr/lib/crtbegin_dynamic.o -L/Users/ceinfo/Library/Android/sdk/ndk-bundle/toolchains/llvm/prebuilt/darwin-x86_64/lib64/clang/5.0.300080/lib/linux/i386 -L/Users/ceinfo/Library/Android/sdk/ndk-bundle/toolchains/x86-4.9/prebuilt/darwin-x86_64/lib/gcc/i686-linux-android/4.9.x -L/Users/ceinfo/Library/Android/sdk/ndk-bundle/toolchains/x86-4.9/prebuilt/darwin-x86_64/lib/gcc/i686-linux-android/4.9.x/../../../../i686-linux-android/lib -L/Users/ceinfo/Library/Android/sdk/ndk-bundle/platforms/android-16/arch-x86/usr/lib CMakeFiles/cmTC_12c5c.dir/CMakeCXXCompilerABI.cpp.o /Users/ceinfo/Library/Android/sdk/ndk-bundle/sources/cxx-stl/gnu-libstdc++/4.9/libs/x86/libgnustl_shared.so -lstdc++ -lm -lgcc -lgcc -ldl -lc -lgcc -lgcc -ldl /Users/ceinfo/Library/Android/sdk/ndk-bundle/platforms/android-16/arch-x86/usr/lib/crtend_android.o]
    arg [/Users/ceinfo/Library/Android/sdk/ndk-bundle/toolchains/x86-4.9/prebuilt/darwin-x86_64/lib/gcc/i686-linux-android/4.9.x/../../../../i686-linux-android/bin/ld] ==> ignore
    arg [--sysroot=/Users/ceinfo/Library/Android/sdk/ndk-bundle/platforms/android-16/arch-x86] ==> ignore
    arg [--eh-frame-hdr] ==> ignore
    arg [-m] ==> ignore
    arg [elf_i386] ==> ignore
    arg [-dynamic-linker] ==> ignore
    arg [/system/bin/linker] ==> ignore
    arg [-o] ==> ignore
    arg [cmTC_12c5c] ==> ignore
    arg [/Users/ceinfo/Library/Android/sdk/ndk-bundle/platforms/android-16/arch-x86/usr/lib/crtbegin_dynamic.o] ==> ignore
    arg [-L/Users/ceinfo/Library/Android/sdk/ndk-bundle/toolchains/llvm/prebuilt/darwin-x86_64/lib64/clang/5.0.300080/lib/linux/i386] ==> dir [/Users/ceinfo/Library/Android/sdk/ndk-bundle/toolchains/llvm/prebuilt/darwin-x86_64/lib64/clang/5.0.300080/lib/linux/i386]
    arg [-L/Users/ceinfo/Library/Android/sdk/ndk-bundle/toolchains/x86-4.9/prebuilt/darwin-x86_64/lib/gcc/i686-linux-android/4.9.x] ==> dir [/Users/ceinfo/Library/Android/sdk/ndk-bundle/toolchains/x86-4.9/prebuilt/darwin-x86_64/lib/gcc/i686-linux-android/4.9.x]
    arg [-L/Users/ceinfo/Library/Android/sdk/ndk-bundle/toolchains/x86-4.9/prebuilt/darwin-x86_64/lib/gcc/i686-linux-android/4.9.x/../../../../i686-linux-android/lib] ==> dir [/Users/ceinfo/Library/Android/sdk/ndk-bundle/toolchains/x86-4.9/prebuilt/darwin-x86_64/lib/gcc/i686-linux-android/4.9.x/../../../../i686-linux-android/lib]
    arg [-L/Users/ceinfo/Library/Android/sdk/ndk-bundle/platforms/android-16/arch-x86/usr/lib] ==> dir [/Users/ceinfo/Library/Android/sdk/ndk-bundle/platforms/android-16/arch-x86/usr/lib]
    arg [CMakeFiles/cmTC_12c5c.dir/CMakeCXXCompilerABI.cpp.o] ==> ignore
    arg [/Users/ceinfo/Library/Android/sdk/ndk-bundle/sources/cxx-stl/gnu-libstdc++/4.9/libs/x86/libgnustl_shared.so] ==> ignore
    arg [-lstdc++] ==> lib [stdc++]
    arg [-lm] ==> lib [m]
    arg [-lgcc] ==> lib [gcc]
    arg [-lgcc] ==> lib [gcc]
    arg [-ldl] ==> lib [dl]
    arg [-lc] ==> lib [c]
    arg [-lgcc] ==> lib [gcc]
    arg [-lgcc] ==> lib [gcc]
    arg [-ldl] ==> lib [dl]
    arg [/Users/ceinfo/Library/Android/sdk/ndk-bundle/platforms/android-16/arch-x86/usr/lib/crtend_android.o] ==> ignore
  remove lib [gcc]
  remove lib [gcc]
  remove lib [gcc]
  remove lib [gcc]
  collapse library dir [/Users/ceinfo/Library/Android/sdk/ndk-bundle/toolchains/llvm/prebuilt/darwin-x86_64/lib64/clang/5.0.300080/lib/linux/i386] ==> [/Users/ceinfo/Library/Android/sdk/ndk-bundle/toolchains/llvm/prebuilt/darwin-x86_64/lib64/clang/5.0.300080/lib/linux/i386]
  collapse library dir [/Users/ceinfo/Library/Android/sdk/ndk-bundle/toolchains/x86-4.9/prebuilt/darwin-x86_64/lib/gcc/i686-linux-android/4.9.x] ==> [/Users/ceinfo/Library/Android/sdk/ndk-bundle/toolchains/x86-4.9/prebuilt/darwin-x86_64/lib/gcc/i686-linux-android/4.9.x]
  collapse library dir [/Users/ceinfo/Library/Android/sdk/ndk-bundle/toolchains/x86-4.9/prebuilt/darwin-x86_64/lib/gcc/i686-linux-android/4.9.x/../../../../i686-linux-android/lib] ==> [/Users/ceinfo/Library/Android/sdk/ndk-bundle/toolchains/x86-4.9/prebuilt/darwin-x86_64/i686-linux-android/lib]
  collapse library dir [/Users/ceinfo/Library/Android/sdk/ndk-bundle/platforms/android-16/arch-x86/usr/lib] ==> [/Users/ceinfo/Library/Android/sdk/ndk-bundle/platforms/android-16/arch-x86/usr/lib]
  implicit libs: [stdc++;m;dl;c;dl]
  implicit dirs: [/Users/ceinfo/Library/Android/sdk/ndk-bundle/toolchains/llvm/prebuilt/darwin-x86_64/lib64/clang/5.0.300080/lib/linux/i386;/Users/ceinfo/Library/Android/sdk/ndk-bundle/toolchains/x86-4.9/prebuilt/darwin-x86_64/lib/gcc/i686-linux-android/4.9.x;/Users/ceinfo/Library/Android/sdk/ndk-bundle/toolchains/x86-4.9/prebuilt/darwin-x86_64/i686-linux-android/lib;/Users/ceinfo/Library/Android/sdk/ndk-bundle/platforms/android-16/arch-x86/usr/lib]
  implicit fwks: []




Detecting CXX [-std=c++14] compiler features compiled with the following output:
Change Dir: /Users/ceinfo/LinPhoneAndroidProject/linphone-android/WORK/android-x86/Build/ortp/CMakeFiles/CMakeTmp

Run Build Command:"/usr/bin/make" "cmTC_50f5b/fast"
/Applications/Xcode.app/Contents/Developer/usr/bin/make -f CMakeFiles/cmTC_50f5b.dir/build.make CMakeFiles/cmTC_50f5b.dir/build
Building CXX object CMakeFiles/cmTC_50f5b.dir/feature_tests.cxx.o
/Users/ceinfo/Library/Android/sdk/ndk-bundle/toolchains/llvm/prebuilt/darwin-x86_64/bin/clang++  --target=i686-none-linux-android --gcc-toolchain=/Users/ceinfo/Library/Android/sdk/ndk-bundle/toolchains/x86-4.9/prebuilt/darwin-x86_64 --sysroot=/Users/ceinfo/Library/Android/sdk/ndk-bundle/platforms/android-16/arch-x86   -isystem /Users/ceinfo/Library/Android/sdk/ndk-bundle/sources/cxx-stl/gnu-libstdc++/4.9/include -isystem /Users/ceinfo/Library/Android/sdk/ndk-bundle/sources/cxx-stl/gnu-libstdc++/4.9/libs/x86/include -isystem /Users/ceinfo/Library/Android/sdk/ndk-bundle/sources/cxx-stl/gnu-libstdc++/4.9/include/backward  -fPIC -funwind-tables -no-canonical-prefixes -fexceptions -frtti  -g   -std=c++14 -o CMakeFiles/cmTC_50f5b.dir/feature_tests.cxx.o -c /Users/ceinfo/LinPhoneAndroidProject/linphone-android/WORK/android-x86/Build/ortp/CMakeFiles/feature_tests.cxx
Linking CXX executable cmTC_50f5b
/Applications/CMake.app/Contents/bin/cmake -E cmake_link_script CMakeFiles/cmTC_50f5b.dir/link.txt --verbose=1
/Users/ceinfo/Library/Android/sdk/ndk-bundle/toolchains/llvm/prebuilt/darwin-x86_64/bin/clang++  --target=i686-none-linux-android --gcc-toolchain=/Users/ceinfo/Library/Android/sdk/ndk-bundle/toolchains/x86-4.9/prebuilt/darwin-x86_64 --sysroot=/Users/ceinfo/Library/Android/sdk/ndk-bundle/platforms/android-16/arch-x86  -fPIC -funwind-tables -no-canonical-prefixes -fexceptions -frtti  -g    CMakeFiles/cmTC_50f5b.dir/feature_tests.cxx.o  -o cmTC_50f5b   "/Users/ceinfo/Library/Android/sdk/ndk-bundle/sources/cxx-stl/gnu-libstdc++/4.9/libs/x86/libgnustl_shared.so" 


    Feature record: CXX_FEATURE:1cxx_aggregate_default_initializers
    Feature record: CXX_FEATURE:1cxx_alias_templates
    Feature record: CXX_FEATURE:1cxx_alignas
    Feature record: CXX_FEATURE:1cxx_alignof
    Feature record: CXX_FEATURE:1cxx_attributes
    Feature record: CXX_FEATURE:1cxx_attribute_deprecated
    Feature record: CXX_FEATURE:1cxx_auto_type
    Feature record: CXX_FEATURE:1cxx_binary_literals
    Feature record: CXX_FEATURE:1cxx_constexpr
    Feature record: CXX_FEATURE:1cxx_contextual_conversions
    Feature record: CXX_FEATURE:1cxx_decltype
    Feature record: CXX_FEATURE:1cxx_decltype_auto
    Feature record: CXX_FEATURE:1cxx_decltype_incomplete_return_types
    Feature record: CXX_FEATURE:1cxx_default_function_template_args
    Feature record: CXX_FEATURE:1cxx_defaulted_functions
    Feature record: CXX_FEATURE:1cxx_defaulted_move_initializers
    Feature record: CXX_FEATURE:1cxx_delegating_constructors
    Feature record: CXX_FEATURE:1cxx_deleted_functions
    Feature record: CXX_FEATURE:1cxx_digit_separators
    Feature record: CXX_FEATURE:1cxx_enum_forward_declarations
    Feature record: CXX_FEATURE:1cxx_explicit_conversions
    Feature record: CXX_FEATURE:1cxx_extended_friend_declarations
    Feature record: CXX_FEATURE:1cxx_extern_templates
    Feature record: CXX_FEATURE:1cxx_final
    Feature record: CXX_FEATURE:1cxx_func_identifier
    Feature record: CXX_FEATURE:1cxx_generalized_initializers
    Feature record: CXX_FEATURE:1cxx_generic_lambdas
    Feature record: CXX_FEATURE:1cxx_inheriting_constructors
    Feature record: CXX_FEATURE:1cxx_inline_namespaces
    Feature record: CXX_FEATURE:1cxx_lambdas
    Feature record: CXX_FEATURE:1cxx_lambda_init_captures
    Feature record: CXX_FEATURE:1cxx_local_type_template_args
    Feature record: CXX_FEATURE:1cxx_long_long_type
    Feature record: CXX_FEATURE:1cxx_noexcept
    Feature record: CXX_FEATURE:1cxx_nonstatic_member_init
    Feature record: CXX_FEATURE:1cxx_nullptr
    Feature record: CXX_FEATURE:1cxx_override
    Feature record: CXX_FEATURE:1cxx_range_for
    Feature record: CXX_FEATURE:1cxx_raw_string_literals
    Feature record: CXX_FEATURE:1cxx_reference_qualified_functions
    Feature record: CXX_FEATURE:1cxx_relaxed_constexpr
    Feature record: CXX_FEATURE:1cxx_return_type_deduction
    Feature record: CXX_FEATURE:1cxx_right_angle_brackets
    Feature record: CXX_FEATURE:1cxx_rvalue_references
    Feature record: CXX_FEATURE:1cxx_sizeof_member
    Feature record: CXX_FEATURE:1cxx_static_assert
    Feature record: CXX_FEATURE:1cxx_strong_enums
    Feature record: CXX_FEATURE:1cxx_template_template_parameters
    Feature record: CXX_FEATURE:1cxx_thread_local
    Feature record: CXX_FEATURE:1cxx_trailing_return_types
    Feature record: CXX_FEATURE:1cxx_unicode_literals
    Feature record: CXX_FEATURE:1cxx_uniform_initialization
    Feature record: CXX_FEATURE:1cxx_unrestricted_unions
    Feature record: CXX_FEATURE:1cxx_user_literals
    Feature record: CXX_FEATURE:1cxx_variable_templates
    Feature record: CXX_FEATURE:1cxx_variadic_macros
    Feature record: CXX_FEATURE:1cxx_variadic_templates


Detecting CXX [-std=c++11] compiler features compiled with the following output:
Change Dir: /Users/ceinfo/LinPhoneAndroidProject/linphone-android/WORK/android-x86/Build/ortp/CMakeFiles/CMakeTmp

Run Build Command:"/usr/bin/make" "cmTC_e1971/fast"
/Applications/Xcode.app/Contents/Developer/usr/bin/make -f CMakeFiles/cmTC_e1971.dir/build.make CMakeFiles/cmTC_e1971.dir/build
Building CXX object CMakeFiles/cmTC_e1971.dir/feature_tests.cxx.o
/Users/ceinfo/Library/Android/sdk/ndk-bundle/toolchains/llvm/prebuilt/darwin-x86_64/bin/clang++  --target=i686-none-linux-android --gcc-toolchain=/Users/ceinfo/Library/Android/sdk/ndk-bundle/toolchains/x86-4.9/prebuilt/darwin-x86_64 --sysroot=/Users/ceinfo/Library/Android/sdk/ndk-bundle/platforms/android-16/arch-x86   -isystem /Users/ceinfo/Library/Android/sdk/ndk-bundle/sources/cxx-stl/gnu-libstdc++/4.9/include -isystem /Users/ceinfo/Library/Android/sdk/ndk-bundle/sources/cxx-stl/gnu-libstdc++/4.9/libs/x86/include -isystem /Users/ceinfo/Library/Android/sdk/ndk-bundle/sources/cxx-stl/gnu-libstdc++/4.9/include/backward  -fPIC -funwind-tables -no-canonical-prefixes -fexceptions -frtti  -g   -std=c++11 -o CMakeFiles/cmTC_e1971.dir/feature_tests.cxx.o -c /Users/ceinfo/LinPhoneAndroidProject/linphone-android/WORK/android-x86/Build/ortp/CMakeFiles/feature_tests.cxx
Linking CXX executable cmTC_e1971
/Applications/CMake.app/Contents/bin/cmake -E cmake_link_script CMakeFiles/cmTC_e1971.dir/link.txt --verbose=1
/Users/ceinfo/Library/Android/sdk/ndk-bundle/toolchains/llvm/prebuilt/darwin-x86_64/bin/clang++  --target=i686-none-linux-android --gcc-toolchain=/Users/ceinfo/Library/Android/sdk/ndk-bundle/toolchains/x86-4.9/prebuilt/darwin-x86_64 --sysroot=/Users/ceinfo/Library/Android/sdk/ndk-bundle/platforms/android-16/arch-x86  -fPIC -funwind-tables -no-canonical-prefixes -fexceptions -frtti  -g    CMakeFiles/cmTC_e1971.dir/feature_tests.cxx.o  -o cmTC_e1971   "/Users/ceinfo/Library/Android/sdk/ndk-bundle/sources/cxx-stl/gnu-libstdc++/4.9/libs/x86/libgnustl_shared.so" 


    Feature record: CXX_FEATURE:0cxx_aggregate_default_initializers
    Feature record: CXX_FEATURE:1cxx_alias_templates
    Feature record: CXX_FEATURE:1cxx_alignas
    Feature record: CXX_FEATURE:1cxx_alignof
    Feature record: CXX_FEATURE:1cxx_attributes
    Feature record: CXX_FEATURE:0cxx_attribute_deprecated
    Feature record: CXX_FEATURE:1cxx_auto_type
    Feature record: CXX_FEATURE:0cxx_binary_literals
    Feature record: CXX_FEATURE:1cxx_constexpr
    Feature record: CXX_FEATURE:0cxx_contextual_conversions
    Feature record: CXX_FEATURE:1cxx_decltype
    Feature record: CXX_FEATURE:0cxx_decltype_auto
    Feature record: CXX_FEATURE:1cxx_decltype_incomplete_return_types
    Feature record: CXX_FEATURE:1cxx_default_function_template_args
    Feature record: CXX_FEATURE:1cxx_defaulted_functions
    Feature record: CXX_FEATURE:1cxx_defaulted_move_initializers
    Feature record: CXX_FEATURE:1cxx_delegating_constructors
    Feature record: CXX_FEATURE:1cxx_deleted_functions
    Feature record: CXX_FEATURE:0cxx_digit_separators
    Feature record: CXX_FEATURE:1cxx_enum_forward_declarations
    Feature record: CXX_FEATURE:1cxx_explicit_conversions
    Feature record: CXX_FEATURE:1cxx_extended_friend_declarations
    Feature record: CXX_FEATURE:1cxx_extern_templates
    Feature record: CXX_FEATURE:1cxx_final
    Feature record: CXX_FEATURE:1cxx_func_identifier
    Feature record: CXX_FEATURE:1cxx_generalized_initializers
    Feature record: CXX_FEATURE:0cxx_generic_lambdas
    Feature record: CXX_FEATURE:1cxx_inheriting_constructors
    Feature record: CXX_FEATURE:1cxx_inline_namespaces
    Feature record: CXX_FEATURE:1cxx_lambdas
    Feature record: CXX_FEATURE:0cxx_lambda_init_captures
    Feature record: CXX_FEATURE:1cxx_local_type_template_args
    Feature record: CXX_FEATURE:1cxx_long_long_type
    Feature record: CXX_FEATURE:1cxx_noexcept
    Feature record: CXX_FEATURE:1cxx_nonstatic_member_init
    Feature record: CXX_FEATURE:1cxx_nullptr
    Feature record: CXX_FEATURE:1cxx_override
    Feature record: CXX_FEATURE:1cxx_range_for
    Feature record: CXX_FEATURE:1cxx_raw_string_literals
    Feature record: CXX_FEATURE:1cxx_reference_qualified_functions
    Feature record: CXX_FEATURE:0cxx_relaxed_constexpr
    Feature record: CXX_FEATURE:0cxx_return_type_deduction
    Feature record: CXX_FEATURE:1cxx_right_angle_brackets
    Feature record: CXX_FEATURE:1cxx_rvalue_references
    Feature record: CXX_FEATURE:1cxx_sizeof_member
    Feature record: CXX_FEATURE:1cxx_static_assert
    Feature record: CXX_FEATURE:1cxx_strong_enums
    Feature record: CXX_FEATURE:1cxx_template_template_parameters
    Feature record: CXX_FEATURE:1cxx_thread_local
    Feature record: CXX_FEATURE:1cxx_trailing_return_types
    Feature record: CXX_FEATURE:1cxx_unicode_literals
    Feature record: CXX_FEATURE:1cxx_uniform_initialization
    Feature record: CXX_FEATURE:1cxx_unrestricted_unions
    Feature record: CXX_FEATURE:1cxx_user_literals
    Feature record: CXX_FEATURE:0cxx_variable_templates
    Feature record: CXX_FEATURE:1cxx_variadic_macros
    Feature record: CXX_FEATURE:1cxx_variadic_templates


Detecting CXX [-std=c++98] compiler features compiled with the following output:
Change Dir: /Users/ceinfo/LinPhoneAndroidProject/linphone-android/WORK/android-x86/Build/ortp/CMakeFiles/CMakeTmp

Run Build Command:"/usr/bin/make" "cmTC_6badb/fast"
/Applications/Xcode.app/Contents/Developer/usr/bin/make -f CMakeFiles/cmTC_6badb.dir/build.make CMakeFiles/cmTC_6badb.dir/build
Building CXX object CMakeFiles/cmTC_6badb.dir/feature_tests.cxx.o
/Users/ceinfo/Library/Android/sdk/ndk-bundle/toolchains/llvm/prebuilt/darwin-x86_64/bin/clang++  --target=i686-none-linux-android --gcc-toolchain=/Users/ceinfo/Library/Android/sdk/ndk-bundle/toolchains/x86-4.9/prebuilt/darwin-x86_64 --sysroot=/Users/ceinfo/Library/Android/sdk/ndk-bundle/platforms/android-16/arch-x86   -isystem /Users/ceinfo/Library/Android/sdk/ndk-bundle/sources/cxx-stl/gnu-libstdc++/4.9/include -isystem /Users/ceinfo/Library/Android/sdk/ndk-bundle/sources/cxx-stl/gnu-libstdc++/4.9/libs/x86/include -isystem /Users/ceinfo/Library/Android/sdk/ndk-bundle/sources/cxx-stl/gnu-libstdc++/4.9/include/backward  -fPIC -funwind-tables -no-canonical-prefixes -fexceptions -frtti  -g   -std=c++98 -o CMakeFiles/cmTC_6badb.dir/feature_tests.cxx.o -c /Users/ceinfo/LinPhoneAndroidProject/linphone-android/WORK/android-x86/Build/ortp/CMakeFiles/feature_tests.cxx
Linking CXX executable cmTC_6badb
/Applications/CMake.app/Contents/bin/cmake -E cmake_link_script CMakeFiles/cmTC_6badb.dir/link.txt --verbose=1
/Users/ceinfo/Library/Android/sdk/ndk-bundle/toolchains/llvm/prebuilt/darwin-x86_64/bin/clang++  --target=i686-none-linux-android --gcc-toolchain=/Users/ceinfo/Library/Android/sdk/ndk-bundle/toolchains/x86-4.9/prebuilt/darwin-x86_64 --sysroot=/Users/ceinfo/Library/Android/sdk/ndk-bundle/platforms/android-16/arch-x86  -fPIC -funwind-tables -no-canonical-prefixes -fexceptions -frtti  -g    CMakeFiles/cmTC_6badb.dir/feature_tests.cxx.o  -o cmTC_6badb   "/Users/ceinfo/Library/Android/sdk/ndk-bundle/sources/cxx-stl/gnu-libstdc++/4.9/libs/x86/libgnustl_shared.so" 


    Feature record: CXX_FEATURE:0cxx_aggregate_default_initializers
    Feature record: CXX_FEATURE:0cxx_alias_templates
    Feature record: CXX_FEATURE:0cxx_alignas
    Feature record: CXX_FEATURE:0cxx_alignof
    Feature record: CXX_FEATURE:0cxx_attributes
    Feature record: CXX_FEATURE:0cxx_attribute_deprecated
    Feature record: CXX_FEATURE:0cxx_auto_type
    Feature record: CXX_FEATURE:0cxx_binary_literals
    Feature record: CXX_FEATURE:0cxx_constexpr
    Feature record: CXX_FEATURE:0cxx_contextual_conversions
    Feature record: CXX_FEATURE:0cxx_decltype
    Feature record: CXX_FEATURE:0cxx_decltype_auto
    Feature record: CXX_FEATURE:0cxx_decltype_incomplete_return_types
    Feature record: CXX_FEATURE:0cxx_default_function_template_args
    Feature record: CXX_FEATURE:0cxx_defaulted_functions
    Feature record: CXX_FEATURE:0cxx_defaulted_move_initializers
    Feature record: CXX_FEATURE:0cxx_delegating_constructors
    Feature record: CXX_FEATURE:0cxx_deleted_functions
    Feature record: CXX_FEATURE:0cxx_digit_separators
    Feature record: CXX_FEATURE:0cxx_enum_forward_declarations
    Feature record: CXX_FEATURE:0cxx_explicit_conversions
    Feature record: CXX_FEATURE:0cxx_extended_friend_declarations
    Feature record: CXX_FEATURE:0cxx_extern_templates
    Feature record: CXX_FEATURE:0cxx_final
    Feature record: CXX_FEATURE:0cxx_func_identifier
    Feature record: CXX_FEATURE:0cxx_generalized_initializers
    Feature record: CXX_FEATURE:0cxx_generic_lambdas
    Feature record: CXX_FEATURE:0cxx_inheriting_constructors
    Feature record: CXX_FEATURE:0cxx_inline_namespaces
    Feature record: CXX_FEATURE:0cxx_lambdas
    Feature record: CXX_FEATURE:0cxx_lambda_init_captures
    Feature record: CXX_FEATURE:0cxx_local_type_template_args
    Feature record: CXX_FEATURE:0cxx_long_long_type
    Feature record: CXX_FEATURE:0cxx_noexcept
    Feature record: CXX_FEATURE:0cxx_nonstatic_member_init
    Feature record: CXX_FEATURE:0cxx_nullptr
    Feature record: CXX_FEATURE:0cxx_override
    Feature record: CXX_FEATURE:0cxx_range_for
    Feature record: CXX_FEATURE:0cxx_raw_string_literals
    Feature record: CXX_FEATURE:0cxx_reference_qualified_functions
    Feature record: CXX_FEATURE:0cxx_relaxed_constexpr
    Feature record: CXX_FEATURE:0cxx_return_type_deduction
    Feature record: CXX_FEATURE:0cxx_right_angle_brackets
    Feature record: CXX_FEATURE:0cxx_rvalue_references
    Feature record: CXX_FEATURE:0cxx_sizeof_member
    Feature record: CXX_FEATURE:0cxx_static_assert
    Feature record: CXX_FEATURE:0cxx_strong_enums
    Feature record: CXX_FEATURE:1cxx_template_template_parameters
    Feature record: CXX_FEATURE:0cxx_thread_local
    Feature record: CXX_FEATURE:0cxx_trailing_return_types
    Feature record: CXX_FEATURE:0cxx_unicode_literals
    Feature record: CXX_FEATURE:0cxx_uniform_initialization
    Feature record: CXX_FEATURE:0cxx_unrestricted_unions
    Feature record: CXX_FEATURE:0cxx_user_literals
    Feature record: CXX_FEATURE:0cxx_variable_templates
    Feature record: CXX_FEATURE:0cxx_variadic_macros
    Feature record: CXX_FEATURE:0cxx_variadic_templates
Determining if the include file pthread.h exists passed with the following output:
Change Dir: /Users/ceinfo/LinPhoneAndroidProject/linphone-android/WORK/android-x86/Build/ortp/CMakeFiles/CMakeTmp

Run Build Command:"/usr/bin/make" "cmTC_cb03b/fast"
/Applications/Xcode.app/Contents/Developer/usr/bin/make -f CMakeFiles/cmTC_cb03b.dir/build.make CMakeFiles/cmTC_cb03b.dir/build
Building C object CMakeFiles/cmTC_cb03b.dir/CheckIncludeFile.c.o
/Users/ceinfo/Library/Android/sdk/ndk-bundle/toolchains/llvm/prebuilt/darwin-x86_64/bin/clang  --target=i686-none-linux-android --gcc-toolchain=/Users/ceinfo/Library/Android/sdk/ndk-bundle/toolchains/x86-4.9/prebuilt/darwin-x86_64 --sysroot=/Users/ceinfo/Library/Android/sdk/ndk-bundle/platforms/android-16/arch-x86   -fPIC -funwind-tables -no-canonical-prefixes -fexceptions  -g   -o CMakeFiles/cmTC_cb03b.dir/CheckIncludeFile.c.o   -c /Users/ceinfo/LinPhoneAndroidProject/linphone-android/WORK/android-x86/Build/ortp/CMakeFiles/CMakeTmp/CheckIncludeFile.c
Linking C executable cmTC_cb03b
/Applications/CMake.app/Contents/bin/cmake -E cmake_link_script CMakeFiles/cmTC_cb03b.dir/link.txt --verbose=1
/Users/ceinfo/Library/Android/sdk/ndk-bundle/toolchains/llvm/prebuilt/darwin-x86_64/bin/clang  --target=i686-none-linux-android --gcc-toolchain=/Users/ceinfo/Library/Android/sdk/ndk-bundle/toolchains/x86-4.9/prebuilt/darwin-x86_64 --sysroot=/Users/ceinfo/Library/Android/sdk/ndk-bundle/platforms/android-16/arch-x86 -fPIC -funwind-tables -no-canonical-prefixes -fexceptions  -g    CMakeFiles/cmTC_cb03b.dir/CheckIncludeFile.c.o  -o cmTC_cb03b  


Determining if the pthread_create exist passed with the following output:
Change Dir: /Users/ceinfo/LinPhoneAndroidProject/linphone-android/WORK/android-x86/Build/ortp/CMakeFiles/CMakeTmp

Run Build Command:"/usr/bin/make" "cmTC_38e7e/fast"
/Applications/Xcode.app/Contents/Developer/usr/bin/make -f CMakeFiles/cmTC_38e7e.dir/build.make CMakeFiles/cmTC_38e7e.dir/build
Building C object CMakeFiles/cmTC_38e7e.dir/CheckSymbolExists.c.o
/Users/ceinfo/Library/Android/sdk/ndk-bundle/toolchains/llvm/prebuilt/darwin-x86_64/bin/clang  --target=i686-none-linux-android --gcc-toolchain=/Users/ceinfo/Library/Android/sdk/ndk-bundle/toolchains/x86-4.9/prebuilt/darwin-x86_64 --sysroot=/Users/ceinfo/Library/Android/sdk/ndk-bundle/platforms/android-16/arch-x86   -fPIC -funwind-tables -no-canonical-prefixes -fexceptions  -g   -o CMakeFiles/cmTC_38e7e.dir/CheckSymbolExists.c.o   -c /Users/ceinfo/LinPhoneAndroidProject/linphone-android/WORK/android-x86/Build/ortp/CMakeFiles/CMakeTmp/CheckSymbolExists.c
Linking C executable cmTC_38e7e
/Applications/CMake.app/Contents/bin/cmake -E cmake_link_script CMakeFiles/cmTC_38e7e.dir/link.txt --verbose=1
/Users/ceinfo/Library/Android/sdk/ndk-bundle/toolchains/llvm/prebuilt/darwin-x86_64/bin/clang  --target=i686-none-linux-android --gcc-toolchain=/Users/ceinfo/Library/Android/sdk/ndk-bundle/toolchains/x86-4.9/prebuilt/darwin-x86_64 --sysroot=/Users/ceinfo/Library/Android/sdk/ndk-bundle/platforms/android-16/arch-x86 -fPIC -funwind-tables -no-canonical-prefixes -fexceptions  -g    CMakeFiles/cmTC_38e7e.dir/CheckSymbolExists.c.o  -o cmTC_38e7e  

File /Users/ceinfo/LinPhoneAndroidProject/linphone-android/WORK/android-x86/Build/ortp/CMakeFiles/CMakeTmp/CheckSymbolExists.c:
/* */
#include <pthread.h>

int main(int argc, char** argv)
{
  (void)argv;
#ifndef pthread_create
  return ((int*)(&pthread_create))[argc];
#else
  (void)argc;
  return 0;
#endif
}

Determining if the include file sys/uio.h exists passed with the following output:
Change Dir: /Users/ceinfo/LinPhoneAndroidProject/linphone-android/WORK/android-x86/Build/ortp/CMakeFiles/CMakeTmp

Run Build Command:"/usr/bin/make" "cmTC_5807c/fast"
/Applications/Xcode.app/Contents/Developer/usr/bin/make -f CMakeFiles/cmTC_5807c.dir/build.make CMakeFiles/cmTC_5807c.dir/build
Building C object CMakeFiles/cmTC_5807c.dir/CheckIncludeFile.c.o
/Users/ceinfo/Library/Android/sdk/ndk-bundle/toolchains/llvm/prebuilt/darwin-x86_64/bin/clang  --target=i686-none-linux-android --gcc-toolchain=/Users/ceinfo/Library/Android/sdk/ndk-bundle/toolchains/x86-4.9/prebuilt/darwin-x86_64 --sysroot=/Users/ceinfo/Library/Android/sdk/ndk-bundle/platforms/android-16/arch-x86   -fPIC -funwind-tables -no-canonical-prefixes -fexceptions  -g   -o CMakeFiles/cmTC_5807c.dir/CheckIncludeFile.c.o   -c /Users/ceinfo/LinPhoneAndroidProject/linphone-android/WORK/android-x86/Build/ortp/CMakeFiles/CMakeTmp/CheckIncludeFile.c
Linking C executable cmTC_5807c
/Applications/CMake.app/Contents/bin/cmake -E cmake_link_script CMakeFiles/cmTC_5807c.dir/link.txt --verbose=1
/Users/ceinfo/Library/Android/sdk/ndk-bundle/toolchains/llvm/prebuilt/darwin-x86_64/bin/clang  --target=i686-none-linux-android --gcc-toolchain=/Users/ceinfo/Library/Android/sdk/ndk-bundle/toolchains/x86-4.9/prebuilt/darwin-x86_64 --sysroot=/Users/ceinfo/Library/Android/sdk/ndk-bundle/platforms/android-16/arch-x86 -fPIC -funwind-tables -no-canonical-prefixes -fexceptions  -g    CMakeFiles/cmTC_5807c.dir/CheckIncludeFile.c.o  -o cmTC_5807c  


Determining if the function arc4random exists passed with the following output:
Change Dir: /Users/ceinfo/LinPhoneAndroidProject/linphone-android/WORK/android-x86/Build/ortp/CMakeFiles/CMakeTmp

Run Build Command:"/usr/bin/make" "cmTC_96528/fast"
/Applications/Xcode.app/Contents/Developer/usr/bin/make -f CMakeFiles/cmTC_96528.dir/build.make CMakeFiles/cmTC_96528.dir/build
Building C object CMakeFiles/cmTC_96528.dir/CheckFunctionExists.c.o
/Users/ceinfo/Library/Android/sdk/ndk-bundle/toolchains/llvm/prebuilt/darwin-x86_64/bin/clang  --target=i686-none-linux-android --gcc-toolchain=/Users/ceinfo/Library/Android/sdk/ndk-bundle/toolchains/x86-4.9/prebuilt/darwin-x86_64 --sysroot=/Users/ceinfo/Library/Android/sdk/ndk-bundle/platforms/android-16/arch-x86   -fPIC -funwind-tables -no-canonical-prefixes -fexceptions -DCHECK_FUNCTION_EXISTS=arc4random -g   -o CMakeFiles/cmTC_96528.dir/CheckFunctionExists.c.o   -c /Applications/CMake.app/Contents/share/cmake-3.7/Modules/CheckFunctionExists.c
Linking C executable cmTC_96528
/Applications/CMake.app/Contents/bin/cmake -E cmake_link_script CMakeFiles/cmTC_96528.dir/link.txt --verbose=1
/Users/ceinfo/Library/Android/sdk/ndk-bundle/toolchains/llvm/prebuilt/darwin-x86_64/bin/clang  --target=i686-none-linux-android --gcc-toolchain=/Users/ceinfo/Library/Android/sdk/ndk-bundle/toolchains/x86-4.9/prebuilt/darwin-x86_64 --sysroot=/Users/ceinfo/Library/Android/sdk/ndk-bundle/platforms/android-16/arch-x86 -fPIC -funwind-tables -no-canonical-prefixes -fexceptions -DCHECK_FUNCTION_EXISTS=arc4random -g    CMakeFiles/cmTC_96528.dir/CheckFunctionExists.c.o  -o cmTC_96528  


Determining if the include file sys/types.h exists passed with the following output:
Change Dir: /Users/ceinfo/LinPhoneAndroidProject/linphone-android/WORK/android-x86/Build/ortp/CMakeFiles/CMakeTmp

Run Build Command:"/usr/bin/make" "cmTC_02c3b/fast"
/Applications/Xcode.app/Contents/Developer/usr/bin/make -f CMakeFiles/cmTC_02c3b.dir/build.make CMakeFiles/cmTC_02c3b.dir/build
Building C object CMakeFiles/cmTC_02c3b.dir/CheckIncludeFile.c.o
/Users/ceinfo/Library/Android/sdk/ndk-bundle/toolchains/llvm/prebuilt/darwin-x86_64/bin/clang  --target=i686-none-linux-android --gcc-toolchain=/Users/ceinfo/Library/Android/sdk/ndk-bundle/toolchains/x86-4.9/prebuilt/darwin-x86_64 --sysroot=/Users/ceinfo/Library/Android/sdk/ndk-bundle/platforms/android-16/arch-x86   -fPIC -funwind-tables -no-canonical-prefixes -fexceptions  -g   -o CMakeFiles/cmTC_02c3b.dir/CheckIncludeFile.c.o   -c /Users/ceinfo/LinPhoneAndroidProject/linphone-android/WORK/android-x86/Build/ortp/CMakeFiles/CMakeTmp/CheckIncludeFile.c
Linking C executable cmTC_02c3b
/Applications/CMake.app/Contents/bin/cmake -E cmake_link_script CMakeFiles/cmTC_02c3b.dir/link.txt --verbose=1
/Users/ceinfo/Library/Android/sdk/ndk-bundle/toolchains/llvm/prebuilt/darwin-x86_64/bin/clang  --target=i686-none-linux-android --gcc-toolchain=/Users/ceinfo/Library/Android/sdk/ndk-bundle/toolchains/x86-4.9/prebuilt/darwin-x86_64 --sysroot=/Users/ceinfo/Library/Android/sdk/ndk-bundle/platforms/android-16/arch-x86 -fPIC -funwind-tables -no-canonical-prefixes -fexceptions  -g    CMakeFiles/cmTC_02c3b.dir/CheckIncludeFile.c.o  -o cmTC_02c3b  


Determining if the include file stdint.h exists passed with the following output:
Change Dir: /Users/ceinfo/LinPhoneAndroidProject/linphone-android/WORK/android-x86/Build/ortp/CMakeFiles/CMakeTmp

Run Build Command:"/usr/bin/make" "cmTC_f0623/fast"
/Applications/Xcode.app/Contents/Developer/usr/bin/make -f CMakeFiles/cmTC_f0623.dir/build.make CMakeFiles/cmTC_f0623.dir/build
Building C object CMakeFiles/cmTC_f0623.dir/CheckIncludeFile.c.o
/Users/ceinfo/Library/Android/sdk/ndk-bundle/toolchains/llvm/prebuilt/darwin-x86_64/bin/clang  --target=i686-none-linux-android --gcc-toolchain=/Users/ceinfo/Library/Android/sdk/ndk-bundle/toolchains/x86-4.9/prebuilt/darwin-x86_64 --sysroot=/Users/ceinfo/Library/Android/sdk/ndk-bundle/platforms/android-16/arch-x86   -fPIC -funwind-tables -no-canonical-prefixes -fexceptions  -g   -o CMakeFiles/cmTC_f0623.dir/CheckIncludeFile.c.o   -c /Users/ceinfo/LinPhoneAndroidProject/linphone-android/WORK/android-x86/Build/ortp/CMakeFiles/CMakeTmp/CheckIncludeFile.c
Linking C executable cmTC_f0623
/Applications/CMake.app/Contents/bin/cmake -E cmake_link_script CMakeFiles/cmTC_f0623.dir/link.txt --verbose=1
/Users/ceinfo/Library/Android/sdk/ndk-bundle/toolchains/llvm/prebuilt/darwin-x86_64/bin/clang  --target=i686-none-linux-android --gcc-toolchain=/Users/ceinfo/Library/Android/sdk/ndk-bundle/toolchains/x86-4.9/prebuilt/darwin-x86_64 --sysroot=/Users/ceinfo/Library/Android/sdk/ndk-bundle/platforms/android-16/arch-x86 -fPIC -funwind-tables -no-canonical-prefixes -fexceptions  -g    CMakeFiles/cmTC_f0623.dir/CheckIncludeFile.c.o  -o cmTC_f0623  


Determining if the include file stddef.h exists passed with the following output:
Change Dir: /Users/ceinfo/LinPhoneAndroidProject/linphone-android/WORK/android-x86/Build/ortp/CMakeFiles/CMakeTmp

Run Build Command:"/usr/bin/make" "cmTC_2c407/fast"
/Applications/Xcode.app/Contents/Developer/usr/bin/make -f CMakeFiles/cmTC_2c407.dir/build.make CMakeFiles/cmTC_2c407.dir/build
Building C object CMakeFiles/cmTC_2c407.dir/CheckIncludeFile.c.o
/Users/ceinfo/Library/Android/sdk/ndk-bundle/toolchains/llvm/prebuilt/darwin-x86_64/bin/clang  --target=i686-none-linux-android --gcc-toolchain=/Users/ceinfo/Library/Android/sdk/ndk-bundle/toolchains/x86-4.9/prebuilt/darwin-x86_64 --sysroot=/Users/ceinfo/Library/Android/sdk/ndk-bundle/platforms/android-16/arch-x86   -fPIC -funwind-tables -no-canonical-prefixes -fexceptions  -g   -o CMakeFiles/cmTC_2c407.dir/CheckIncludeFile.c.o   -c /Users/ceinfo/LinPhoneAndroidProject/linphone-android/WORK/android-x86/Build/ortp/CMakeFiles/CMakeTmp/CheckIncludeFile.c
Linking C executable cmTC_2c407
/Applications/CMake.app/Contents/bin/cmake -E cmake_link_script CMakeFiles/cmTC_2c407.dir/link.txt --verbose=1
/Users/ceinfo/Library/Android/sdk/ndk-bundle/toolchains/llvm/prebuilt/darwin-x86_64/bin/clang  --target=i686-none-linux-android --gcc-toolchain=/Users/ceinfo/Library/Android/sdk/ndk-bundle/toolchains/x86-4.9/prebuilt/darwin-x86_64 --sysroot=/Users/ceinfo/Library/Android/sdk/ndk-bundle/platforms/android-16/arch-x86 -fPIC -funwind-tables -no-canonical-prefixes -fexceptions  -g    CMakeFiles/cmTC_2c407.dir/CheckIncludeFile.c.o  -o cmTC_2c407  


Determining size of unsigned short passed with the following output:
Change Dir: /Users/ceinfo/LinPhoneAndroidProject/linphone-android/WORK/android-x86/Build/ortp/CMakeFiles/CMakeTmp

Run Build Command:"/usr/bin/make" "cmTC_65c8c/fast"
/Applications/Xcode.app/Contents/Developer/usr/bin/make -f CMakeFiles/cmTC_65c8c.dir/build.make CMakeFiles/cmTC_65c8c.dir/build
Building C object CMakeFiles/cmTC_65c8c.dir/CMAKE_SIZEOF_UNSIGNED_SHORT.c.o
/Users/ceinfo/Library/Android/sdk/ndk-bundle/toolchains/llvm/prebuilt/darwin-x86_64/bin/clang  --target=i686-none-linux-android --gcc-toolchain=/Users/ceinfo/Library/Android/sdk/ndk-bundle/toolchains/x86-4.9/prebuilt/darwin-x86_64 --sysroot=/Users/ceinfo/Library/Android/sdk/ndk-bundle/platforms/android-16/arch-x86   -fPIC -funwind-tables -no-canonical-prefixes -fexceptions  -g   -o CMakeFiles/cmTC_65c8c.dir/CMAKE_SIZEOF_UNSIGNED_SHORT.c.o   -c /Users/ceinfo/LinPhoneAndroidProject/linphone-android/WORK/android-x86/Build/ortp/CMakeFiles/CheckTypeSize/CMAKE_SIZEOF_UNSIGNED_SHORT.c
Linking C executable cmTC_65c8c
/Applications/CMake.app/Contents/bin/cmake -E cmake_link_script CMakeFiles/cmTC_65c8c.dir/link.txt --verbose=1
/Users/ceinfo/Library/Android/sdk/ndk-bundle/toolchains/llvm/prebuilt/darwin-x86_64/bin/clang  --target=i686-none-linux-android --gcc-toolchain=/Users/ceinfo/Library/Android/sdk/ndk-bundle/toolchains/x86-4.9/prebuilt/darwin-x86_64 --sysroot=/Users/ceinfo/Library/Android/sdk/ndk-bundle/platforms/android-16/arch-x86 -fPIC -funwind-tables -no-canonical-prefixes -fexceptions  -g    CMakeFiles/cmTC_65c8c.dir/CMAKE_SIZEOF_UNSIGNED_SHORT.c.o  -o cmTC_65c8c  


Determining if the system is big endian passed with the following output:
Change Dir: /Users/ceinfo/LinPhoneAndroidProject/linphone-android/WORK/android-x86/Build/ortp/CMakeFiles/CMakeTmp

Run Build Command:"/usr/bin/make" "cmTC_7fda3/fast"
/Applications/Xcode.app/Contents/Developer/usr/bin/make -f CMakeFiles/cmTC_7fda3.dir/build.make CMakeFiles/cmTC_7fda3.dir/build
Building C object CMakeFiles/cmTC_7fda3.dir/TestEndianess.c.o
/Users/ceinfo/Library/Android/sdk/ndk-bundle/toolchains/llvm/prebuilt/darwin-x86_64/bin/clang  --target=i686-none-linux-android --gcc-toolchain=/Users/ceinfo/Library/Android/sdk/ndk-bundle/toolchains/x86-4.9/prebuilt/darwin-x86_64 --sysroot=/Users/ceinfo/Library/Android/sdk/ndk-bundle/platforms/android-16/arch-x86   -fPIC -funwind-tables -no-canonical-prefixes -fexceptions  -g   -o CMakeFiles/cmTC_7fda3.dir/TestEndianess.c.o   -c /Users/ceinfo/LinPhoneAndroidProject/linphone-android/WORK/android-x86/Build/ortp/CMakeFiles/CMakeTmp/TestEndianess.c
Linking C executable cmTC_7fda3
/Applications/CMake.app/Contents/bin/cmake -E cmake_link_script CMakeFiles/cmTC_7fda3.dir/link.txt --verbose=1
/Users/ceinfo/Library/Android/sdk/ndk-bundle/toolchains/llvm/prebuilt/darwin-x86_64/bin/clang  --target=i686-none-linux-android --gcc-toolchain=/Users/ceinfo/Library/Android/sdk/ndk-bundle/toolchains/x86-4.9/prebuilt/darwin-x86_64 --sysroot=/Users/ceinfo/Library/Android/sdk/ndk-bundle/platforms/android-16/arch-x86 -fPIC -funwind-tables -no-canonical-prefixes -fexceptions  -g    CMakeFiles/cmTC_7fda3.dir/TestEndianess.c.o  -o cmTC_7fda3  

TestEndianess.c:
/* A 16 bit integer is required. */
typedef unsigned short cmakeint16;

/* On a little endian machine, these 16bit ints will give "THIS IS LITTLE ENDIAN."
   On a big endian machine the characters will be exchanged pairwise. */
const cmakeint16 info_little[] =  {0x4854, 0x5349, 0x4920, 0x2053, 0x494c, 0x5454, 0x454c, 0x4520, 0x444e, 0x4149, 0x2e4e, 0x0000};

/* on a big endian machine, these 16bit ints will give "THIS IS BIG ENDIAN."
   On a little endian machine the characters will be exchanged pairwise. */
const cmakeint16 info_big[] =     {0x5448, 0x4953, 0x2049, 0x5320, 0x4249, 0x4720, 0x454e, 0x4449, 0x414e, 0x2e2e, 0x0000};

#ifdef __CLASSIC_C__
int main(argc, argv) int argc; char *argv[];
#else
int main(int argc, char *argv[])
#endif
{
  int require = 0;
  require += info_little[argc];
  require += info_big[argc];
  (void)argv;
  return require;
}


